2023-12-11 15:00:04,272 INFO [pool-7-thread-1] o.a.n.c.r.WriteAheadFlowFileRepository Initiating checkpoint of FlowFile Repository
2023-12-11 15:00:04,281 INFO [pool-7-thread-1] o.a.n.wali.SequentialAccessWriteAheadLog Checkpointed Write-Ahead Log with 5 Records and 0 Swap Files in 2 milliseconds (Stop-the-world time = 0 milliseconds), max Transaction ID 27983
2023-12-11 15:00:04,282 INFO [pool-7-thread-1] o.a.n.c.r.WriteAheadFlowFileRepository Successfully checkpointed FlowFile Repository with 5 records in 3 milliseconds
2023-12-11 15:00:04,989 INFO [FileSystemRepository Workers Thread-3] o.a.n.c.repository.FileSystemRepository Successfully archived 9 Resource Claims for Container default in 0 millis
2023-12-11 15:00:21,179 INFO [Cleanup Archive for default] o.a.n.c.repository.FileSystemRepository Successfully deleted 0 files (0 bytes) from archive
2023-12-11 15:00:21,180 INFO [Cleanup Archive for default] o.a.n.c.repository.FileSystemRepository Archive cleanup completed for container default; will now allow writing to this container. Bytes used = 75.12 GB, bytes free = 931.73 GB, capacity = 1,006.85 GB
2023-12-11 15:00:24,282 INFO [pool-7-thread-1] o.a.n.c.r.WriteAheadFlowFileRepository Initiating checkpoint of FlowFile Repository
2023-12-11 15:00:24,285 INFO [pool-7-thread-1] o.a.n.wali.SequentialAccessWriteAheadLog Checkpointed Write-Ahead Log with 7 Records and 0 Swap Files in 2 milliseconds (Stop-the-world time = 1 milliseconds), max Transaction ID 27995
2023-12-11 15:00:24,286 INFO [pool-7-thread-1] o.a.n.c.r.WriteAheadFlowFileRepository Successfully checkpointed FlowFile Repository with 7 records in 3 milliseconds
2023-12-11 15:00:24,992 INFO [FileSystemRepository Workers Thread-3] o.a.n.c.repository.FileSystemRepository Successfully archived 3 Resource Claims for Container default in 0 millis
2023-12-11 15:00:44,286 INFO [pool-7-thread-1] o.a.n.c.r.WriteAheadFlowFileRepository Initiating checkpoint of FlowFile Repository
2023-12-11 15:00:44,289 INFO [pool-7-thread-1] o.a.n.wali.SequentialAccessWriteAheadLog Checkpointed Write-Ahead Log with 9 Records and 0 Swap Files in 2 milliseconds (Stop-the-world time = 0 milliseconds), max Transaction ID 28007
2023-12-11 15:00:44,289 INFO [pool-7-thread-1] o.a.n.c.r.WriteAheadFlowFileRepository Successfully checkpointed FlowFile Repository with 9 records in 2 milliseconds
2023-12-11 15:00:44,997 INFO [FileSystemRepository Workers Thread-1] o.a.n.c.repository.FileSystemRepository Successfully archived 2 Resource Claims for Container default in 0 millis
2023-12-11 15:01:04,289 INFO [pool-7-thread-1] o.a.n.c.r.WriteAheadFlowFileRepository Initiating checkpoint of FlowFile Repository
2023-12-11 15:01:04,295 INFO [pool-7-thread-1] o.a.n.wali.SequentialAccessWriteAheadLog Checkpointed Write-Ahead Log with 5 Records and 0 Swap Files in 4 milliseconds (Stop-the-world time = 2 milliseconds), max Transaction ID 28023
2023-12-11 15:01:04,295 INFO [pool-7-thread-1] o.a.n.c.r.WriteAheadFlowFileRepository Successfully checkpointed FlowFile Repository with 5 records in 5 milliseconds
2023-12-11 15:01:05,000 INFO [FileSystemRepository Workers Thread-4] o.a.n.c.repository.FileSystemRepository Successfully archived 9 Resource Claims for Container default in 0 millis
2023-12-11 15:01:15,672 INFO [Write-Ahead Local State Provider Maintenance] org.wali.MinimalLockingWriteAheadLog org.wali.MinimalLockingWriteAheadLog@6a577564 checkpointed with 2 Records and 0 Swap Files in 3 milliseconds (Stop-the-world time = 0 milliseconds, Clear Edit Logs time = 0 millis), max Transaction ID 34
2023-12-11 15:01:21,200 INFO [Cleanup Archive for default] o.a.n.c.repository.FileSystemRepository Successfully deleted 0 files (0 bytes) from archive
2023-12-11 15:01:21,201 INFO [Cleanup Archive for default] o.a.n.c.repository.FileSystemRepository Archive cleanup completed for container default; will now allow writing to this container. Bytes used = 75.13 GB, bytes free = 931.73 GB, capacity = 1,006.85 GB
2023-12-11 15:01:24,296 INFO [pool-7-thread-1] o.a.n.c.r.WriteAheadFlowFileRepository Initiating checkpoint of FlowFile Repository
2023-12-11 15:01:24,300 INFO [pool-7-thread-1] o.a.n.wali.SequentialAccessWriteAheadLog Checkpointed Write-Ahead Log with 7 Records and 0 Swap Files in 4 milliseconds (Stop-the-world time = 2 milliseconds), max Transaction ID 28035
2023-12-11 15:01:24,301 INFO [pool-7-thread-1] o.a.n.c.r.WriteAheadFlowFileRepository Successfully checkpointed FlowFile Repository with 7 records in 4 milliseconds
2023-12-11 15:01:25,003 INFO [FileSystemRepository Workers Thread-4] o.a.n.c.repository.FileSystemRepository Successfully archived 2 Resource Claims for Container default in 0 millis
2023-12-11 15:01:44,302 INFO [pool-7-thread-1] o.a.n.c.r.WriteAheadFlowFileRepository Initiating checkpoint of FlowFile Repository
2023-12-11 15:01:44,306 INFO [pool-7-thread-1] o.a.n.wali.SequentialAccessWriteAheadLog Checkpointed Write-Ahead Log with 9 Records and 0 Swap Files in 3 milliseconds (Stop-the-world time = 1 milliseconds), max Transaction ID 28047
2023-12-11 15:01:44,307 INFO [pool-7-thread-1] o.a.n.c.r.WriteAheadFlowFileRepository Successfully checkpointed FlowFile Repository with 9 records in 3 milliseconds
2023-12-11 15:01:45,007 INFO [FileSystemRepository Workers Thread-3] o.a.n.c.repository.FileSystemRepository Successfully archived 2 Resource Claims for Container default in 0 millis
2023-12-11 15:02:04,307 INFO [pool-7-thread-1] o.a.n.c.r.WriteAheadFlowFileRepository Initiating checkpoint of FlowFile Repository
2023-12-11 15:02:04,312 INFO [pool-7-thread-1] o.a.n.wali.SequentialAccessWriteAheadLog Checkpointed Write-Ahead Log with 6 Records and 0 Swap Files in 4 milliseconds (Stop-the-world time = 2 milliseconds), max Transaction ID 28063
2023-12-11 15:02:04,313 INFO [pool-7-thread-1] o.a.n.c.r.WriteAheadFlowFileRepository Successfully checkpointed FlowFile Repository with 6 records in 4 milliseconds
2023-12-11 15:02:05,011 INFO [FileSystemRepository Workers Thread-1] o.a.n.c.repository.FileSystemRepository Successfully archived 9 Resource Claims for Container default in 0 millis
2023-12-11 15:02:21,222 INFO [Cleanup Archive for default] o.a.n.c.repository.FileSystemRepository Successfully deleted 0 files (0 bytes) from archive
2023-12-11 15:02:21,223 INFO [Cleanup Archive for default] o.a.n.c.repository.FileSystemRepository Archive cleanup completed for container default; will now allow writing to this container. Bytes used = 75.13 GB, bytes free = 931.72 GB, capacity = 1,006.85 GB
2023-12-11 15:02:24,313 INFO [pool-7-thread-1] o.a.n.c.r.WriteAheadFlowFileRepository Initiating checkpoint of FlowFile Repository
2023-12-11 15:02:24,317 INFO [pool-7-thread-1] o.a.n.wali.SequentialAccessWriteAheadLog Checkpointed Write-Ahead Log with 8 Records and 0 Swap Files in 4 milliseconds (Stop-the-world time = 2 milliseconds), max Transaction ID 28075
2023-12-11 15:02:24,318 INFO [pool-7-thread-1] o.a.n.c.r.WriteAheadFlowFileRepository Successfully checkpointed FlowFile Repository with 8 records in 4 milliseconds
2023-12-11 15:02:25,014 INFO [FileSystemRepository Workers Thread-4] o.a.n.c.repository.FileSystemRepository Successfully archived 2 Resource Claims for Container default in 0 millis
2023-12-11 15:02:44,318 INFO [pool-7-thread-1] o.a.n.c.r.WriteAheadFlowFileRepository Initiating checkpoint of FlowFile Repository
2023-12-11 15:02:44,323 INFO [pool-7-thread-1] o.a.n.wali.SequentialAccessWriteAheadLog Checkpointed Write-Ahead Log with 10 Records and 0 Swap Files in 4 milliseconds (Stop-the-world time = 1 milliseconds), max Transaction ID 28087
2023-12-11 15:02:44,323 INFO [pool-7-thread-1] o.a.n.c.r.WriteAheadFlowFileRepository Successfully checkpointed FlowFile Repository with 10 records in 4 milliseconds
2023-12-11 15:02:45,018 INFO [FileSystemRepository Workers Thread-4] o.a.n.c.repository.FileSystemRepository Successfully archived 2 Resource Claims for Container default in 0 millis
2023-12-11 15:03:04,324 INFO [pool-7-thread-1] o.a.n.c.r.WriteAheadFlowFileRepository Initiating checkpoint of FlowFile Repository
2023-12-11 15:03:04,329 INFO [pool-7-thread-1] o.a.n.wali.SequentialAccessWriteAheadLog Checkpointed Write-Ahead Log with 6 Records and 0 Swap Files in 4 milliseconds (Stop-the-world time = 2 milliseconds), max Transaction ID 28103
2023-12-11 15:03:04,329 INFO [pool-7-thread-1] o.a.n.c.r.WriteAheadFlowFileRepository Successfully checkpointed FlowFile Repository with 6 records in 4 milliseconds
2023-12-11 15:03:05,021 INFO [FileSystemRepository Workers Thread-1] o.a.n.c.repository.FileSystemRepository Successfully archived 10 Resource Claims for Container default in 0 millis
2023-12-11 15:03:15,676 INFO [Write-Ahead Local State Provider Maintenance] org.wali.MinimalLockingWriteAheadLog org.wali.MinimalLockingWriteAheadLog@6a577564 checkpointed with 2 Records and 0 Swap Files in 3 milliseconds (Stop-the-world time = 0 milliseconds, Clear Edit Logs time = 0 millis), max Transaction ID 34
2023-12-11 15:03:21,244 INFO [Cleanup Archive for default] o.a.n.c.repository.FileSystemRepository Successfully deleted 0 files (0 bytes) from archive
2023-12-11 15:03:21,245 INFO [Cleanup Archive for default] o.a.n.c.repository.FileSystemRepository Archive cleanup completed for container default; will now allow writing to this container. Bytes used = 75.13 GB, bytes free = 931.72 GB, capacity = 1,006.85 GB
2023-12-11 15:03:24,330 INFO [pool-7-thread-1] o.a.n.c.r.WriteAheadFlowFileRepository Initiating checkpoint of FlowFile Repository
2023-12-11 15:03:24,335 INFO [pool-7-thread-1] o.a.n.wali.SequentialAccessWriteAheadLog Checkpointed Write-Ahead Log with 8 Records and 0 Swap Files in 5 milliseconds (Stop-the-world time = 3 milliseconds), max Transaction ID 28115
2023-12-11 15:03:24,335 INFO [pool-7-thread-1] o.a.n.c.r.WriteAheadFlowFileRepository Successfully checkpointed FlowFile Repository with 8 records in 5 milliseconds
2023-12-11 15:03:25,025 INFO [FileSystemRepository Workers Thread-3] o.a.n.c.repository.FileSystemRepository Successfully archived 2 Resource Claims for Container default in 0 millis
2023-12-11 15:03:44,336 INFO [pool-7-thread-1] o.a.n.c.r.WriteAheadFlowFileRepository Initiating checkpoint of FlowFile Repository
2023-12-11 15:03:44,340 INFO [pool-7-thread-1] o.a.n.wali.SequentialAccessWriteAheadLog Checkpointed Write-Ahead Log with 10 Records and 0 Swap Files in 4 milliseconds (Stop-the-world time = 2 milliseconds), max Transaction ID 28127
2023-12-11 15:03:44,341 INFO [pool-7-thread-1] o.a.n.c.r.WriteAheadFlowFileRepository Successfully checkpointed FlowFile Repository with 10 records in 4 milliseconds
2023-12-11 15:03:45,029 INFO [FileSystemRepository Workers Thread-2] o.a.n.c.repository.FileSystemRepository Successfully archived 2 Resource Claims for Container default in 0 millis
2023-12-11 15:04:04,341 INFO [pool-7-thread-1] o.a.n.c.r.WriteAheadFlowFileRepository Initiating checkpoint of FlowFile Repository
2023-12-11 15:04:04,346 INFO [pool-7-thread-1] o.a.n.wali.SequentialAccessWriteAheadLog Checkpointed Write-Ahead Log with 6 Records and 0 Swap Files in 4 milliseconds (Stop-the-world time = 2 milliseconds), max Transaction ID 28143
2023-12-11 15:04:04,346 INFO [pool-7-thread-1] o.a.n.c.r.WriteAheadFlowFileRepository Successfully checkpointed FlowFile Repository with 6 records in 4 milliseconds
2023-12-11 15:04:05,033 INFO [FileSystemRepository Workers Thread-3] o.a.n.c.repository.FileSystemRepository Successfully archived 10 Resource Claims for Container default in 1 millis
2023-12-11 15:04:21,268 INFO [Cleanup Archive for default] o.a.n.c.repository.FileSystemRepository Successfully deleted 0 files (0 bytes) from archive
2023-12-11 15:04:21,268 INFO [Cleanup Archive for default] o.a.n.c.repository.FileSystemRepository Archive cleanup completed for container default; will now allow writing to this container. Bytes used = 75.14 GB, bytes free = 931.72 GB, capacity = 1,006.85 GB
2023-12-11 15:04:24,347 INFO [pool-7-thread-1] o.a.n.c.r.WriteAheadFlowFileRepository Initiating checkpoint of FlowFile Repository
2023-12-11 15:04:24,352 INFO [pool-7-thread-1] o.a.n.wali.SequentialAccessWriteAheadLog Checkpointed Write-Ahead Log with 8 Records and 0 Swap Files in 4 milliseconds (Stop-the-world time = 2 milliseconds), max Transaction ID 28155
2023-12-11 15:04:24,352 INFO [pool-7-thread-1] o.a.n.c.r.WriteAheadFlowFileRepository Successfully checkpointed FlowFile Repository with 8 records in 5 milliseconds
2023-12-11 15:04:25,038 INFO [FileSystemRepository Workers Thread-1] o.a.n.c.repository.FileSystemRepository Successfully archived 2 Resource Claims for Container default in 0 millis
2023-12-11 15:04:44,353 INFO [pool-7-thread-1] o.a.n.c.r.WriteAheadFlowFileRepository Initiating checkpoint of FlowFile Repository
2023-12-11 15:04:44,358 INFO [pool-7-thread-1] o.a.n.wali.SequentialAccessWriteAheadLog Checkpointed Write-Ahead Log with 10 Records and 0 Swap Files in 4 milliseconds (Stop-the-world time = 2 milliseconds), max Transaction ID 28167
2023-12-11 15:04:44,358 INFO [pool-7-thread-1] o.a.n.c.r.WriteAheadFlowFileRepository Successfully checkpointed FlowFile Repository with 10 records in 4 milliseconds
2023-12-11 15:04:45,041 INFO [FileSystemRepository Workers Thread-2] o.a.n.c.repository.FileSystemRepository Successfully archived 2 Resource Claims for Container default in 0 millis
2023-12-11 15:05:04,358 INFO [pool-7-thread-1] o.a.n.c.r.WriteAheadFlowFileRepository Initiating checkpoint of FlowFile Repository
2023-12-11 15:05:04,363 INFO [pool-7-thread-1] o.a.n.wali.SequentialAccessWriteAheadLog Checkpointed Write-Ahead Log with 6 Records and 0 Swap Files in 4 milliseconds (Stop-the-world time = 2 milliseconds), max Transaction ID 28183
2023-12-11 15:05:04,363 INFO [pool-7-thread-1] o.a.n.c.r.WriteAheadFlowFileRepository Successfully checkpointed FlowFile Repository with 6 records in 4 milliseconds
2023-12-11 15:05:05,045 INFO [FileSystemRepository Workers Thread-4] o.a.n.c.repository.FileSystemRepository Successfully archived 11 Resource Claims for Container default in 1 millis
2023-12-11 15:05:15,680 INFO [Write-Ahead Local State Provider Maintenance] org.wali.MinimalLockingWriteAheadLog org.wali.MinimalLockingWriteAheadLog@6a577564 checkpointed with 2 Records and 0 Swap Files in 3 milliseconds (Stop-the-world time = 0 milliseconds, Clear Edit Logs time = 0 millis), max Transaction ID 34
2023-12-11 15:05:21,290 INFO [Cleanup Archive for default] o.a.n.c.repository.FileSystemRepository Successfully deleted 0 files (0 bytes) from archive
2023-12-11 15:05:21,290 INFO [Cleanup Archive for default] o.a.n.c.repository.FileSystemRepository Archive cleanup completed for container default; will now allow writing to this container. Bytes used = 75.14 GB, bytes free = 931.71 GB, capacity = 1,006.85 GB
2023-12-11 15:05:24,364 INFO [pool-7-thread-1] o.a.n.c.r.WriteAheadFlowFileRepository Initiating checkpoint of FlowFile Repository
2023-12-11 15:05:24,369 INFO [pool-7-thread-1] o.a.n.wali.SequentialAccessWriteAheadLog Checkpointed Write-Ahead Log with 7 Records and 0 Swap Files in 4 milliseconds (Stop-the-world time = 2 milliseconds), max Transaction ID 28193
2023-12-11 15:05:24,369 INFO [pool-7-thread-1] o.a.n.c.r.WriteAheadFlowFileRepository Successfully checkpointed FlowFile Repository with 7 records in 4 milliseconds
2023-12-11 15:05:25,049 INFO [FileSystemRepository Workers Thread-3] o.a.n.c.repository.FileSystemRepository Successfully archived 2 Resource Claims for Container default in 0 millis
2023-12-11 15:05:44,369 INFO [pool-7-thread-1] o.a.n.c.r.WriteAheadFlowFileRepository Initiating checkpoint of FlowFile Repository
2023-12-11 15:05:44,374 INFO [pool-7-thread-1] o.a.n.wali.SequentialAccessWriteAheadLog Checkpointed Write-Ahead Log with 9 Records and 0 Swap Files in 4 milliseconds (Stop-the-world time = 2 milliseconds), max Transaction ID 28205
2023-12-11 15:05:44,375 INFO [pool-7-thread-1] o.a.n.c.r.WriteAheadFlowFileRepository Successfully checkpointed FlowFile Repository with 9 records in 4 milliseconds
2023-12-11 15:05:45,051 INFO [FileSystemRepository Workers Thread-1] o.a.n.c.repository.FileSystemRepository Successfully archived 2 Resource Claims for Container default in 0 millis
2023-12-11 15:06:04,375 INFO [pool-7-thread-1] o.a.n.c.r.WriteAheadFlowFileRepository Initiating checkpoint of FlowFile Repository
2023-12-11 15:06:04,380 INFO [pool-7-thread-1] o.a.n.wali.SequentialAccessWriteAheadLog Checkpointed Write-Ahead Log with 5 Records and 0 Swap Files in 4 milliseconds (Stop-the-world time = 2 milliseconds), max Transaction ID 28221
2023-12-11 15:06:04,380 INFO [pool-7-thread-1] o.a.n.c.r.WriteAheadFlowFileRepository Successfully checkpointed FlowFile Repository with 5 records in 4 milliseconds
2023-12-11 15:06:05,057 INFO [FileSystemRepository Workers Thread-3] o.a.n.c.repository.FileSystemRepository Successfully archived 9 Resource Claims for Container default in 1 millis
2023-12-11 15:06:21,328 INFO [Cleanup Archive for default] o.a.n.c.repository.FileSystemRepository Successfully deleted 0 files (0 bytes) from archive
2023-12-11 15:06:21,328 INFO [Cleanup Archive for default] o.a.n.c.repository.FileSystemRepository Archive cleanup completed for container default; will now allow writing to this container. Bytes used = 75.15 GB, bytes free = 931.71 GB, capacity = 1,006.85 GB
2023-12-11 15:06:24,380 INFO [pool-7-thread-1] o.a.n.c.r.WriteAheadFlowFileRepository Initiating checkpoint of FlowFile Repository
2023-12-11 15:06:24,385 INFO [pool-7-thread-1] o.a.n.wali.SequentialAccessWriteAheadLog Checkpointed Write-Ahead Log with 7 Records and 0 Swap Files in 4 milliseconds (Stop-the-world time = 2 milliseconds), max Transaction ID 28233
2023-12-11 15:06:24,386 INFO [pool-7-thread-1] o.a.n.c.r.WriteAheadFlowFileRepository Successfully checkpointed FlowFile Repository with 7 records in 4 milliseconds
2023-12-11 15:06:25,061 INFO [FileSystemRepository Workers Thread-1] o.a.n.c.repository.FileSystemRepository Successfully archived 3 Resource Claims for Container default in 0 millis
2023-12-11 15:06:44,386 INFO [pool-7-thread-1] o.a.n.c.r.WriteAheadFlowFileRepository Initiating checkpoint of FlowFile Repository
2023-12-11 15:06:44,391 INFO [pool-7-thread-1] o.a.n.wali.SequentialAccessWriteAheadLog Checkpointed Write-Ahead Log with 9 Records and 0 Swap Files in 4 milliseconds (Stop-the-world time = 2 milliseconds), max Transaction ID 28245
2023-12-11 15:06:44,391 INFO [pool-7-thread-1] o.a.n.c.r.WriteAheadFlowFileRepository Successfully checkpointed FlowFile Repository with 9 records in 4 milliseconds
2023-12-11 15:06:45,064 INFO [FileSystemRepository Workers Thread-4] o.a.n.c.repository.FileSystemRepository Successfully archived 2 Resource Claims for Container default in 0 millis
2023-12-11 15:07:04,392 INFO [pool-7-thread-1] o.a.n.c.r.WriteAheadFlowFileRepository Initiating checkpoint of FlowFile Repository
2023-12-11 15:07:04,397 INFO [pool-7-thread-1] o.a.n.wali.SequentialAccessWriteAheadLog Checkpointed Write-Ahead Log with 5 Records and 0 Swap Files in 4 milliseconds (Stop-the-world time = 2 milliseconds), max Transaction ID 28261
2023-12-11 15:07:04,397 INFO [pool-7-thread-1] o.a.n.c.r.WriteAheadFlowFileRepository Successfully checkpointed FlowFile Repository with 5 records in 4 milliseconds
2023-12-11 15:07:05,068 INFO [FileSystemRepository Workers Thread-3] o.a.n.c.repository.FileSystemRepository Successfully archived 8 Resource Claims for Container default in 0 millis
2023-12-11 15:07:15,683 INFO [Write-Ahead Local State Provider Maintenance] org.wali.MinimalLockingWriteAheadLog org.wali.MinimalLockingWriteAheadLog@6a577564 checkpointed with 2 Records and 0 Swap Files in 3 milliseconds (Stop-the-world time = 0 milliseconds, Clear Edit Logs time = 0 millis), max Transaction ID 34
2023-12-11 15:07:21,352 INFO [Cleanup Archive for default] o.a.n.c.repository.FileSystemRepository Successfully deleted 0 files (0 bytes) from archive
2023-12-11 15:07:21,352 INFO [Cleanup Archive for default] o.a.n.c.repository.FileSystemRepository Archive cleanup completed for container default; will now allow writing to this container. Bytes used = 75.15 GB, bytes free = 931.71 GB, capacity = 1,006.85 GB
2023-12-11 15:07:24,398 INFO [pool-7-thread-1] o.a.n.c.r.WriteAheadFlowFileRepository Initiating checkpoint of FlowFile Repository
2023-12-11 15:07:24,403 INFO [pool-7-thread-1] o.a.n.wali.SequentialAccessWriteAheadLog Checkpointed Write-Ahead Log with 7 Records and 0 Swap Files in 4 milliseconds (Stop-the-world time = 2 milliseconds), max Transaction ID 28273
2023-12-11 15:07:24,403 INFO [pool-7-thread-1] o.a.n.c.r.WriteAheadFlowFileRepository Successfully checkpointed FlowFile Repository with 7 records in 4 milliseconds
2023-12-11 15:07:25,071 INFO [FileSystemRepository Workers Thread-2] o.a.n.c.repository.FileSystemRepository Successfully archived 3 Resource Claims for Container default in 0 millis
2023-12-11 15:07:31,932 INFO [Timer-Driven Process Thread-2] o.a.n.p.store.WriteAheadStorePartition Successfully rolled over Event Writer for Provenance Event Store Partition[directory=./provenance_repository] due to MAX_TIME_REACHED. Event File was 25.9 MB and contained 18232 events.
2023-12-11 15:07:44,403 INFO [pool-7-thread-1] o.a.n.c.r.WriteAheadFlowFileRepository Initiating checkpoint of FlowFile Repository
2023-12-11 15:07:44,408 INFO [pool-7-thread-1] o.a.n.wali.SequentialAccessWriteAheadLog Checkpointed Write-Ahead Log with 9 Records and 0 Swap Files in 4 milliseconds (Stop-the-world time = 2 milliseconds), max Transaction ID 28285
2023-12-11 15:07:44,409 INFO [pool-7-thread-1] o.a.n.c.r.WriteAheadFlowFileRepository Successfully checkpointed FlowFile Repository with 9 records in 4 milliseconds
2023-12-11 15:07:45,075 INFO [FileSystemRepository Workers Thread-1] o.a.n.c.repository.FileSystemRepository Successfully archived 2 Resource Claims for Container default in 0 millis
2023-12-11 15:08:04,409 INFO [pool-7-thread-1] o.a.n.c.r.WriteAheadFlowFileRepository Initiating checkpoint of FlowFile Repository
2023-12-11 15:08:04,413 INFO [pool-7-thread-1] o.a.n.wali.SequentialAccessWriteAheadLog Checkpointed Write-Ahead Log with 5 Records and 0 Swap Files in 3 milliseconds (Stop-the-world time = 1 milliseconds), max Transaction ID 28301
2023-12-11 15:08:04,413 INFO [pool-7-thread-1] o.a.n.c.r.WriteAheadFlowFileRepository Successfully checkpointed FlowFile Repository with 5 records in 3 milliseconds
2023-12-11 15:08:05,079 INFO [FileSystemRepository Workers Thread-1] o.a.n.c.repository.FileSystemRepository Successfully archived 10 Resource Claims for Container default in 0 millis
2023-12-11 15:08:21,371 INFO [Cleanup Archive for default] o.a.n.c.repository.FileSystemRepository Successfully deleted 0 files (0 bytes) from archive
2023-12-11 15:08:21,372 INFO [Cleanup Archive for default] o.a.n.c.repository.FileSystemRepository Archive cleanup completed for container default; will now allow writing to this container. Bytes used = 75.13 GB, bytes free = 931.73 GB, capacity = 1,006.85 GB
2023-12-11 15:08:24,414 INFO [pool-7-thread-1] o.a.n.c.r.WriteAheadFlowFileRepository Initiating checkpoint of FlowFile Repository
2023-12-11 15:08:24,419 INFO [pool-7-thread-1] o.a.n.wali.SequentialAccessWriteAheadLog Checkpointed Write-Ahead Log with 7 Records and 0 Swap Files in 4 milliseconds (Stop-the-world time = 2 milliseconds), max Transaction ID 28313
2023-12-11 15:08:24,419 INFO [pool-7-thread-1] o.a.n.c.r.WriteAheadFlowFileRepository Successfully checkpointed FlowFile Repository with 7 records in 5 milliseconds
2023-12-11 15:08:25,083 INFO [FileSystemRepository Workers Thread-3] o.a.n.c.repository.FileSystemRepository Successfully archived 3 Resource Claims for Container default in 0 millis
2023-12-11 15:08:44,419 INFO [pool-7-thread-1] o.a.n.c.r.WriteAheadFlowFileRepository Initiating checkpoint of FlowFile Repository
2023-12-11 15:08:44,425 INFO [pool-7-thread-1] o.a.n.wali.SequentialAccessWriteAheadLog Checkpointed Write-Ahead Log with 9 Records and 0 Swap Files in 4 milliseconds (Stop-the-world time = 2 milliseconds), max Transaction ID 28325
2023-12-11 15:08:44,425 INFO [pool-7-thread-1] o.a.n.c.r.WriteAheadFlowFileRepository Successfully checkpointed FlowFile Repository with 9 records in 4 milliseconds
2023-12-11 15:08:45,087 INFO [FileSystemRepository Workers Thread-2] o.a.n.c.repository.FileSystemRepository Successfully archived 2 Resource Claims for Container default in 0 millis
2023-12-11 15:09:04,425 INFO [pool-7-thread-1] o.a.n.c.r.WriteAheadFlowFileRepository Initiating checkpoint of FlowFile Repository
2023-12-11 15:09:04,429 INFO [pool-7-thread-1] o.a.n.wali.SequentialAccessWriteAheadLog Checkpointed Write-Ahead Log with 5 Records and 0 Swap Files in 3 milliseconds (Stop-the-world time = 1 milliseconds), max Transaction ID 28341
2023-12-11 15:09:04,429 INFO [pool-7-thread-1] o.a.n.c.r.WriteAheadFlowFileRepository Successfully checkpointed FlowFile Repository with 5 records in 3 milliseconds
2023-12-11 15:09:05,090 INFO [FileSystemRepository Workers Thread-4] o.a.n.c.repository.FileSystemRepository Successfully archived 9 Resource Claims for Container default in 0 millis
2023-12-11 15:09:15,687 INFO [Write-Ahead Local State Provider Maintenance] org.wali.MinimalLockingWriteAheadLog org.wali.MinimalLockingWriteAheadLog@6a577564 checkpointed with 2 Records and 0 Swap Files in 3 milliseconds (Stop-the-world time = 0 milliseconds, Clear Edit Logs time = 0 millis), max Transaction ID 34
2023-12-11 15:09:21,395 INFO [Cleanup Archive for default] o.a.n.c.repository.FileSystemRepository Successfully deleted 0 files (0 bytes) from archive
2023-12-11 15:09:21,395 INFO [Cleanup Archive for default] o.a.n.c.repository.FileSystemRepository Archive cleanup completed for container default; will now allow writing to this container. Bytes used = 75.13 GB, bytes free = 931.72 GB, capacity = 1,006.85 GB
2023-12-11 15:09:24,430 INFO [pool-7-thread-1] o.a.n.c.r.WriteAheadFlowFileRepository Initiating checkpoint of FlowFile Repository
2023-12-11 15:09:24,434 INFO [pool-7-thread-1] o.a.n.wali.SequentialAccessWriteAheadLog Checkpointed Write-Ahead Log with 7 Records and 0 Swap Files in 4 milliseconds (Stop-the-world time = 2 milliseconds), max Transaction ID 28353
2023-12-11 15:09:24,435 INFO [pool-7-thread-1] o.a.n.c.r.WriteAheadFlowFileRepository Successfully checkpointed FlowFile Repository with 7 records in 4 milliseconds
2023-12-11 15:09:25,093 INFO [FileSystemRepository Workers Thread-1] o.a.n.c.repository.FileSystemRepository Successfully archived 3 Resource Claims for Container default in 0 millis
2023-12-11 15:09:44,435 INFO [pool-7-thread-1] o.a.n.c.r.WriteAheadFlowFileRepository Initiating checkpoint of FlowFile Repository
2023-12-11 15:09:44,440 INFO [pool-7-thread-1] o.a.n.wali.SequentialAccessWriteAheadLog Checkpointed Write-Ahead Log with 9 Records and 0 Swap Files in 4 milliseconds (Stop-the-world time = 2 milliseconds), max Transaction ID 28365
2023-12-11 15:09:44,440 INFO [pool-7-thread-1] o.a.n.c.r.WriteAheadFlowFileRepository Successfully checkpointed FlowFile Repository with 9 records in 4 milliseconds
2023-12-11 15:09:45,096 INFO [FileSystemRepository Workers Thread-3] o.a.n.c.repository.FileSystemRepository Successfully archived 2 Resource Claims for Container default in 0 millis
2023-12-11 15:10:04,441 INFO [pool-7-thread-1] o.a.n.c.r.WriteAheadFlowFileRepository Initiating checkpoint of FlowFile Repository
2023-12-11 15:10:04,447 INFO [pool-7-thread-1] o.a.n.wali.SequentialAccessWriteAheadLog Checkpointed Write-Ahead Log with 5 Records and 0 Swap Files in 5 milliseconds (Stop-the-world time = 3 milliseconds), max Transaction ID 28381
2023-12-11 15:10:04,447 INFO [pool-7-thread-1] o.a.n.c.r.WriteAheadFlowFileRepository Successfully checkpointed FlowFile Repository with 5 records in 5 milliseconds
2023-12-11 15:10:05,100 INFO [FileSystemRepository Workers Thread-2] o.a.n.c.repository.FileSystemRepository Successfully archived 9 Resource Claims for Container default in 0 millis
2023-12-11 15:10:21,416 INFO [Cleanup Archive for default] o.a.n.c.repository.FileSystemRepository Successfully deleted 0 files (0 bytes) from archive
2023-12-11 15:10:21,417 INFO [Cleanup Archive for default] o.a.n.c.repository.FileSystemRepository Archive cleanup completed for container default; will now allow writing to this container. Bytes used = 75.14 GB, bytes free = 931.72 GB, capacity = 1,006.85 GB
2023-12-11 15:10:24,447 INFO [pool-7-thread-1] o.a.n.c.r.WriteAheadFlowFileRepository Initiating checkpoint of FlowFile Repository
2023-12-11 15:10:24,452 INFO [pool-7-thread-1] o.a.n.wali.SequentialAccessWriteAheadLog Checkpointed Write-Ahead Log with 7 Records and 0 Swap Files in 4 milliseconds (Stop-the-world time = 2 milliseconds), max Transaction ID 28393
2023-12-11 15:10:24,452 INFO [pool-7-thread-1] o.a.n.c.r.WriteAheadFlowFileRepository Successfully checkpointed FlowFile Repository with 7 records in 4 milliseconds
2023-12-11 15:10:25,103 INFO [FileSystemRepository Workers Thread-3] o.a.n.c.repository.FileSystemRepository Successfully archived 3 Resource Claims for Container default in 0 millis
2023-12-11 15:10:44,453 INFO [pool-7-thread-1] o.a.n.c.r.WriteAheadFlowFileRepository Initiating checkpoint of FlowFile Repository
2023-12-11 15:10:44,457 INFO [pool-7-thread-1] o.a.n.wali.SequentialAccessWriteAheadLog Checkpointed Write-Ahead Log with 9 Records and 0 Swap Files in 3 milliseconds (Stop-the-world time = 2 milliseconds), max Transaction ID 28405
2023-12-11 15:10:44,457 INFO [pool-7-thread-1] o.a.n.c.r.WriteAheadFlowFileRepository Successfully checkpointed FlowFile Repository with 9 records in 4 milliseconds
2023-12-11 15:10:45,107 INFO [FileSystemRepository Workers Thread-1] o.a.n.c.repository.FileSystemRepository Successfully archived 2 Resource Claims for Container default in 0 millis
2023-12-11 15:11:04,458 INFO [pool-7-thread-1] o.a.n.c.r.WriteAheadFlowFileRepository Initiating checkpoint of FlowFile Repository
2023-12-11 15:11:04,462 INFO [pool-7-thread-1] o.a.n.wali.SequentialAccessWriteAheadLog Checkpointed Write-Ahead Log with 5 Records and 0 Swap Files in 4 milliseconds (Stop-the-world time = 2 milliseconds), max Transaction ID 28421
2023-12-11 15:11:04,463 INFO [pool-7-thread-1] o.a.n.c.r.WriteAheadFlowFileRepository Successfully checkpointed FlowFile Repository with 5 records in 4 milliseconds
2023-12-11 15:11:05,111 INFO [FileSystemRepository Workers Thread-4] o.a.n.c.repository.FileSystemRepository Successfully archived 9 Resource Claims for Container default in 0 millis
2023-12-11 15:11:15,691 INFO [Write-Ahead Local State Provider Maintenance] org.wali.MinimalLockingWriteAheadLog org.wali.MinimalLockingWriteAheadLog@6a577564 checkpointed with 2 Records and 0 Swap Files in 3 milliseconds (Stop-the-world time = 0 milliseconds, Clear Edit Logs time = 0 millis), max Transaction ID 34
2023-12-11 15:11:21,443 INFO [Cleanup Archive for default] o.a.n.c.repository.FileSystemRepository Successfully deleted 0 files (0 bytes) from archive
2023-12-11 15:11:21,443 INFO [Cleanup Archive for default] o.a.n.c.repository.FileSystemRepository Archive cleanup completed for container default; will now allow writing to this container. Bytes used = 75.14 GB, bytes free = 931.71 GB, capacity = 1,006.85 GB
2023-12-11 15:11:24,463 INFO [pool-7-thread-1] o.a.n.c.r.WriteAheadFlowFileRepository Initiating checkpoint of FlowFile Repository
2023-12-11 15:11:24,467 INFO [pool-7-thread-1] o.a.n.wali.SequentialAccessWriteAheadLog Checkpointed Write-Ahead Log with 7 Records and 0 Swap Files in 3 milliseconds (Stop-the-world time = 0 milliseconds), max Transaction ID 28429
2023-12-11 15:11:24,467 INFO [pool-7-thread-1] o.a.n.c.r.WriteAheadFlowFileRepository Successfully checkpointed FlowFile Repository with 7 records in 3 milliseconds
2023-12-11 15:11:25,114 INFO [FileSystemRepository Workers Thread-2] o.a.n.c.repository.FileSystemRepository Successfully archived 2 Resource Claims for Container default in 0 millis
2023-12-11 15:11:44,467 INFO [pool-7-thread-1] o.a.n.c.r.WriteAheadFlowFileRepository Initiating checkpoint of FlowFile Repository
2023-12-11 15:11:44,471 INFO [pool-7-thread-1] o.a.n.wali.SequentialAccessWriteAheadLog Checkpointed Write-Ahead Log with 9 Records and 0 Swap Files in 2 milliseconds (Stop-the-world time = 0 milliseconds), max Transaction ID 28441
2023-12-11 15:11:44,471 INFO [pool-7-thread-1] o.a.n.c.r.WriteAheadFlowFileRepository Successfully checkpointed FlowFile Repository with 9 records in 3 milliseconds
2023-12-11 15:11:45,117 INFO [FileSystemRepository Workers Thread-1] o.a.n.c.repository.FileSystemRepository Successfully archived 2 Resource Claims for Container default in 0 millis
2023-12-11 15:12:04,471 INFO [pool-7-thread-1] o.a.n.c.r.WriteAheadFlowFileRepository Initiating checkpoint of FlowFile Repository
2023-12-11 15:12:04,476 INFO [pool-7-thread-1] o.a.n.wali.SequentialAccessWriteAheadLog Checkpointed Write-Ahead Log with 5 Records and 0 Swap Files in 3 milliseconds (Stop-the-world time = 1 milliseconds), max Transaction ID 28457
2023-12-11 15:12:04,476 INFO [pool-7-thread-1] o.a.n.c.r.WriteAheadFlowFileRepository Successfully checkpointed FlowFile Repository with 5 records in 3 milliseconds
2023-12-11 15:12:05,120 INFO [FileSystemRepository Workers Thread-1] o.a.n.c.repository.FileSystemRepository Successfully archived 9 Resource Claims for Container default in 1 millis
2023-12-11 15:12:21,468 INFO [Cleanup Archive for default] o.a.n.c.repository.FileSystemRepository Successfully deleted 0 files (0 bytes) from archive
2023-12-11 15:12:21,468 INFO [Cleanup Archive for default] o.a.n.c.repository.FileSystemRepository Archive cleanup completed for container default; will now allow writing to this container. Bytes used = 75.14 GB, bytes free = 931.71 GB, capacity = 1,006.85 GB
2023-12-11 15:12:24,476 INFO [pool-7-thread-1] o.a.n.c.r.WriteAheadFlowFileRepository Initiating checkpoint of FlowFile Repository
2023-12-11 15:12:24,480 INFO [pool-7-thread-1] o.a.n.wali.SequentialAccessWriteAheadLog Checkpointed Write-Ahead Log with 7 Records and 0 Swap Files in 3 milliseconds (Stop-the-world time = 0 milliseconds), max Transaction ID 28469
2023-12-11 15:12:24,480 INFO [pool-7-thread-1] o.a.n.c.r.WriteAheadFlowFileRepository Successfully checkpointed FlowFile Repository with 7 records in 3 milliseconds
2023-12-11 15:12:25,123 INFO [FileSystemRepository Workers Thread-1] o.a.n.c.repository.FileSystemRepository Successfully archived 3 Resource Claims for Container default in 0 millis
2023-12-11 15:12:44,479 INFO [pool-7-thread-1] o.a.n.c.r.WriteAheadFlowFileRepository Initiating checkpoint of FlowFile Repository
2023-12-11 15:12:44,483 INFO [pool-7-thread-1] o.a.n.wali.SequentialAccessWriteAheadLog Checkpointed Write-Ahead Log with 9 Records and 0 Swap Files in 2 milliseconds (Stop-the-world time = 0 milliseconds), max Transaction ID 28481
2023-12-11 15:12:44,483 INFO [pool-7-thread-1] o.a.n.c.r.WriteAheadFlowFileRepository Successfully checkpointed FlowFile Repository with 9 records in 2 milliseconds
2023-12-11 15:12:45,126 INFO [FileSystemRepository Workers Thread-2] o.a.n.c.repository.FileSystemRepository Successfully archived 2 Resource Claims for Container default in 0 millis
2023-12-11 15:13:04,483 INFO [pool-7-thread-1] o.a.n.c.r.WriteAheadFlowFileRepository Initiating checkpoint of FlowFile Repository
2023-12-11 15:13:04,488 INFO [pool-7-thread-1] o.a.n.wali.SequentialAccessWriteAheadLog Checkpointed Write-Ahead Log with 5 Records and 0 Swap Files in 4 milliseconds (Stop-the-world time = 2 milliseconds), max Transaction ID 28497
2023-12-11 15:13:04,489 INFO [pool-7-thread-1] o.a.n.c.r.WriteAheadFlowFileRepository Successfully checkpointed FlowFile Repository with 5 records in 4 milliseconds
2023-12-11 15:13:05,129 INFO [FileSystemRepository Workers Thread-3] o.a.n.c.repository.FileSystemRepository Successfully archived 9 Resource Claims for Container default in 1 millis
2023-12-11 15:13:15,695 INFO [Write-Ahead Local State Provider Maintenance] org.wali.MinimalLockingWriteAheadLog org.wali.MinimalLockingWriteAheadLog@6a577564 checkpointed with 2 Records and 0 Swap Files in 3 milliseconds (Stop-the-world time = 0 milliseconds, Clear Edit Logs time = 0 millis), max Transaction ID 34
2023-12-11 15:13:21,488 INFO [Cleanup Archive for default] o.a.n.c.repository.FileSystemRepository Successfully deleted 0 files (0 bytes) from archive
2023-12-11 15:13:21,489 INFO [Cleanup Archive for default] o.a.n.c.repository.FileSystemRepository Archive cleanup completed for container default; will now allow writing to this container. Bytes used = 75.15 GB, bytes free = 931.7 GB, capacity = 1,006.85 GB
2023-12-11 15:13:24,489 INFO [pool-7-thread-1] o.a.n.c.r.WriteAheadFlowFileRepository Initiating checkpoint of FlowFile Repository
2023-12-11 15:13:24,495 INFO [pool-7-thread-1] o.a.n.wali.SequentialAccessWriteAheadLog Checkpointed Write-Ahead Log with 7 Records and 0 Swap Files in 5 milliseconds (Stop-the-world time = 2 milliseconds), max Transaction ID 28509
2023-12-11 15:13:24,495 INFO [pool-7-thread-1] o.a.n.c.r.WriteAheadFlowFileRepository Successfully checkpointed FlowFile Repository with 7 records in 5 milliseconds
2023-12-11 15:13:25,133 INFO [FileSystemRepository Workers Thread-4] o.a.n.c.repository.FileSystemRepository Successfully archived 3 Resource Claims for Container default in 0 millis
2023-12-11 15:13:44,496 INFO [pool-7-thread-1] o.a.n.c.r.WriteAheadFlowFileRepository Initiating checkpoint of FlowFile Repository
2023-12-11 15:13:44,499 INFO [pool-7-thread-1] o.a.n.wali.SequentialAccessWriteAheadLog Checkpointed Write-Ahead Log with 9 Records and 0 Swap Files in 2 milliseconds (Stop-the-world time = 0 milliseconds), max Transaction ID 28521
2023-12-11 15:13:44,499 INFO [pool-7-thread-1] o.a.n.c.r.WriteAheadFlowFileRepository Successfully checkpointed FlowFile Repository with 9 records in 3 milliseconds
2023-12-11 15:13:45,136 INFO [FileSystemRepository Workers Thread-1] o.a.n.c.repository.FileSystemRepository Successfully archived 2 Resource Claims for Container default in 0 millis
2023-12-11 15:14:04,500 INFO [pool-7-thread-1] o.a.n.c.r.WriteAheadFlowFileRepository Initiating checkpoint of FlowFile Repository
2023-12-11 15:14:04,504 INFO [pool-7-thread-1] o.a.n.wali.SequentialAccessWriteAheadLog Checkpointed Write-Ahead Log with 5 Records and 0 Swap Files in 3 milliseconds (Stop-the-world time = 1 milliseconds), max Transaction ID 28537
2023-12-11 15:14:04,504 INFO [pool-7-thread-1] o.a.n.c.r.WriteAheadFlowFileRepository Successfully checkpointed FlowFile Repository with 5 records in 4 milliseconds
2023-12-11 15:14:05,140 INFO [FileSystemRepository Workers Thread-1] o.a.n.c.repository.FileSystemRepository Successfully archived 9 Resource Claims for Container default in 0 millis
2023-12-11 15:14:21,509 INFO [Cleanup Archive for default] o.a.n.c.repository.FileSystemRepository Successfully deleted 0 files (0 bytes) from archive
2023-12-11 15:14:21,510 INFO [Cleanup Archive for default] o.a.n.c.repository.FileSystemRepository Archive cleanup completed for container default; will now allow writing to this container. Bytes used = 75.15 GB, bytes free = 931.7 GB, capacity = 1,006.85 GB
2023-12-11 15:14:24,504 INFO [pool-7-thread-1] o.a.n.c.r.WriteAheadFlowFileRepository Initiating checkpoint of FlowFile Repository
2023-12-11 15:14:24,508 INFO [pool-7-thread-1] o.a.n.wali.SequentialAccessWriteAheadLog Checkpointed Write-Ahead Log with 7 Records and 0 Swap Files in 3 milliseconds (Stop-the-world time = 0 milliseconds), max Transaction ID 28549
2023-12-11 15:14:24,509 INFO [pool-7-thread-1] o.a.n.c.r.WriteAheadFlowFileRepository Successfully checkpointed FlowFile Repository with 7 records in 3 milliseconds
2023-12-11 15:14:25,143 INFO [FileSystemRepository Workers Thread-3] o.a.n.c.repository.FileSystemRepository Successfully archived 3 Resource Claims for Container default in 0 millis
2023-12-11 15:14:44,509 INFO [pool-7-thread-1] o.a.n.c.r.WriteAheadFlowFileRepository Initiating checkpoint of FlowFile Repository
2023-12-11 15:14:44,513 INFO [pool-7-thread-1] o.a.n.wali.SequentialAccessWriteAheadLog Checkpointed Write-Ahead Log with 9 Records and 0 Swap Files in 3 milliseconds (Stop-the-world time = 1 milliseconds), max Transaction ID 28561
2023-12-11 15:14:44,513 INFO [pool-7-thread-1] o.a.n.c.r.WriteAheadFlowFileRepository Successfully checkpointed FlowFile Repository with 9 records in 3 milliseconds
2023-12-11 15:14:45,146 INFO [FileSystemRepository Workers Thread-4] o.a.n.c.repository.FileSystemRepository Successfully archived 2 Resource Claims for Container default in 0 millis
2023-12-11 15:15:04,514 INFO [pool-7-thread-1] o.a.n.c.r.WriteAheadFlowFileRepository Initiating checkpoint of FlowFile Repository
2023-12-11 15:15:04,517 INFO [pool-7-thread-1] o.a.n.wali.SequentialAccessWriteAheadLog Checkpointed Write-Ahead Log with 5 Records and 0 Swap Files in 2 milliseconds (Stop-the-world time = 0 milliseconds), max Transaction ID 28577
2023-12-11 15:15:04,517 INFO [pool-7-thread-1] o.a.n.c.r.WriteAheadFlowFileRepository Successfully checkpointed FlowFile Repository with 5 records in 3 milliseconds
2023-12-11 15:15:05,150 INFO [FileSystemRepository Workers Thread-4] o.a.n.c.repository.FileSystemRepository Successfully archived 9 Resource Claims for Container default in 1 millis
2023-12-11 15:15:15,699 INFO [Write-Ahead Local State Provider Maintenance] org.wali.MinimalLockingWriteAheadLog org.wali.MinimalLockingWriteAheadLog@6a577564 checkpointed with 2 Records and 0 Swap Files in 3 milliseconds (Stop-the-world time = 0 milliseconds, Clear Edit Logs time = 0 millis), max Transaction ID 34
2023-12-11 15:15:21,531 INFO [Cleanup Archive for default] o.a.n.c.repository.FileSystemRepository Successfully deleted 0 files (0 bytes) from archive
2023-12-11 15:15:21,531 INFO [Cleanup Archive for default] o.a.n.c.repository.FileSystemRepository Archive cleanup completed for container default; will now allow writing to this container. Bytes used = 75.16 GB, bytes free = 931.7 GB, capacity = 1,006.85 GB
2023-12-11 15:15:24,518 INFO [pool-7-thread-1] o.a.n.c.r.WriteAheadFlowFileRepository Initiating checkpoint of FlowFile Repository
2023-12-11 15:15:24,521 INFO [pool-7-thread-1] o.a.n.wali.SequentialAccessWriteAheadLog Checkpointed Write-Ahead Log with 7 Records and 0 Swap Files in 2 milliseconds (Stop-the-world time = 0 milliseconds), max Transaction ID 28589
2023-12-11 15:15:24,521 INFO [pool-7-thread-1] o.a.n.c.r.WriteAheadFlowFileRepository Successfully checkpointed FlowFile Repository with 7 records in 3 milliseconds
2023-12-11 15:15:25,153 INFO [FileSystemRepository Workers Thread-1] o.a.n.c.repository.FileSystemRepository Successfully archived 3 Resource Claims for Container default in 0 millis
2023-12-11 15:15:44,522 INFO [pool-7-thread-1] o.a.n.c.r.WriteAheadFlowFileRepository Initiating checkpoint of FlowFile Repository
2023-12-11 15:15:44,525 INFO [pool-7-thread-1] o.a.n.wali.SequentialAccessWriteAheadLog Checkpointed Write-Ahead Log with 9 Records and 0 Swap Files in 2 milliseconds (Stop-the-world time = 0 milliseconds), max Transaction ID 28601
2023-12-11 15:15:44,525 INFO [pool-7-thread-1] o.a.n.c.r.WriteAheadFlowFileRepository Successfully checkpointed FlowFile Repository with 9 records in 3 milliseconds
2023-12-11 15:15:45,156 INFO [FileSystemRepository Workers Thread-4] o.a.n.c.repository.FileSystemRepository Successfully archived 2 Resource Claims for Container default in 0 millis
2023-12-11 15:16:04,526 INFO [pool-7-thread-1] o.a.n.c.r.WriteAheadFlowFileRepository Initiating checkpoint of FlowFile Repository
2023-12-11 15:16:04,529 INFO [pool-7-thread-1] o.a.n.wali.SequentialAccessWriteAheadLog Checkpointed Write-Ahead Log with 5 Records and 0 Swap Files in 2 milliseconds (Stop-the-world time = 0 milliseconds), max Transaction ID 28617
2023-12-11 15:16:04,529 INFO [pool-7-thread-1] o.a.n.c.r.WriteAheadFlowFileRepository Successfully checkpointed FlowFile Repository with 5 records in 3 milliseconds
2023-12-11 15:16:05,159 INFO [FileSystemRepository Workers Thread-3] o.a.n.c.repository.FileSystemRepository Successfully archived 9 Resource Claims for Container default in 0 millis
2023-12-11 15:16:21,553 INFO [Cleanup Archive for default] o.a.n.c.repository.FileSystemRepository Successfully deleted 0 files (0 bytes) from archive
2023-12-11 15:16:21,553 INFO [Cleanup Archive for default] o.a.n.c.repository.FileSystemRepository Archive cleanup completed for container default; will now allow writing to this container. Bytes used = 75.16 GB, bytes free = 931.69 GB, capacity = 1,006.85 GB
2023-12-11 15:16:24,530 INFO [pool-7-thread-1] o.a.n.c.r.WriteAheadFlowFileRepository Initiating checkpoint of FlowFile Repository
2023-12-11 15:16:24,533 INFO [pool-7-thread-1] o.a.n.wali.SequentialAccessWriteAheadLog Checkpointed Write-Ahead Log with 7 Records and 0 Swap Files in 3 milliseconds (Stop-the-world time = 1 milliseconds), max Transaction ID 28629
2023-12-11 15:16:24,534 INFO [pool-7-thread-1] o.a.n.c.r.WriteAheadFlowFileRepository Successfully checkpointed FlowFile Repository with 7 records in 3 milliseconds
2023-12-11 15:16:25,162 INFO [FileSystemRepository Workers Thread-3] o.a.n.c.repository.FileSystemRepository Successfully archived 2 Resource Claims for Container default in 0 millis
2023-12-11 15:16:44,534 INFO [pool-7-thread-1] o.a.n.c.r.WriteAheadFlowFileRepository Initiating checkpoint of FlowFile Repository
2023-12-11 15:16:44,538 INFO [pool-7-thread-1] o.a.n.wali.SequentialAccessWriteAheadLog Checkpointed Write-Ahead Log with 9 Records and 0 Swap Files in 3 milliseconds (Stop-the-world time = 0 milliseconds), max Transaction ID 28641
2023-12-11 15:16:44,538 INFO [pool-7-thread-1] o.a.n.c.r.WriteAheadFlowFileRepository Successfully checkpointed FlowFile Repository with 9 records in 3 milliseconds
2023-12-11 15:16:45,166 INFO [FileSystemRepository Workers Thread-1] o.a.n.c.repository.FileSystemRepository Successfully archived 2 Resource Claims for Container default in 0 millis
2023-12-11 15:17:04,539 INFO [pool-7-thread-1] o.a.n.c.r.WriteAheadFlowFileRepository Initiating checkpoint of FlowFile Repository
2023-12-11 15:17:04,542 INFO [pool-7-thread-1] o.a.n.wali.SequentialAccessWriteAheadLog Checkpointed Write-Ahead Log with 6 Records and 0 Swap Files in 2 milliseconds (Stop-the-world time = 0 milliseconds), max Transaction ID 28657
2023-12-11 15:17:04,542 INFO [pool-7-thread-1] o.a.n.c.r.WriteAheadFlowFileRepository Successfully checkpointed FlowFile Repository with 6 records in 2 milliseconds
2023-12-11 15:17:05,169 INFO [FileSystemRepository Workers Thread-1] o.a.n.c.repository.FileSystemRepository Successfully archived 9 Resource Claims for Container default in 1 millis
2023-12-11 15:17:15,704 INFO [Write-Ahead Local State Provider Maintenance] org.wali.MinimalLockingWriteAheadLog org.wali.MinimalLockingWriteAheadLog@6a577564 checkpointed with 2 Records and 0 Swap Files in 4 milliseconds (Stop-the-world time = 1 milliseconds, Clear Edit Logs time = 1 millis), max Transaction ID 34
2023-12-11 15:17:21,574 INFO [Cleanup Archive for default] o.a.n.c.repository.FileSystemRepository Successfully deleted 0 files (0 bytes) from archive
2023-12-11 15:17:21,575 INFO [Cleanup Archive for default] o.a.n.c.repository.FileSystemRepository Archive cleanup completed for container default; will now allow writing to this container. Bytes used = 75.16 GB, bytes free = 931.69 GB, capacity = 1,006.85 GB
2023-12-11 15:17:24,543 INFO [pool-7-thread-1] o.a.n.c.r.WriteAheadFlowFileRepository Initiating checkpoint of FlowFile Repository
2023-12-11 15:17:24,546 INFO [pool-7-thread-1] o.a.n.wali.SequentialAccessWriteAheadLog Checkpointed Write-Ahead Log with 8 Records and 0 Swap Files in 2 milliseconds (Stop-the-world time = 0 milliseconds), max Transaction ID 28669
2023-12-11 15:17:24,546 INFO [pool-7-thread-1] o.a.n.c.r.WriteAheadFlowFileRepository Successfully checkpointed FlowFile Repository with 8 records in 3 milliseconds
2023-12-11 15:17:25,173 INFO [FileSystemRepository Workers Thread-2] o.a.n.c.repository.FileSystemRepository Successfully archived 2 Resource Claims for Container default in 0 millis
2023-12-11 15:17:38,845 INFO [Timer-Driven Process Thread-3] o.a.n.p.store.WriteAheadStorePartition Successfully rolled over Event Writer for Provenance Event Store Partition[directory=./provenance_repository] due to MAX_TIME_REACHED. Event File was 26.34 MB and contained 18538 events.
2023-12-11 15:17:44,546 INFO [pool-7-thread-1] o.a.n.c.r.WriteAheadFlowFileRepository Initiating checkpoint of FlowFile Repository
2023-12-11 15:17:44,550 INFO [pool-7-thread-1] o.a.n.wali.SequentialAccessWriteAheadLog Checkpointed Write-Ahead Log with 10 Records and 0 Swap Files in 3 milliseconds (Stop-the-world time = 0 milliseconds), max Transaction ID 28681
2023-12-11 15:17:44,551 INFO [pool-7-thread-1] o.a.n.c.r.WriteAheadFlowFileRepository Successfully checkpointed FlowFile Repository with 10 records in 3 milliseconds
2023-12-11 15:17:45,176 INFO [FileSystemRepository Workers Thread-4] o.a.n.c.repository.FileSystemRepository Successfully archived 2 Resource Claims for Container default in 0 millis
2023-12-11 15:18:04,551 INFO [pool-7-thread-1] o.a.n.c.r.WriteAheadFlowFileRepository Initiating checkpoint of FlowFile Repository
2023-12-11 15:18:04,555 INFO [pool-7-thread-1] o.a.n.wali.SequentialAccessWriteAheadLog Checkpointed Write-Ahead Log with 6 Records and 0 Swap Files in 3 milliseconds (Stop-the-world time = 0 milliseconds), max Transaction ID 28697
2023-12-11 15:18:04,555 INFO [pool-7-thread-1] o.a.n.c.r.WriteAheadFlowFileRepository Successfully checkpointed FlowFile Repository with 6 records in 3 milliseconds
2023-12-11 15:18:05,180 INFO [FileSystemRepository Workers Thread-2] o.a.n.c.repository.FileSystemRepository Successfully archived 10 Resource Claims for Container default in 1 millis
2023-12-11 15:18:21,596 INFO [Cleanup Archive for default] o.a.n.c.repository.FileSystemRepository Successfully deleted 0 files (0 bytes) from archive
2023-12-11 15:18:21,597 INFO [Cleanup Archive for default] o.a.n.c.repository.FileSystemRepository Archive cleanup completed for container default; will now allow writing to this container. Bytes used = 75.14 GB, bytes free = 931.71 GB, capacity = 1,006.85 GB
2023-12-11 15:18:24,555 INFO [pool-7-thread-1] o.a.n.c.r.WriteAheadFlowFileRepository Initiating checkpoint of FlowFile Repository
2023-12-11 15:18:24,559 INFO [pool-7-thread-1] o.a.n.wali.SequentialAccessWriteAheadLog Checkpointed Write-Ahead Log with 8 Records and 0 Swap Files in 3 milliseconds (Stop-the-world time = 1 milliseconds), max Transaction ID 28709
2023-12-11 15:18:24,559 INFO [pool-7-thread-1] o.a.n.c.r.WriteAheadFlowFileRepository Successfully checkpointed FlowFile Repository with 8 records in 3 milliseconds
2023-12-11 15:18:25,184 INFO [FileSystemRepository Workers Thread-1] o.a.n.c.repository.FileSystemRepository Successfully archived 2 Resource Claims for Container default in 0 millis
2023-12-11 15:18:44,559 INFO [pool-7-thread-1] o.a.n.c.r.WriteAheadFlowFileRepository Initiating checkpoint of FlowFile Repository
2023-12-11 15:18:44,562 INFO [pool-7-thread-1] o.a.n.wali.SequentialAccessWriteAheadLog Checkpointed Write-Ahead Log with 10 Records and 0 Swap Files in 2 milliseconds (Stop-the-world time = 0 milliseconds), max Transaction ID 28721
2023-12-11 15:18:44,563 INFO [pool-7-thread-1] o.a.n.c.r.WriteAheadFlowFileRepository Successfully checkpointed FlowFile Repository with 10 records in 3 milliseconds
2023-12-11 15:18:45,187 INFO [FileSystemRepository Workers Thread-3] o.a.n.c.repository.FileSystemRepository Successfully archived 2 Resource Claims for Container default in 0 millis
2023-12-11 15:19:04,563 INFO [pool-7-thread-1] o.a.n.c.r.WriteAheadFlowFileRepository Initiating checkpoint of FlowFile Repository
2023-12-11 15:19:04,979 INFO [pool-7-thread-1] o.a.n.wali.SequentialAccessWriteAheadLog Checkpointed Write-Ahead Log with 6 Records and 0 Swap Files in 397 milliseconds (Stop-the-world time = 52 milliseconds), max Transaction ID 28737
2023-12-11 15:19:04,980 INFO [pool-7-thread-1] o.a.n.c.r.WriteAheadFlowFileRepository Successfully checkpointed FlowFile Repository with 6 records in 397 milliseconds
2023-12-11 15:19:05,191 INFO [FileSystemRepository Workers Thread-4] o.a.n.c.repository.FileSystemRepository Successfully archived 10 Resource Claims for Container default in 0 millis
2023-12-11 15:19:15,709 INFO [Write-Ahead Local State Provider Maintenance] org.wali.MinimalLockingWriteAheadLog org.wali.MinimalLockingWriteAheadLog@6a577564 checkpointed with 2 Records and 0 Swap Files in 3 milliseconds (Stop-the-world time = 0 milliseconds, Clear Edit Logs time = 0 millis), max Transaction ID 34
