2024-01-14 19:00:01,855 INFO [Cleanup Archive for default] o.a.n.c.repository.FileSystemRepository Successfully deleted 0 files (0 bytes) from archive
2024-01-14 19:00:01,865 INFO [Cleanup Archive for default] o.a.n.c.repository.FileSystemRepository Archive cleanup completed for container default; will now allow writing to this container. Bytes used = 97.54 GB, bytes free = 909.31 GB, capacity = 1,006.85 GB
2024-01-14 19:00:07,055 INFO [pool-7-thread-1] o.a.n.c.r.WriteAheadFlowFileRepository Initiating checkpoint of FlowFile Repository
2024-01-14 19:00:07,074 INFO [pool-7-thread-1] o.a.n.wali.SequentialAccessWriteAheadLog Checkpointed Write-Ahead Log with 6 Records and 0 Swap Files in 17 milliseconds (Stop-the-world time = 11 milliseconds), max Transaction ID 16309
2024-01-14 19:00:07,075 INFO [pool-7-thread-1] o.a.n.c.r.WriteAheadFlowFileRepository Successfully checkpointed FlowFile Repository with 6 records in 18 milliseconds
2024-01-14 19:00:08,604 INFO [FileSystemRepository Workers Thread-3] o.a.n.c.repository.FileSystemRepository Successfully archived 11 Resource Claims for Container default in 1 millis
2024-01-14 19:00:27,076 INFO [pool-7-thread-1] o.a.n.c.r.WriteAheadFlowFileRepository Initiating checkpoint of FlowFile Repository
2024-01-14 19:00:27,091 INFO [pool-7-thread-1] o.a.n.wali.SequentialAccessWriteAheadLog Checkpointed Write-Ahead Log with 8 Records and 0 Swap Files in 14 milliseconds (Stop-the-world time = 9 milliseconds), max Transaction ID 16321
2024-01-14 19:00:27,092 INFO [pool-7-thread-1] o.a.n.c.r.WriteAheadFlowFileRepository Successfully checkpointed FlowFile Repository with 8 records in 15 milliseconds
2024-01-14 19:00:28,608 INFO [FileSystemRepository Workers Thread-3] o.a.n.c.repository.FileSystemRepository Successfully archived 3 Resource Claims for Container default in 0 millis
2024-01-14 19:00:47,092 INFO [pool-7-thread-1] o.a.n.c.r.WriteAheadFlowFileRepository Initiating checkpoint of FlowFile Repository
2024-01-14 19:00:47,106 INFO [pool-7-thread-1] o.a.n.wali.SequentialAccessWriteAheadLog Checkpointed Write-Ahead Log with 10 Records and 0 Swap Files in 13 milliseconds (Stop-the-world time = 8 milliseconds), max Transaction ID 16333
2024-01-14 19:00:47,107 INFO [pool-7-thread-1] o.a.n.c.r.WriteAheadFlowFileRepository Successfully checkpointed FlowFile Repository with 10 records in 13 milliseconds
2024-01-14 19:00:48,613 INFO [FileSystemRepository Workers Thread-3] o.a.n.c.repository.FileSystemRepository Successfully archived 3 Resource Claims for Container default in 1 millis
2024-01-14 19:00:53,406 INFO [Write-Ahead Local State Provider Maintenance] org.wali.MinimalLockingWriteAheadLog org.wali.MinimalLockingWriteAheadLog@2330861e checkpointed with 2 Records and 0 Swap Files in 7 milliseconds (Stop-the-world time = 0 milliseconds, Clear Edit Logs time = 0 millis), max Transaction ID 17
2024-01-14 19:01:01,903 INFO [Cleanup Archive for default] o.a.n.c.repository.FileSystemRepository Successfully deleted 0 files (0 bytes) from archive
2024-01-14 19:01:01,904 INFO [Cleanup Archive for default] o.a.n.c.repository.FileSystemRepository Archive cleanup completed for container default; will now allow writing to this container. Bytes used = 97.55 GB, bytes free = 909.3 GB, capacity = 1,006.85 GB
2024-01-14 19:01:07,107 INFO [pool-7-thread-1] o.a.n.c.r.WriteAheadFlowFileRepository Initiating checkpoint of FlowFile Repository
2024-01-14 19:01:07,117 INFO [pool-7-thread-1] o.a.n.wali.SequentialAccessWriteAheadLog Checkpointed Write-Ahead Log with 6 Records and 0 Swap Files in 9 milliseconds (Stop-the-world time = 7 milliseconds), max Transaction ID 16349
2024-01-14 19:01:07,118 INFO [pool-7-thread-1] o.a.n.c.r.WriteAheadFlowFileRepository Successfully checkpointed FlowFile Repository with 6 records in 10 milliseconds
2024-01-14 19:01:08,617 INFO [FileSystemRepository Workers Thread-1] o.a.n.c.repository.FileSystemRepository Successfully archived 11 Resource Claims for Container default in 0 millis
2024-01-14 19:01:27,118 INFO [pool-7-thread-1] o.a.n.c.r.WriteAheadFlowFileRepository Initiating checkpoint of FlowFile Repository
2024-01-14 19:01:27,132 INFO [pool-7-thread-1] o.a.n.wali.SequentialAccessWriteAheadLog Checkpointed Write-Ahead Log with 8 Records and 0 Swap Files in 12 milliseconds (Stop-the-world time = 6 milliseconds), max Transaction ID 16361
2024-01-14 19:01:27,132 INFO [pool-7-thread-1] o.a.n.c.r.WriteAheadFlowFileRepository Successfully checkpointed FlowFile Repository with 8 records in 13 milliseconds
2024-01-14 19:01:28,622 INFO [FileSystemRepository Workers Thread-1] o.a.n.c.repository.FileSystemRepository Successfully archived 3 Resource Claims for Container default in 0 millis
2024-01-14 19:01:47,133 INFO [pool-7-thread-1] o.a.n.c.r.WriteAheadFlowFileRepository Initiating checkpoint of FlowFile Repository
2024-01-14 19:01:47,168 INFO [pool-7-thread-1] o.a.n.wali.SequentialAccessWriteAheadLog Checkpointed Write-Ahead Log with 10 Records and 0 Swap Files in 30 milliseconds (Stop-the-world time = 16 milliseconds), max Transaction ID 16373
2024-01-14 19:01:47,169 INFO [pool-7-thread-1] o.a.n.c.r.WriteAheadFlowFileRepository Successfully checkpointed FlowFile Repository with 10 records in 31 milliseconds
2024-01-14 19:01:48,625 INFO [FileSystemRepository Workers Thread-2] o.a.n.c.repository.FileSystemRepository Successfully archived 3 Resource Claims for Container default in 0 millis
2024-01-14 19:02:01,956 INFO [Cleanup Archive for default] o.a.n.c.repository.FileSystemRepository Successfully deleted 0 files (0 bytes) from archive
2024-01-14 19:02:01,959 INFO [Cleanup Archive for default] o.a.n.c.repository.FileSystemRepository Archive cleanup completed for container default; will now allow writing to this container. Bytes used = 97.55 GB, bytes free = 909.3 GB, capacity = 1,006.85 GB
2024-01-14 19:02:07,170 INFO [pool-7-thread-1] o.a.n.c.r.WriteAheadFlowFileRepository Initiating checkpoint of FlowFile Repository
2024-01-14 19:02:07,184 INFO [pool-7-thread-1] o.a.n.wali.SequentialAccessWriteAheadLog Checkpointed Write-Ahead Log with 6 Records and 0 Swap Files in 13 milliseconds (Stop-the-world time = 10 milliseconds), max Transaction ID 16389
2024-01-14 19:02:07,184 INFO [pool-7-thread-1] o.a.n.c.r.WriteAheadFlowFileRepository Successfully checkpointed FlowFile Repository with 6 records in 14 milliseconds
2024-01-14 19:02:08,631 INFO [FileSystemRepository Workers Thread-4] o.a.n.c.repository.FileSystemRepository Successfully archived 11 Resource Claims for Container default in 1 millis
2024-01-14 19:02:27,184 INFO [pool-7-thread-1] o.a.n.c.r.WriteAheadFlowFileRepository Initiating checkpoint of FlowFile Repository
2024-01-14 19:02:27,217 INFO [pool-7-thread-1] o.a.n.wali.SequentialAccessWriteAheadLog Checkpointed Write-Ahead Log with 8 Records and 0 Swap Files in 27 milliseconds (Stop-the-world time = 18 milliseconds), max Transaction ID 16401
2024-01-14 19:02:27,217 INFO [pool-7-thread-1] o.a.n.c.r.WriteAheadFlowFileRepository Successfully checkpointed FlowFile Repository with 8 records in 27 milliseconds
2024-01-14 19:02:28,634 INFO [FileSystemRepository Workers Thread-2] o.a.n.c.repository.FileSystemRepository Successfully archived 3 Resource Claims for Container default in 0 millis
2024-01-14 19:02:47,217 INFO [pool-7-thread-1] o.a.n.c.r.WriteAheadFlowFileRepository Initiating checkpoint of FlowFile Repository
2024-01-14 19:02:47,238 INFO [pool-7-thread-1] o.a.n.wali.SequentialAccessWriteAheadLog Checkpointed Write-Ahead Log with 10 Records and 0 Swap Files in 20 milliseconds (Stop-the-world time = 6 milliseconds), max Transaction ID 16413
2024-01-14 19:02:47,240 INFO [pool-7-thread-1] o.a.n.c.r.WriteAheadFlowFileRepository Successfully checkpointed FlowFile Repository with 10 records in 22 milliseconds
2024-01-14 19:02:48,638 INFO [FileSystemRepository Workers Thread-3] o.a.n.c.repository.FileSystemRepository Successfully archived 3 Resource Claims for Container default in 0 millis
2024-01-14 19:02:53,415 INFO [Write-Ahead Local State Provider Maintenance] org.wali.MinimalLockingWriteAheadLog org.wali.MinimalLockingWriteAheadLog@2330861e checkpointed with 2 Records and 0 Swap Files in 8 milliseconds (Stop-the-world time = 1 milliseconds, Clear Edit Logs time = 0 millis), max Transaction ID 17
2024-01-14 19:03:01,986 INFO [Cleanup Archive for default] o.a.n.c.repository.FileSystemRepository Successfully deleted 0 files (0 bytes) from archive
2024-01-14 19:03:01,988 INFO [Cleanup Archive for default] o.a.n.c.repository.FileSystemRepository Archive cleanup completed for container default; will now allow writing to this container. Bytes used = 97.56 GB, bytes free = 909.3 GB, capacity = 1,006.85 GB
2024-01-14 19:03:07,240 INFO [pool-7-thread-1] o.a.n.c.r.WriteAheadFlowFileRepository Initiating checkpoint of FlowFile Repository
2024-01-14 19:03:07,257 INFO [pool-7-thread-1] o.a.n.wali.SequentialAccessWriteAheadLog Checkpointed Write-Ahead Log with 6 Records and 0 Swap Files in 16 milliseconds (Stop-the-world time = 11 milliseconds), max Transaction ID 16429
2024-01-14 19:03:07,258 INFO [pool-7-thread-1] o.a.n.c.r.WriteAheadFlowFileRepository Successfully checkpointed FlowFile Repository with 6 records in 17 milliseconds
2024-01-14 19:03:08,642 INFO [FileSystemRepository Workers Thread-1] o.a.n.c.repository.FileSystemRepository Successfully archived 11 Resource Claims for Container default in 2 millis
2024-01-14 19:03:27,264 INFO [pool-7-thread-1] o.a.n.c.r.WriteAheadFlowFileRepository Initiating checkpoint of FlowFile Repository
2024-01-14 19:03:27,291 INFO [pool-7-thread-1] o.a.n.wali.SequentialAccessWriteAheadLog Checkpointed Write-Ahead Log with 8 Records and 0 Swap Files in 21 milliseconds (Stop-the-world time = 13 milliseconds), max Transaction ID 16441
2024-01-14 19:03:27,292 INFO [pool-7-thread-1] o.a.n.c.r.WriteAheadFlowFileRepository Successfully checkpointed FlowFile Repository with 8 records in 22 milliseconds
2024-01-14 19:03:28,650 INFO [FileSystemRepository Workers Thread-3] o.a.n.c.repository.FileSystemRepository Successfully archived 3 Resource Claims for Container default in 0 millis
2024-01-14 19:03:47,087 INFO [Timer-Driven Process Thread-7] o.a.n.p.store.WriteAheadStorePartition Successfully rolled over Event Writer for Provenance Event Store Partition[directory=./provenance_repository] due to MAX_TIME_REACHED. Event File was 26.35 MB and contained 18538 events.
2024-01-14 19:03:47,299 INFO [pool-7-thread-1] o.a.n.c.r.WriteAheadFlowFileRepository Initiating checkpoint of FlowFile Repository
2024-01-14 19:03:47,329 INFO [pool-7-thread-1] o.a.n.wali.SequentialAccessWriteAheadLog Checkpointed Write-Ahead Log with 10 Records and 0 Swap Files in 22 milliseconds (Stop-the-world time = 7 milliseconds), max Transaction ID 16453
2024-01-14 19:03:47,334 INFO [pool-7-thread-1] o.a.n.c.r.WriteAheadFlowFileRepository Successfully checkpointed FlowFile Repository with 10 records in 27 milliseconds
2024-01-14 19:03:48,659 INFO [FileSystemRepository Workers Thread-3] o.a.n.c.repository.FileSystemRepository Successfully archived 3 Resource Claims for Container default in 0 millis
2024-01-14 19:04:02,026 INFO [Cleanup Archive for default] o.a.n.c.repository.FileSystemRepository Successfully deleted 0 files (0 bytes) from archive
2024-01-14 19:04:02,027 INFO [Cleanup Archive for default] o.a.n.c.repository.FileSystemRepository Archive cleanup completed for container default; will now allow writing to this container. Bytes used = 97.53 GB, bytes free = 909.32 GB, capacity = 1,006.85 GB
2024-01-14 19:04:07,339 INFO [pool-7-thread-1] o.a.n.c.r.WriteAheadFlowFileRepository Initiating checkpoint of FlowFile Repository
2024-01-14 19:04:07,359 INFO [pool-7-thread-1] o.a.n.wali.SequentialAccessWriteAheadLog Checkpointed Write-Ahead Log with 5 Records and 0 Swap Files in 19 milliseconds (Stop-the-world time = 9 milliseconds), max Transaction ID 16467
2024-01-14 19:04:07,360 INFO [pool-7-thread-1] o.a.n.c.r.WriteAheadFlowFileRepository Successfully checkpointed FlowFile Repository with 5 records in 20 milliseconds
2024-01-14 19:04:08,673 INFO [FileSystemRepository Workers Thread-2] o.a.n.c.repository.FileSystemRepository Successfully archived 11 Resource Claims for Container default in 0 millis
2024-01-14 19:04:27,360 INFO [pool-7-thread-1] o.a.n.c.r.WriteAheadFlowFileRepository Initiating checkpoint of FlowFile Repository
2024-01-14 19:04:27,380 INFO [pool-7-thread-1] o.a.n.wali.SequentialAccessWriteAheadLog Checkpointed Write-Ahead Log with 7 Records and 0 Swap Files in 14 milliseconds (Stop-the-world time = 7 milliseconds), max Transaction ID 16479
2024-01-14 19:04:27,383 INFO [pool-7-thread-1] o.a.n.c.r.WriteAheadFlowFileRepository Successfully checkpointed FlowFile Repository with 7 records in 16 milliseconds
2024-01-14 19:04:28,681 INFO [FileSystemRepository Workers Thread-3] o.a.n.c.repository.FileSystemRepository Successfully archived 3 Resource Claims for Container default in 0 millis
2024-01-14 19:04:47,383 INFO [pool-7-thread-1] o.a.n.c.r.WriteAheadFlowFileRepository Initiating checkpoint of FlowFile Repository
2024-01-14 19:04:47,391 INFO [pool-7-thread-1] o.a.n.wali.SequentialAccessWriteAheadLog Checkpointed Write-Ahead Log with 9 Records and 0 Swap Files in 6 milliseconds (Stop-the-world time = 0 milliseconds), max Transaction ID 16491
2024-01-14 19:04:47,392 INFO [pool-7-thread-1] o.a.n.c.r.WriteAheadFlowFileRepository Successfully checkpointed FlowFile Repository with 9 records in 7 milliseconds
2024-01-14 19:04:48,688 INFO [FileSystemRepository Workers Thread-3] o.a.n.c.repository.FileSystemRepository Successfully archived 3 Resource Claims for Container default in 2 millis
2024-01-14 19:04:53,423 INFO [Write-Ahead Local State Provider Maintenance] org.wali.MinimalLockingWriteAheadLog org.wali.MinimalLockingWriteAheadLog@2330861e checkpointed with 2 Records and 0 Swap Files in 6 milliseconds (Stop-the-world time = 0 milliseconds, Clear Edit Logs time = 0 millis), max Transaction ID 17
2024-01-14 19:05:02,063 INFO [Cleanup Archive for default] o.a.n.c.repository.FileSystemRepository Successfully deleted 0 files (0 bytes) from archive
2024-01-14 19:05:02,064 INFO [Cleanup Archive for default] o.a.n.c.repository.FileSystemRepository Archive cleanup completed for container default; will now allow writing to this container. Bytes used = 97.54 GB, bytes free = 909.31 GB, capacity = 1,006.85 GB
2024-01-14 19:05:07,391 INFO [pool-7-thread-1] o.a.n.c.r.WriteAheadFlowFileRepository Initiating checkpoint of FlowFile Repository
2024-01-14 19:05:07,430 INFO [pool-7-thread-1] o.a.n.wali.SequentialAccessWriteAheadLog Checkpointed Write-Ahead Log with 5 Records and 0 Swap Files in 37 milliseconds (Stop-the-world time = 7 milliseconds), max Transaction ID 16507
2024-01-14 19:05:07,431 INFO [pool-7-thread-1] o.a.n.c.r.WriteAheadFlowFileRepository Successfully checkpointed FlowFile Repository with 5 records in 39 milliseconds
2024-01-14 19:05:08,707 INFO [FileSystemRepository Workers Thread-4] o.a.n.c.repository.FileSystemRepository Successfully archived 10 Resource Claims for Container default in 1 millis
2024-01-14 19:05:27,438 INFO [pool-7-thread-1] o.a.n.c.r.WriteAheadFlowFileRepository Initiating checkpoint of FlowFile Repository
2024-01-14 19:05:27,455 INFO [pool-7-thread-1] o.a.n.wali.SequentialAccessWriteAheadLog Checkpointed Write-Ahead Log with 7 Records and 0 Swap Files in 14 milliseconds (Stop-the-world time = 4 milliseconds), max Transaction ID 16519
2024-01-14 19:05:27,455 INFO [pool-7-thread-1] o.a.n.c.r.WriteAheadFlowFileRepository Successfully checkpointed FlowFile Repository with 7 records in 15 milliseconds
2024-01-14 19:05:28,711 INFO [FileSystemRepository Workers Thread-3] o.a.n.c.repository.FileSystemRepository Successfully archived 3 Resource Claims for Container default in 0 millis
2024-01-14 19:05:47,456 INFO [pool-7-thread-1] o.a.n.c.r.WriteAheadFlowFileRepository Initiating checkpoint of FlowFile Repository
2024-01-14 19:05:47,461 INFO [pool-7-thread-1] o.a.n.wali.SequentialAccessWriteAheadLog Checkpointed Write-Ahead Log with 9 Records and 0 Swap Files in 4 milliseconds (Stop-the-world time = 0 milliseconds), max Transaction ID 16531
2024-01-14 19:05:47,461 INFO [pool-7-thread-1] o.a.n.c.r.WriteAheadFlowFileRepository Successfully checkpointed FlowFile Repository with 9 records in 4 milliseconds
2024-01-14 19:05:48,714 INFO [FileSystemRepository Workers Thread-4] o.a.n.c.repository.FileSystemRepository Successfully archived 3 Resource Claims for Container default in 0 millis
2024-01-14 19:06:02,086 INFO [Cleanup Archive for default] o.a.n.c.repository.FileSystemRepository Successfully deleted 0 files (0 bytes) from archive
2024-01-14 19:06:02,086 INFO [Cleanup Archive for default] o.a.n.c.repository.FileSystemRepository Archive cleanup completed for container default; will now allow writing to this container. Bytes used = 97.4 GB, bytes free = 909.45 GB, capacity = 1,006.85 GB
2024-01-14 19:06:06,453 WARN [kafka-producer-network-thread | producer-4ea7cf8d-71c8-4d5a-ba22-2d16e2d9d617] org.apache.kafka.clients.NetworkClient [Producer clientId=producer-4ea7cf8d-71c8-4d5a-ba22-2d16e2d9d617, transactionalId=4ea7cf8d-71c8-4d5a-ba22-2d16e2d9d617] Connection to node 0 (/10.0.0.10:9092) could not be established. Broker may not be available.
2024-01-14 19:06:06,554 WARN [kafka-producer-network-thread | producer-4ea7cf8d-71c8-4d5a-ba22-2d16e2d9d617] org.apache.kafka.clients.NetworkClient [Producer clientId=producer-4ea7cf8d-71c8-4d5a-ba22-2d16e2d9d617, transactionalId=4ea7cf8d-71c8-4d5a-ba22-2d16e2d9d617] Connection to node 1 (/10.0.0.11:9092) could not be established. Broker may not be available.
2024-01-14 19:06:06,655 WARN [kafka-producer-network-thread | producer-4ea7cf8d-71c8-4d5a-ba22-2d16e2d9d617] org.apache.kafka.clients.NetworkClient [Producer clientId=producer-4ea7cf8d-71c8-4d5a-ba22-2d16e2d9d617, transactionalId=4ea7cf8d-71c8-4d5a-ba22-2d16e2d9d617] Connection to node 1 (/10.0.0.11:9092) could not be established. Broker may not be available.
2024-01-14 19:06:06,756 WARN [kafka-producer-network-thread | producer-4ea7cf8d-71c8-4d5a-ba22-2d16e2d9d617] org.apache.kafka.clients.NetworkClient [Producer clientId=producer-4ea7cf8d-71c8-4d5a-ba22-2d16e2d9d617, transactionalId=4ea7cf8d-71c8-4d5a-ba22-2d16e2d9d617] Connection to node 0 (/10.0.0.10:9092) could not be established. Broker may not be available.
2024-01-14 19:06:06,857 WARN [kafka-producer-network-thread | producer-4ea7cf8d-71c8-4d5a-ba22-2d16e2d9d617] org.apache.kafka.clients.NetworkClient [Producer clientId=producer-4ea7cf8d-71c8-4d5a-ba22-2d16e2d9d617, transactionalId=4ea7cf8d-71c8-4d5a-ba22-2d16e2d9d617] Connection to node 1 (/10.0.0.11:9092) could not be established. Broker may not be available.
2024-01-14 19:06:06,958 WARN [kafka-producer-network-thread | producer-4ea7cf8d-71c8-4d5a-ba22-2d16e2d9d617] org.apache.kafka.clients.NetworkClient [Producer clientId=producer-4ea7cf8d-71c8-4d5a-ba22-2d16e2d9d617, transactionalId=4ea7cf8d-71c8-4d5a-ba22-2d16e2d9d617] Connection to node 0 (/10.0.0.10:9092) could not be established. Broker may not be available.
2024-01-14 19:06:07,209 WARN [kafka-producer-network-thread | producer-4ea7cf8d-71c8-4d5a-ba22-2d16e2d9d617] org.apache.kafka.clients.NetworkClient [Producer clientId=producer-4ea7cf8d-71c8-4d5a-ba22-2d16e2d9d617, transactionalId=4ea7cf8d-71c8-4d5a-ba22-2d16e2d9d617] Connection to node 0 (/10.0.0.10:9092) could not be established. Broker may not be available.
2024-01-14 19:06:07,309 WARN [kafka-producer-network-thread | producer-4ea7cf8d-71c8-4d5a-ba22-2d16e2d9d617] org.apache.kafka.clients.NetworkClient [Producer clientId=producer-4ea7cf8d-71c8-4d5a-ba22-2d16e2d9d617, transactionalId=4ea7cf8d-71c8-4d5a-ba22-2d16e2d9d617] Connection to node 1 (/10.0.0.11:9092) could not be established. Broker may not be available.
2024-01-14 19:06:07,462 INFO [pool-7-thread-1] o.a.n.c.r.WriteAheadFlowFileRepository Initiating checkpoint of FlowFile Repository
2024-01-14 19:06:07,497 INFO [pool-7-thread-1] o.a.n.wali.SequentialAccessWriteAheadLog Checkpointed Write-Ahead Log with 5 Records and 0 Swap Files in 34 milliseconds (Stop-the-world time = 9 milliseconds), max Transaction ID 16547
2024-01-14 19:06:07,497 INFO [pool-7-thread-1] o.a.n.c.r.WriteAheadFlowFileRepository Successfully checkpointed FlowFile Repository with 5 records in 34 milliseconds
2024-01-14 19:06:07,660 WARN [kafka-producer-network-thread | producer-4ea7cf8d-71c8-4d5a-ba22-2d16e2d9d617] org.apache.kafka.clients.NetworkClient [Producer clientId=producer-4ea7cf8d-71c8-4d5a-ba22-2d16e2d9d617, transactionalId=4ea7cf8d-71c8-4d5a-ba22-2d16e2d9d617] Connection to node 0 (/10.0.0.10:9092) could not be established. Broker may not be available.
2024-01-14 19:06:08,012 WARN [kafka-producer-network-thread | producer-4ea7cf8d-71c8-4d5a-ba22-2d16e2d9d617] org.apache.kafka.clients.NetworkClient [Producer clientId=producer-4ea7cf8d-71c8-4d5a-ba22-2d16e2d9d617, transactionalId=4ea7cf8d-71c8-4d5a-ba22-2d16e2d9d617] Connection to node 1 (/10.0.0.11:9092) could not be established. Broker may not be available.
2024-01-14 19:06:08,718 INFO [FileSystemRepository Workers Thread-3] o.a.n.c.repository.FileSystemRepository Successfully archived 11 Resource Claims for Container default in 1 millis
2024-01-14 19:06:12,059 WARN [kafka-producer-network-thread | producer-4ea7cf8d-71c8-4d5a-ba22-2d16e2d9d617] org.apache.kafka.clients.NetworkClient [Producer clientId=producer-4ea7cf8d-71c8-4d5a-ba22-2d16e2d9d617, transactionalId=4ea7cf8d-71c8-4d5a-ba22-2d16e2d9d617] Connection to node 1 (/10.0.0.11:9092) could not be established. Broker may not be available.
2024-01-14 19:06:14,020 INFO [pool-2-thread-2] org.apache.nifi.BootstrapListener Received SHUTDOWN request from Bootstrap
2024-01-14 19:06:14,021 INFO [pool-2-thread-2] org.apache.nifi.NiFi Application Server shutdown started
2024-01-14 19:06:14,040 INFO [pool-2-thread-2] o.eclipse.jetty.server.AbstractConnector Stopped ServerConnector@7b5c9412{HTTP/1.1, (http/1.1)}{nifi:8080}
2024-01-14 19:06:14,041 INFO [pool-2-thread-2] org.eclipse.jetty.server.session node0 Stopped scavenging
