2023-12-04 11:48:48,455 INFO [main] o.a.n.b.NotificationServiceManager Successfully loaded the following 0 services: []
2023-12-04 11:48:48,472 INFO [main] org.apache.nifi.bootstrap.RunNiFi Registered no Notification Services for Notification Type NIFI_STARTED
2023-12-04 11:48:48,473 INFO [main] org.apache.nifi.bootstrap.RunNiFi Registered no Notification Services for Notification Type NIFI_STOPPED
2023-12-04 11:48:48,473 INFO [main] org.apache.nifi.bootstrap.RunNiFi Registered no Notification Services for Notification Type NIFI_DIED
2023-12-04 11:48:48,495 INFO [main] org.apache.nifi.bootstrap.RunNiFi Runtime Java version: 11.0.20
2023-12-04 11:48:48,525 INFO [main] org.apache.nifi.bootstrap.Command Starting Apache NiFi...
2023-12-04 11:48:48,526 INFO [main] org.apache.nifi.bootstrap.Command Working Directory: /opt/nifi/nifi-current
2023-12-04 11:48:48,526 INFO [main] org.apache.nifi.bootstrap.Command Command: /opt/java/openjdk/bin/java -classpath /opt/nifi/nifi-current/./conf:/opt/nifi/nifi-current/./lib/nifi-stateless-bootstrap-1.23.2.jar:/opt/nifi/nifi-current/./lib/logback-core-1.3.8.jar:/opt/nifi/nifi-current/./lib/jcl-over-slf4j-2.0.7.jar:/opt/nifi/nifi-current/./lib/slf4j-api-2.0.7.jar:/opt/nifi/nifi-current/./lib/nifi-server-api-1.23.2.jar:/opt/nifi/nifi-current/./lib/nifi-property-utils-1.23.2.jar:/opt/nifi/nifi-current/./lib/nifi-framework-api-1.23.2.jar:/opt/nifi/nifi-current/./lib/log4j-over-slf4j-2.0.7.jar:/opt/nifi/nifi-current/./lib/nifi-stateless-api-1.23.2.jar:/opt/nifi/nifi-current/./lib/nifi-per-process-group-logging-1.23.2.jar:/opt/nifi/nifi-current/./lib/nifi-properties-1.23.2.jar:/opt/nifi/nifi-current/./lib/logback-classic-1.3.8.jar:/opt/nifi/nifi-current/./lib/jetty-schemas-5.2.jar:/opt/nifi/nifi-current/./lib/javax.servlet-api-3.1.0.jar:/opt/nifi/nifi-current/./lib/nifi-api-1.23.2.jar:/opt/nifi/nifi-current/./lib/nifi-nar-utils-1.23.2.jar:/opt/nifi/nifi-current/./lib/jul-to-slf4j-2.0.7.jar:/opt/nifi/nifi-current/./lib/nifi-runtime-1.23.2.jar:/opt/nifi/nifi-current/./lib/java11/jaxb-runtime-2.3.5.jar:/opt/nifi/nifi-current/./lib/java11/javax.annotation-api-1.3.2.jar:/opt/nifi/nifi-current/./lib/java11/jakarta.activation-api-1.2.2.jar:/opt/nifi/nifi-current/./lib/java11/jakarta.activation-1.2.2.jar:/opt/nifi/nifi-current/./lib/java11/txw2-2.3.5.jar:/opt/nifi/nifi-current/./lib/java11/istack-commons-runtime-3.0.12.jar:/opt/nifi/nifi-current/./lib/java11/jakarta.xml.bind-api-2.3.3.jar -Dorg.apache.jasper.compiler.disablejsr199=true -Xmx512m -Xms512m -Dcurator-log-only-first-connection-issue-as-error-level=true -Djavax.security.auth.useSubjectCredsOnly=true -Djava.security.egd=file:/dev/urandom -Dzookeeper.admin.enableServer=false -Dsun.net.http.allowRestrictedHeaders=true -Djava.net.preferIPv4Stack=true -Djava.awt.headless=true -Djava.protocol.handler.pkgs=sun.net.www.protocol -Dnifi.properties.file.path=/opt/nifi/nifi-current/./conf/nifi.properties -Dnifi.bootstrap.listen.port=37461 -Dapp=NiFi -Dorg.apache.nifi.bootstrap.config.log.dir=/opt/nifi/nifi-current/logs org.apache.nifi.NiFi 
2023-12-04 11:48:48,620 INFO [main] org.apache.nifi.bootstrap.Command Launched Apache NiFi with Process ID 91
2023-12-04 11:48:49,356 INFO [NiFi Bootstrap Command Listener] org.apache.nifi.bootstrap.RunNiFi Apache NiFi now running and listening for Bootstrap requests on port 39271
2023-12-04 11:49:18,945 ERROR [NiFi logging handler] org.apache.nifi.StdErr Warning: Nashorn engine is planned to be removed from a future JDK release
2023-12-04 11:49:21,918 ERROR [NiFi logging handler] org.apache.nifi.StdErr Warning: Nashorn engine is planned to be removed from a future JDK release
2023-12-04 11:49:21,927 ERROR [NiFi logging handler] org.apache.nifi.StdErr Warning: Nashorn engine is planned to be removed from a future JDK release
2023-12-04 11:49:21,981 ERROR [NiFi logging handler] org.apache.nifi.StdErr Warning: Nashorn engine is planned to be removed from a future JDK release
2023-12-04 11:49:22,172 ERROR [NiFi logging handler] org.apache.nifi.StdErr Warning: Nashorn engine is planned to be removed from a future JDK release
2023-12-04 11:49:22,181 ERROR [NiFi logging handler] org.apache.nifi.StdErr Warning: Nashorn engine is planned to be removed from a future JDK release
2023-12-04 11:49:22,201 ERROR [NiFi logging handler] org.apache.nifi.StdErr Warning: Nashorn engine is planned to be removed from a future JDK release
2023-12-04 11:49:22,230 ERROR [NiFi logging handler] org.apache.nifi.StdErr Warning: Nashorn engine is planned to be removed from a future JDK release
2023-12-04 11:49:22,861 ERROR [NiFi logging handler] org.apache.nifi.StdErr Warning: Nashorn engine is planned to be removed from a future JDK release
2023-12-04 12:22:52,645 INFO [main] o.a.n.b.NotificationServiceManager Successfully loaded the following 0 services: []
2023-12-04 12:22:52,648 INFO [main] org.apache.nifi.bootstrap.RunNiFi Registered no Notification Services for Notification Type NIFI_STARTED
2023-12-04 12:22:52,649 INFO [main] org.apache.nifi.bootstrap.RunNiFi Registered no Notification Services for Notification Type NIFI_STOPPED
2023-12-04 12:22:52,649 INFO [main] org.apache.nifi.bootstrap.RunNiFi Registered no Notification Services for Notification Type NIFI_DIED
2023-12-04 12:22:52,663 INFO [main] org.apache.nifi.bootstrap.Command Apache NiFi has accepted the Shutdown Command and is shutting down now
2023-12-04 12:22:52,786 INFO [main] org.apache.nifi.bootstrap.Command NiFi PID [91] shutdown in progress...
2023-12-04 12:22:54,792 INFO [main] org.apache.nifi.bootstrap.Command NiFi PID [91] shutdown in progress...
2023-12-04 12:22:55,975 INFO [main] org.apache.nifi.bootstrap.RunNiFi A shutdown was initiated. Will not restart NiFi
2023-12-04 12:22:56,797 INFO [main] org.apache.nifi.bootstrap.Command NiFi PID [91] shutdown completed
2023-12-04 13:24:59,670 INFO [main] o.a.n.b.NotificationServiceManager Successfully loaded the following 0 services: []
2023-12-04 13:24:59,674 INFO [main] org.apache.nifi.bootstrap.RunNiFi Registered no Notification Services for Notification Type NIFI_STARTED
2023-12-04 13:24:59,674 INFO [main] org.apache.nifi.bootstrap.RunNiFi Registered no Notification Services for Notification Type NIFI_STOPPED
2023-12-04 13:24:59,674 INFO [main] org.apache.nifi.bootstrap.RunNiFi Registered no Notification Services for Notification Type NIFI_DIED
2023-12-04 13:24:59,683 INFO [main] org.apache.nifi.bootstrap.RunNiFi Runtime Java version: 11.0.20
2023-12-04 13:24:59,703 INFO [main] org.apache.nifi.bootstrap.Command Starting Apache NiFi...
2023-12-04 13:24:59,703 INFO [main] org.apache.nifi.bootstrap.Command Working Directory: /opt/nifi/nifi-current
2023-12-04 13:24:59,704 INFO [main] org.apache.nifi.bootstrap.Command Command: /opt/java/openjdk/bin/java -classpath /opt/nifi/nifi-current/./conf:/opt/nifi/nifi-current/./lib/nifi-stateless-bootstrap-1.23.2.jar:/opt/nifi/nifi-current/./lib/logback-core-1.3.8.jar:/opt/nifi/nifi-current/./lib/jcl-over-slf4j-2.0.7.jar:/opt/nifi/nifi-current/./lib/slf4j-api-2.0.7.jar:/opt/nifi/nifi-current/./lib/nifi-server-api-1.23.2.jar:/opt/nifi/nifi-current/./lib/nifi-property-utils-1.23.2.jar:/opt/nifi/nifi-current/./lib/nifi-framework-api-1.23.2.jar:/opt/nifi/nifi-current/./lib/log4j-over-slf4j-2.0.7.jar:/opt/nifi/nifi-current/./lib/nifi-stateless-api-1.23.2.jar:/opt/nifi/nifi-current/./lib/nifi-per-process-group-logging-1.23.2.jar:/opt/nifi/nifi-current/./lib/nifi-properties-1.23.2.jar:/opt/nifi/nifi-current/./lib/logback-classic-1.3.8.jar:/opt/nifi/nifi-current/./lib/jetty-schemas-5.2.jar:/opt/nifi/nifi-current/./lib/javax.servlet-api-3.1.0.jar:/opt/nifi/nifi-current/./lib/nifi-api-1.23.2.jar:/opt/nifi/nifi-current/./lib/nifi-nar-utils-1.23.2.jar:/opt/nifi/nifi-current/./lib/jul-to-slf4j-2.0.7.jar:/opt/nifi/nifi-current/./lib/nifi-runtime-1.23.2.jar:/opt/nifi/nifi-current/./lib/java11/jaxb-runtime-2.3.5.jar:/opt/nifi/nifi-current/./lib/java11/javax.annotation-api-1.3.2.jar:/opt/nifi/nifi-current/./lib/java11/jakarta.activation-api-1.2.2.jar:/opt/nifi/nifi-current/./lib/java11/jakarta.activation-1.2.2.jar:/opt/nifi/nifi-current/./lib/java11/txw2-2.3.5.jar:/opt/nifi/nifi-current/./lib/java11/istack-commons-runtime-3.0.12.jar:/opt/nifi/nifi-current/./lib/java11/jakarta.xml.bind-api-2.3.3.jar -Dorg.apache.jasper.compiler.disablejsr199=true -Xmx512m -Xms512m -Dcurator-log-only-first-connection-issue-as-error-level=true -Djavax.security.auth.useSubjectCredsOnly=true -Djava.security.egd=file:/dev/urandom -Dzookeeper.admin.enableServer=false -Dsun.net.http.allowRestrictedHeaders=true -Djava.net.preferIPv4Stack=true -Djava.awt.headless=true -Djava.protocol.handler.pkgs=sun.net.www.protocol -Dnifi.properties.file.path=/opt/nifi/nifi-current/./conf/nifi.properties -Dnifi.bootstrap.listen.port=34735 -Dapp=NiFi -Dorg.apache.nifi.bootstrap.config.log.dir=/opt/nifi/nifi-current/logs org.apache.nifi.NiFi 
2023-12-04 13:24:59,777 INFO [main] org.apache.nifi.bootstrap.Command Launched Apache NiFi with Process ID 90
2023-12-04 13:25:00,324 INFO [NiFi Bootstrap Command Listener] org.apache.nifi.bootstrap.RunNiFi Apache NiFi now running and listening for Bootstrap requests on port 34721
2023-12-04 13:25:25,031 ERROR [NiFi logging handler] org.apache.nifi.StdErr Warning: Nashorn engine is planned to be removed from a future JDK release
2023-12-04 13:25:27,382 ERROR [NiFi logging handler] org.apache.nifi.StdErr Warning: Nashorn engine is planned to be removed from a future JDK release
2023-12-04 13:25:27,417 ERROR [NiFi logging handler] org.apache.nifi.StdErr Warning: Nashorn engine is planned to be removed from a future JDK release
2023-12-04 13:25:27,425 ERROR [NiFi logging handler] org.apache.nifi.StdErr Warning: Nashorn engine is planned to be removed from a future JDK release
2023-12-04 13:25:27,433 ERROR [NiFi logging handler] org.apache.nifi.StdErr Warning: Nashorn engine is planned to be removed from a future JDK release
2023-12-04 13:25:27,460 ERROR [NiFi logging handler] org.apache.nifi.StdErr Warning: Nashorn engine is planned to be removed from a future JDK release
2023-12-04 13:25:27,471 ERROR [NiFi logging handler] org.apache.nifi.StdErr Warning: Nashorn engine is planned to be removed from a future JDK release
2023-12-04 13:25:27,609 ERROR [NiFi logging handler] org.apache.nifi.StdErr Warning: Nashorn engine is planned to be removed from a future JDK release
2023-12-04 13:25:27,998 ERROR [NiFi logging handler] org.apache.nifi.StdErr Warning: Nashorn engine is planned to be removed from a future JDK release
2023-12-04 13:25:30,328 INFO [main] o.a.n.b.NotificationServiceManager Successfully loaded the following 0 services: []
2023-12-04 13:25:30,331 INFO [main] org.apache.nifi.bootstrap.RunNiFi Registered no Notification Services for Notification Type NIFI_STARTED
2023-12-04 13:25:30,332 INFO [main] org.apache.nifi.bootstrap.RunNiFi Registered no Notification Services for Notification Type NIFI_STOPPED
2023-12-04 13:25:30,332 INFO [main] org.apache.nifi.bootstrap.RunNiFi Registered no Notification Services for Notification Type NIFI_DIED
2023-12-04 13:25:30,347 INFO [main] org.apache.nifi.bootstrap.Command Apache NiFi has accepted the Shutdown Command and is shutting down now
2023-12-04 13:25:30,422 INFO [main] org.apache.nifi.bootstrap.Command NiFi PID [90] shutdown in progress...
2023-12-04 13:25:32,424 INFO [main] org.apache.nifi.bootstrap.Command NiFi PID [90] shutdown in progress...
2023-12-04 13:25:34,427 INFO [main] org.apache.nifi.bootstrap.Command NiFi PID [90] shutdown in progress...
2023-12-04 13:25:36,429 INFO [main] org.apache.nifi.bootstrap.Command NiFi PID [90] shutdown in progress...
2023-12-04 13:25:38,432 INFO [main] org.apache.nifi.bootstrap.Command NiFi PID [90] shutdown in progress...
2023-12-07 14:25:14,841 INFO [main] o.a.n.b.NotificationServiceManager Successfully loaded the following 0 services: []
2023-12-07 14:25:14,848 INFO [main] org.apache.nifi.bootstrap.RunNiFi Registered no Notification Services for Notification Type NIFI_STARTED
2023-12-07 14:25:14,849 INFO [main] org.apache.nifi.bootstrap.RunNiFi Registered no Notification Services for Notification Type NIFI_STOPPED
2023-12-07 14:25:14,850 INFO [main] org.apache.nifi.bootstrap.RunNiFi Registered no Notification Services for Notification Type NIFI_DIED
2023-12-07 14:25:14,897 INFO [main] org.apache.nifi.bootstrap.Command Apache NiFi has accepted the Shutdown Command and is shutting down now
2023-12-07 14:25:15,096 INFO [main] org.apache.nifi.bootstrap.Command NiFi PID [90] shutdown in progress...
2023-12-07 14:25:17,099 INFO [main] org.apache.nifi.bootstrap.Command NiFi PID [90] shutdown completed
2023-12-07 14:26:48,618 INFO [main] o.a.n.b.NotificationServiceManager Successfully loaded the following 0 services: []
2023-12-07 14:26:48,622 INFO [main] org.apache.nifi.bootstrap.RunNiFi Registered no Notification Services for Notification Type NIFI_STARTED
2023-12-07 14:26:48,623 INFO [main] org.apache.nifi.bootstrap.RunNiFi Registered no Notification Services for Notification Type NIFI_STOPPED
2023-12-07 14:26:48,624 INFO [main] org.apache.nifi.bootstrap.RunNiFi Registered no Notification Services for Notification Type NIFI_DIED
2023-12-07 14:26:48,633 INFO [main] org.apache.nifi.bootstrap.RunNiFi Runtime Java version: 11.0.20
2023-12-07 14:26:48,663 INFO [main] org.apache.nifi.bootstrap.Command Starting Apache NiFi...
2023-12-07 14:26:48,664 INFO [main] org.apache.nifi.bootstrap.Command Working Directory: /opt/nifi/nifi-current
2023-12-07 14:26:48,664 INFO [main] org.apache.nifi.bootstrap.Command Command: /opt/java/openjdk/bin/java -classpath /opt/nifi/nifi-current/./conf:/opt/nifi/nifi-current/./lib/nifi-stateless-bootstrap-1.23.2.jar:/opt/nifi/nifi-current/./lib/logback-core-1.3.8.jar:/opt/nifi/nifi-current/./lib/jcl-over-slf4j-2.0.7.jar:/opt/nifi/nifi-current/./lib/slf4j-api-2.0.7.jar:/opt/nifi/nifi-current/./lib/nifi-server-api-1.23.2.jar:/opt/nifi/nifi-current/./lib/nifi-property-utils-1.23.2.jar:/opt/nifi/nifi-current/./lib/nifi-framework-api-1.23.2.jar:/opt/nifi/nifi-current/./lib/log4j-over-slf4j-2.0.7.jar:/opt/nifi/nifi-current/./lib/nifi-stateless-api-1.23.2.jar:/opt/nifi/nifi-current/./lib/nifi-per-process-group-logging-1.23.2.jar:/opt/nifi/nifi-current/./lib/nifi-properties-1.23.2.jar:/opt/nifi/nifi-current/./lib/logback-classic-1.3.8.jar:/opt/nifi/nifi-current/./lib/jetty-schemas-5.2.jar:/opt/nifi/nifi-current/./lib/javax.servlet-api-3.1.0.jar:/opt/nifi/nifi-current/./lib/nifi-api-1.23.2.jar:/opt/nifi/nifi-current/./lib/nifi-nar-utils-1.23.2.jar:/opt/nifi/nifi-current/./lib/jul-to-slf4j-2.0.7.jar:/opt/nifi/nifi-current/./lib/nifi-runtime-1.23.2.jar:/opt/nifi/nifi-current/./lib/java11/jaxb-runtime-2.3.5.jar:/opt/nifi/nifi-current/./lib/java11/javax.annotation-api-1.3.2.jar:/opt/nifi/nifi-current/./lib/java11/jakarta.activation-api-1.2.2.jar:/opt/nifi/nifi-current/./lib/java11/jakarta.activation-1.2.2.jar:/opt/nifi/nifi-current/./lib/java11/txw2-2.3.5.jar:/opt/nifi/nifi-current/./lib/java11/istack-commons-runtime-3.0.12.jar:/opt/nifi/nifi-current/./lib/java11/jakarta.xml.bind-api-2.3.3.jar -Dorg.apache.jasper.compiler.disablejsr199=true -Xmx512m -Xms512m -Dcurator-log-only-first-connection-issue-as-error-level=true -Djavax.security.auth.useSubjectCredsOnly=true -Djava.security.egd=file:/dev/urandom -Dzookeeper.admin.enableServer=false -Dsun.net.http.allowRestrictedHeaders=true -Djava.net.preferIPv4Stack=true -Djava.awt.headless=true -Djava.protocol.handler.pkgs=sun.net.www.protocol -Dnifi.properties.file.path=/opt/nifi/nifi-current/./conf/nifi.properties -Dnifi.bootstrap.listen.port=45299 -Dapp=NiFi -Dorg.apache.nifi.bootstrap.config.log.dir=/opt/nifi/nifi-current/logs org.apache.nifi.NiFi 
2023-12-07 14:26:48,781 INFO [main] org.apache.nifi.bootstrap.Command Launched Apache NiFi with Process ID 90
2023-12-07 14:26:49,406 INFO [NiFi Bootstrap Command Listener] org.apache.nifi.bootstrap.RunNiFi Apache NiFi now running and listening for Bootstrap requests on port 34489
2023-12-07 14:27:12,609 ERROR [NiFi logging handler] org.apache.nifi.StdErr Warning: Nashorn engine is planned to be removed from a future JDK release
2023-12-07 14:27:15,704 ERROR [NiFi logging handler] org.apache.nifi.StdErr Warning: Nashorn engine is planned to be removed from a future JDK release
2023-12-07 14:27:15,736 ERROR [NiFi logging handler] org.apache.nifi.StdErr Warning: Nashorn engine is planned to be removed from a future JDK release
2023-12-07 14:27:15,744 ERROR [NiFi logging handler] org.apache.nifi.StdErr Warning: Nashorn engine is planned to be removed from a future JDK release
2023-12-07 14:27:15,752 ERROR [NiFi logging handler] org.apache.nifi.StdErr Warning: Nashorn engine is planned to be removed from a future JDK release
2023-12-07 14:27:15,780 ERROR [NiFi logging handler] org.apache.nifi.StdErr Warning: Nashorn engine is planned to be removed from a future JDK release
2023-12-07 14:27:15,794 ERROR [NiFi logging handler] org.apache.nifi.StdErr Warning: Nashorn engine is planned to be removed from a future JDK release
2023-12-07 14:27:15,938 ERROR [NiFi logging handler] org.apache.nifi.StdErr Warning: Nashorn engine is planned to be removed from a future JDK release
2023-12-07 14:27:16,295 ERROR [NiFi logging handler] org.apache.nifi.StdErr Warning: Nashorn engine is planned to be removed from a future JDK release
2023-12-07 14:29:12,452 ERROR [NiFi logging handler] org.apache.nifi.StdErr WARNING: An illegal reflective access operation has occurred
2023-12-07 14:29:12,453 ERROR [NiFi logging handler] org.apache.nifi.StdErr WARNING: Illegal reflective access by org.springframework.cglib.core.ReflectUtils (file:/opt/nifi/nifi-current/./work/nar/framework/nifi-framework-nar-1.23.2.nar-unpacked/NAR-INF/bundled-dependencies/spring-core-5.3.29.jar) to method java.lang.ClassLoader.defineClass(java.lang.String,byte[],int,int,java.security.ProtectionDomain)
2023-12-07 14:29:12,453 ERROR [NiFi logging handler] org.apache.nifi.StdErr WARNING: Please consider reporting this to the maintainers of org.springframework.cglib.core.ReflectUtils
2023-12-07 14:29:12,453 ERROR [NiFi logging handler] org.apache.nifi.StdErr WARNING: Use --illegal-access=warn to enable warnings of further illegal reflective access operations
2023-12-07 14:29:12,453 ERROR [NiFi logging handler] org.apache.nifi.StdErr WARNING: All illegal access operations will be denied in a future release
2023-12-07 14:47:37,573 INFO [main] o.a.n.b.NotificationServiceManager Successfully loaded the following 0 services: []
2023-12-07 14:47:37,578 INFO [main] org.apache.nifi.bootstrap.RunNiFi Registered no Notification Services for Notification Type NIFI_STARTED
2023-12-07 14:47:37,578 INFO [main] org.apache.nifi.bootstrap.RunNiFi Registered no Notification Services for Notification Type NIFI_STOPPED
2023-12-07 14:47:37,579 INFO [main] org.apache.nifi.bootstrap.RunNiFi Registered no Notification Services for Notification Type NIFI_DIED
2023-12-07 14:47:37,634 INFO [main] org.apache.nifi.bootstrap.Command Apache NiFi has accepted the Shutdown Command and is shutting down now
2023-12-07 14:47:37,730 INFO [main] org.apache.nifi.bootstrap.Command NiFi PID [90] shutdown in progress...
2023-12-07 14:47:39,733 INFO [main] org.apache.nifi.bootstrap.Command NiFi PID [90] shutdown in progress...
2023-12-07 14:47:39,959 INFO [main] org.apache.nifi.bootstrap.RunNiFi A shutdown was initiated. Will not restart NiFi
2023-12-07 14:47:41,736 INFO [main] org.apache.nifi.bootstrap.Command NiFi PID [90] shutdown completed
2023-12-07 14:48:48,247 INFO [main] o.a.n.b.NotificationServiceManager Successfully loaded the following 0 services: []
2023-12-07 14:48:48,252 INFO [main] org.apache.nifi.bootstrap.RunNiFi Registered no Notification Services for Notification Type NIFI_STARTED
2023-12-07 14:48:48,252 INFO [main] org.apache.nifi.bootstrap.RunNiFi Registered no Notification Services for Notification Type NIFI_STOPPED
2023-12-07 14:48:48,253 INFO [main] org.apache.nifi.bootstrap.RunNiFi Registered no Notification Services for Notification Type NIFI_DIED
2023-12-07 14:48:48,264 INFO [main] org.apache.nifi.bootstrap.RunNiFi Runtime Java version: 11.0.20
2023-12-07 14:48:48,284 INFO [main] org.apache.nifi.bootstrap.Command Starting Apache NiFi...
2023-12-07 14:48:48,285 INFO [main] org.apache.nifi.bootstrap.Command Working Directory: /opt/nifi/nifi-current
2023-12-07 14:48:48,285 INFO [main] org.apache.nifi.bootstrap.Command Command: /opt/java/openjdk/bin/java -classpath /opt/nifi/nifi-current/./conf:/opt/nifi/nifi-current/./lib/nifi-stateless-bootstrap-1.23.2.jar:/opt/nifi/nifi-current/./lib/logback-core-1.3.8.jar:/opt/nifi/nifi-current/./lib/jcl-over-slf4j-2.0.7.jar:/opt/nifi/nifi-current/./lib/slf4j-api-2.0.7.jar:/opt/nifi/nifi-current/./lib/nifi-server-api-1.23.2.jar:/opt/nifi/nifi-current/./lib/nifi-property-utils-1.23.2.jar:/opt/nifi/nifi-current/./lib/nifi-framework-api-1.23.2.jar:/opt/nifi/nifi-current/./lib/log4j-over-slf4j-2.0.7.jar:/opt/nifi/nifi-current/./lib/nifi-stateless-api-1.23.2.jar:/opt/nifi/nifi-current/./lib/nifi-per-process-group-logging-1.23.2.jar:/opt/nifi/nifi-current/./lib/nifi-properties-1.23.2.jar:/opt/nifi/nifi-current/./lib/logback-classic-1.3.8.jar:/opt/nifi/nifi-current/./lib/jetty-schemas-5.2.jar:/opt/nifi/nifi-current/./lib/javax.servlet-api-3.1.0.jar:/opt/nifi/nifi-current/./lib/nifi-api-1.23.2.jar:/opt/nifi/nifi-current/./lib/nifi-nar-utils-1.23.2.jar:/opt/nifi/nifi-current/./lib/jul-to-slf4j-2.0.7.jar:/opt/nifi/nifi-current/./lib/nifi-runtime-1.23.2.jar:/opt/nifi/nifi-current/./lib/java11/jaxb-runtime-2.3.5.jar:/opt/nifi/nifi-current/./lib/java11/javax.annotation-api-1.3.2.jar:/opt/nifi/nifi-current/./lib/java11/jakarta.activation-api-1.2.2.jar:/opt/nifi/nifi-current/./lib/java11/jakarta.activation-1.2.2.jar:/opt/nifi/nifi-current/./lib/java11/txw2-2.3.5.jar:/opt/nifi/nifi-current/./lib/java11/istack-commons-runtime-3.0.12.jar:/opt/nifi/nifi-current/./lib/java11/jakarta.xml.bind-api-2.3.3.jar -Dorg.apache.jasper.compiler.disablejsr199=true -Xmx512m -Xms512m -Dcurator-log-only-first-connection-issue-as-error-level=true -Djavax.security.auth.useSubjectCredsOnly=true -Djava.security.egd=file:/dev/urandom -Dzookeeper.admin.enableServer=false -Dsun.net.http.allowRestrictedHeaders=true -Djava.net.preferIPv4Stack=true -Djava.awt.headless=true -Djava.protocol.handler.pkgs=sun.net.www.protocol -Dnifi.properties.file.path=/opt/nifi/nifi-current/./conf/nifi.properties -Dnifi.bootstrap.listen.port=34203 -Dapp=NiFi -Dorg.apache.nifi.bootstrap.config.log.dir=/opt/nifi/nifi-current/logs org.apache.nifi.NiFi 
2023-12-07 14:48:48,377 INFO [main] org.apache.nifi.bootstrap.Command Launched Apache NiFi with Process ID 90
2023-12-07 14:48:48,995 INFO [NiFi Bootstrap Command Listener] org.apache.nifi.bootstrap.RunNiFi Apache NiFi now running and listening for Bootstrap requests on port 36559
2023-12-07 14:49:15,636 ERROR [NiFi logging handler] org.apache.nifi.StdErr Warning: Nashorn engine is planned to be removed from a future JDK release
2023-12-07 14:49:18,949 ERROR [NiFi logging handler] org.apache.nifi.StdErr Warning: Nashorn engine is planned to be removed from a future JDK release
2023-12-07 14:49:19,005 ERROR [NiFi logging handler] org.apache.nifi.StdErr Warning: Nashorn engine is planned to be removed from a future JDK release
2023-12-07 14:49:19,023 ERROR [NiFi logging handler] org.apache.nifi.StdErr Warning: Nashorn engine is planned to be removed from a future JDK release
2023-12-07 14:49:19,039 ERROR [NiFi logging handler] org.apache.nifi.StdErr Warning: Nashorn engine is planned to be removed from a future JDK release
2023-12-07 14:49:19,117 ERROR [NiFi logging handler] org.apache.nifi.StdErr Warning: Nashorn engine is planned to be removed from a future JDK release
2023-12-07 14:49:19,146 ERROR [NiFi logging handler] org.apache.nifi.StdErr Warning: Nashorn engine is planned to be removed from a future JDK release
2023-12-07 14:49:19,406 ERROR [NiFi logging handler] org.apache.nifi.StdErr Warning: Nashorn engine is planned to be removed from a future JDK release
2023-12-07 14:49:19,943 ERROR [NiFi logging handler] org.apache.nifi.StdErr Warning: Nashorn engine is planned to be removed from a future JDK release
2023-12-07 15:31:40,660 ERROR [NiFi logging handler] org.apache.nifi.StdErr WARNING: An illegal reflective access operation has occurred
2023-12-07 15:31:40,677 ERROR [NiFi logging handler] org.apache.nifi.StdErr WARNING: Illegal reflective access by org.springframework.cglib.core.ReflectUtils (file:/opt/nifi/nifi-current/./work/nar/framework/nifi-framework-nar-1.23.2.nar-unpacked/NAR-INF/bundled-dependencies/spring-core-5.3.29.jar) to method java.lang.ClassLoader.defineClass(java.lang.String,byte[],int,int,java.security.ProtectionDomain)
2023-12-07 15:31:40,677 ERROR [NiFi logging handler] org.apache.nifi.StdErr WARNING: Please consider reporting this to the maintainers of org.springframework.cglib.core.ReflectUtils
2023-12-07 15:31:40,678 ERROR [NiFi logging handler] org.apache.nifi.StdErr WARNING: Use --illegal-access=warn to enable warnings of further illegal reflective access operations
2023-12-07 15:31:40,678 ERROR [NiFi logging handler] org.apache.nifi.StdErr WARNING: All illegal access operations will be denied in a future release
2023-12-07 16:30:18,530 INFO [main] o.a.n.b.NotificationServiceManager Successfully loaded the following 0 services: []
2023-12-07 16:30:18,537 INFO [main] org.apache.nifi.bootstrap.RunNiFi Registered no Notification Services for Notification Type NIFI_STARTED
2023-12-07 16:30:18,537 INFO [main] org.apache.nifi.bootstrap.RunNiFi Registered no Notification Services for Notification Type NIFI_STOPPED
2023-12-07 16:30:18,537 INFO [main] org.apache.nifi.bootstrap.RunNiFi Registered no Notification Services for Notification Type NIFI_DIED
2023-12-07 16:30:18,593 INFO [main] org.apache.nifi.bootstrap.Command Apache NiFi has accepted the Shutdown Command and is shutting down now
2023-12-07 16:30:18,677 INFO [main] org.apache.nifi.bootstrap.Command NiFi PID [90] shutdown in progress...
2023-12-07 16:30:20,679 INFO [main] org.apache.nifi.bootstrap.Command NiFi PID [90] shutdown in progress...
2023-12-07 16:30:21,283 INFO [main] org.apache.nifi.bootstrap.RunNiFi A shutdown was initiated. Will not restart NiFi
2023-12-07 16:30:22,683 INFO [main] org.apache.nifi.bootstrap.Command NiFi PID [90] shutdown completed
2023-12-07 16:31:12,145 INFO [main] o.a.n.b.NotificationServiceManager Successfully loaded the following 0 services: []
2023-12-07 16:31:12,150 INFO [main] org.apache.nifi.bootstrap.RunNiFi Registered no Notification Services for Notification Type NIFI_STARTED
2023-12-07 16:31:12,151 INFO [main] org.apache.nifi.bootstrap.RunNiFi Registered no Notification Services for Notification Type NIFI_STOPPED
2023-12-07 16:31:12,151 INFO [main] org.apache.nifi.bootstrap.RunNiFi Registered no Notification Services for Notification Type NIFI_DIED
2023-12-07 16:31:12,163 INFO [main] org.apache.nifi.bootstrap.RunNiFi Runtime Java version: 11.0.20
2023-12-07 16:31:12,192 INFO [main] org.apache.nifi.bootstrap.Command Starting Apache NiFi...
2023-12-07 16:31:12,193 INFO [main] org.apache.nifi.bootstrap.Command Working Directory: /opt/nifi/nifi-current
2023-12-07 16:31:12,193 INFO [main] org.apache.nifi.bootstrap.Command Command: /opt/java/openjdk/bin/java -classpath /opt/nifi/nifi-current/./conf:/opt/nifi/nifi-current/./lib/nifi-stateless-bootstrap-1.23.2.jar:/opt/nifi/nifi-current/./lib/logback-core-1.3.8.jar:/opt/nifi/nifi-current/./lib/jcl-over-slf4j-2.0.7.jar:/opt/nifi/nifi-current/./lib/slf4j-api-2.0.7.jar:/opt/nifi/nifi-current/./lib/nifi-server-api-1.23.2.jar:/opt/nifi/nifi-current/./lib/nifi-property-utils-1.23.2.jar:/opt/nifi/nifi-current/./lib/nifi-framework-api-1.23.2.jar:/opt/nifi/nifi-current/./lib/log4j-over-slf4j-2.0.7.jar:/opt/nifi/nifi-current/./lib/nifi-stateless-api-1.23.2.jar:/opt/nifi/nifi-current/./lib/nifi-per-process-group-logging-1.23.2.jar:/opt/nifi/nifi-current/./lib/nifi-properties-1.23.2.jar:/opt/nifi/nifi-current/./lib/logback-classic-1.3.8.jar:/opt/nifi/nifi-current/./lib/jetty-schemas-5.2.jar:/opt/nifi/nifi-current/./lib/javax.servlet-api-3.1.0.jar:/opt/nifi/nifi-current/./lib/nifi-api-1.23.2.jar:/opt/nifi/nifi-current/./lib/nifi-nar-utils-1.23.2.jar:/opt/nifi/nifi-current/./lib/jul-to-slf4j-2.0.7.jar:/opt/nifi/nifi-current/./lib/nifi-runtime-1.23.2.jar:/opt/nifi/nifi-current/./lib/java11/jaxb-runtime-2.3.5.jar:/opt/nifi/nifi-current/./lib/java11/javax.annotation-api-1.3.2.jar:/opt/nifi/nifi-current/./lib/java11/jakarta.activation-api-1.2.2.jar:/opt/nifi/nifi-current/./lib/java11/jakarta.activation-1.2.2.jar:/opt/nifi/nifi-current/./lib/java11/txw2-2.3.5.jar:/opt/nifi/nifi-current/./lib/java11/istack-commons-runtime-3.0.12.jar:/opt/nifi/nifi-current/./lib/java11/jakarta.xml.bind-api-2.3.3.jar -Dorg.apache.jasper.compiler.disablejsr199=true -Xmx512m -Xms512m -Dcurator-log-only-first-connection-issue-as-error-level=true -Djavax.security.auth.useSubjectCredsOnly=true -Djava.security.egd=file:/dev/urandom -Dzookeeper.admin.enableServer=false -Dsun.net.http.allowRestrictedHeaders=true -Djava.net.preferIPv4Stack=true -Djava.awt.headless=true -Djava.protocol.handler.pkgs=sun.net.www.protocol -Dnifi.properties.file.path=/opt/nifi/nifi-current/./conf/nifi.properties -Dnifi.bootstrap.listen.port=39191 -Dapp=NiFi -Dorg.apache.nifi.bootstrap.config.log.dir=/opt/nifi/nifi-current/logs org.apache.nifi.NiFi 
2023-12-07 16:31:12,310 INFO [main] org.apache.nifi.bootstrap.Command Launched Apache NiFi with Process ID 90
2023-12-07 16:31:13,311 INFO [NiFi Bootstrap Command Listener] org.apache.nifi.bootstrap.RunNiFi Apache NiFi now running and listening for Bootstrap requests on port 33849
2023-12-07 16:31:44,262 ERROR [NiFi logging handler] org.apache.nifi.StdErr Warning: Nashorn engine is planned to be removed from a future JDK release
2023-12-07 16:31:48,031 ERROR [NiFi logging handler] org.apache.nifi.StdErr Warning: Nashorn engine is planned to be removed from a future JDK release
2023-12-07 16:31:48,091 ERROR [NiFi logging handler] org.apache.nifi.StdErr Warning: Nashorn engine is planned to be removed from a future JDK release
2023-12-07 16:31:48,108 ERROR [NiFi logging handler] org.apache.nifi.StdErr Warning: Nashorn engine is planned to be removed from a future JDK release
2023-12-07 16:31:48,125 ERROR [NiFi logging handler] org.apache.nifi.StdErr Warning: Nashorn engine is planned to be removed from a future JDK release
2023-12-07 16:31:48,215 ERROR [NiFi logging handler] org.apache.nifi.StdErr Warning: Nashorn engine is planned to be removed from a future JDK release
2023-12-07 16:31:48,238 ERROR [NiFi logging handler] org.apache.nifi.StdErr Warning: Nashorn engine is planned to be removed from a future JDK release
2023-12-07 16:31:48,433 ERROR [NiFi logging handler] org.apache.nifi.StdErr Warning: Nashorn engine is planned to be removed from a future JDK release
2023-12-07 16:31:48,881 ERROR [NiFi logging handler] org.apache.nifi.StdErr Warning: Nashorn engine is planned to be removed from a future JDK release
2023-12-07 16:44:06,555 ERROR [NiFi logging handler] org.apache.nifi.StdErr WARNING: An illegal reflective access operation has occurred
2023-12-07 16:44:06,556 ERROR [NiFi logging handler] org.apache.nifi.StdErr WARNING: Illegal reflective access by org.springframework.cglib.core.ReflectUtils (file:/opt/nifi/nifi-current/./work/nar/framework/nifi-framework-nar-1.23.2.nar-unpacked/NAR-INF/bundled-dependencies/spring-core-5.3.29.jar) to method java.lang.ClassLoader.defineClass(java.lang.String,byte[],int,int,java.security.ProtectionDomain)
2023-12-07 16:44:06,556 ERROR [NiFi logging handler] org.apache.nifi.StdErr WARNING: Please consider reporting this to the maintainers of org.springframework.cglib.core.ReflectUtils
2023-12-07 16:44:06,557 ERROR [NiFi logging handler] org.apache.nifi.StdErr WARNING: Use --illegal-access=warn to enable warnings of further illegal reflective access operations
2023-12-07 16:44:06,557 ERROR [NiFi logging handler] org.apache.nifi.StdErr WARNING: All illegal access operations will be denied in a future release
2023-12-07 17:06:40,545 INFO [main] o.a.n.b.NotificationServiceManager Successfully loaded the following 0 services: []
2023-12-07 17:06:40,550 INFO [main] org.apache.nifi.bootstrap.RunNiFi Registered no Notification Services for Notification Type NIFI_STARTED
2023-12-07 17:06:40,553 INFO [main] org.apache.nifi.bootstrap.RunNiFi Registered no Notification Services for Notification Type NIFI_STOPPED
2023-12-07 17:06:40,553 INFO [main] org.apache.nifi.bootstrap.RunNiFi Registered no Notification Services for Notification Type NIFI_DIED
2023-12-07 17:06:40,690 INFO [main] org.apache.nifi.bootstrap.Command Apache NiFi has accepted the Shutdown Command and is shutting down now
2023-12-07 17:06:40,774 INFO [main] org.apache.nifi.bootstrap.Command NiFi PID [90] shutdown in progress...
2023-12-07 17:06:42,655 INFO [main] org.apache.nifi.bootstrap.RunNiFi A shutdown was initiated. Will not restart NiFi
2023-12-07 17:06:42,777 INFO [main] org.apache.nifi.bootstrap.Command NiFi PID [90] shutdown completed
2023-12-07 17:07:31,436 INFO [main] o.a.n.b.NotificationServiceManager Successfully loaded the following 0 services: []
2023-12-07 17:07:31,444 INFO [main] org.apache.nifi.bootstrap.RunNiFi Registered no Notification Services for Notification Type NIFI_STARTED
2023-12-07 17:07:31,445 INFO [main] org.apache.nifi.bootstrap.RunNiFi Registered no Notification Services for Notification Type NIFI_STOPPED
2023-12-07 17:07:31,445 INFO [main] org.apache.nifi.bootstrap.RunNiFi Registered no Notification Services for Notification Type NIFI_DIED
2023-12-07 17:07:31,459 INFO [main] org.apache.nifi.bootstrap.RunNiFi Runtime Java version: 11.0.20
2023-12-07 17:07:31,502 INFO [main] org.apache.nifi.bootstrap.Command Starting Apache NiFi...
2023-12-07 17:07:31,503 INFO [main] org.apache.nifi.bootstrap.Command Working Directory: /opt/nifi/nifi-current
2023-12-07 17:07:31,504 INFO [main] org.apache.nifi.bootstrap.Command Command: /opt/java/openjdk/bin/java -classpath /opt/nifi/nifi-current/./conf:/opt/nifi/nifi-current/./lib/nifi-stateless-bootstrap-1.23.2.jar:/opt/nifi/nifi-current/./lib/logback-core-1.3.8.jar:/opt/nifi/nifi-current/./lib/jcl-over-slf4j-2.0.7.jar:/opt/nifi/nifi-current/./lib/slf4j-api-2.0.7.jar:/opt/nifi/nifi-current/./lib/nifi-server-api-1.23.2.jar:/opt/nifi/nifi-current/./lib/nifi-property-utils-1.23.2.jar:/opt/nifi/nifi-current/./lib/nifi-framework-api-1.23.2.jar:/opt/nifi/nifi-current/./lib/log4j-over-slf4j-2.0.7.jar:/opt/nifi/nifi-current/./lib/nifi-stateless-api-1.23.2.jar:/opt/nifi/nifi-current/./lib/nifi-per-process-group-logging-1.23.2.jar:/opt/nifi/nifi-current/./lib/nifi-properties-1.23.2.jar:/opt/nifi/nifi-current/./lib/logback-classic-1.3.8.jar:/opt/nifi/nifi-current/./lib/jetty-schemas-5.2.jar:/opt/nifi/nifi-current/./lib/javax.servlet-api-3.1.0.jar:/opt/nifi/nifi-current/./lib/nifi-api-1.23.2.jar:/opt/nifi/nifi-current/./lib/nifi-nar-utils-1.23.2.jar:/opt/nifi/nifi-current/./lib/jul-to-slf4j-2.0.7.jar:/opt/nifi/nifi-current/./lib/nifi-runtime-1.23.2.jar:/opt/nifi/nifi-current/./lib/java11/jaxb-runtime-2.3.5.jar:/opt/nifi/nifi-current/./lib/java11/javax.annotation-api-1.3.2.jar:/opt/nifi/nifi-current/./lib/java11/jakarta.activation-api-1.2.2.jar:/opt/nifi/nifi-current/./lib/java11/jakarta.activation-1.2.2.jar:/opt/nifi/nifi-current/./lib/java11/txw2-2.3.5.jar:/opt/nifi/nifi-current/./lib/java11/istack-commons-runtime-3.0.12.jar:/opt/nifi/nifi-current/./lib/java11/jakarta.xml.bind-api-2.3.3.jar -Dorg.apache.jasper.compiler.disablejsr199=true -Xmx512m -Xms512m -Dcurator-log-only-first-connection-issue-as-error-level=true -Djavax.security.auth.useSubjectCredsOnly=true -Djava.security.egd=file:/dev/urandom -Dzookeeper.admin.enableServer=false -Dsun.net.http.allowRestrictedHeaders=true -Djava.net.preferIPv4Stack=true -Djava.awt.headless=true -Djava.protocol.handler.pkgs=sun.net.www.protocol -Dnifi.properties.file.path=/opt/nifi/nifi-current/./conf/nifi.properties -Dnifi.bootstrap.listen.port=34919 -Dapp=NiFi -Dorg.apache.nifi.bootstrap.config.log.dir=/opt/nifi/nifi-current/logs org.apache.nifi.NiFi 
2023-12-07 17:07:31,606 INFO [main] org.apache.nifi.bootstrap.Command Launched Apache NiFi with Process ID 91
2023-12-07 17:07:32,566 INFO [NiFi Bootstrap Command Listener] org.apache.nifi.bootstrap.RunNiFi Apache NiFi now running and listening for Bootstrap requests on port 39645
2023-12-07 17:08:08,331 ERROR [NiFi logging handler] org.apache.nifi.StdErr Warning: Nashorn engine is planned to be removed from a future JDK release
2023-12-07 17:08:14,694 ERROR [NiFi logging handler] org.apache.nifi.StdErr Warning: Nashorn engine is planned to be removed from a future JDK release
2023-12-07 17:08:14,730 ERROR [NiFi logging handler] org.apache.nifi.StdErr Warning: Nashorn engine is planned to be removed from a future JDK release
2023-12-07 17:08:14,742 ERROR [NiFi logging handler] org.apache.nifi.StdErr Warning: Nashorn engine is planned to be removed from a future JDK release
2023-12-07 17:08:14,755 ERROR [NiFi logging handler] org.apache.nifi.StdErr Warning: Nashorn engine is planned to be removed from a future JDK release
2023-12-07 17:08:14,793 ERROR [NiFi logging handler] org.apache.nifi.StdErr Warning: Nashorn engine is planned to be removed from a future JDK release
2023-12-07 17:08:14,808 ERROR [NiFi logging handler] org.apache.nifi.StdErr Warning: Nashorn engine is planned to be removed from a future JDK release
2023-12-07 17:08:14,999 ERROR [NiFi logging handler] org.apache.nifi.StdErr Warning: Nashorn engine is planned to be removed from a future JDK release
2023-12-07 17:08:15,394 ERROR [NiFi logging handler] org.apache.nifi.StdErr Warning: Nashorn engine is planned to be removed from a future JDK release
2023-12-07 18:08:34,975 INFO [main] o.a.n.b.NotificationServiceManager Successfully loaded the following 0 services: []
2023-12-07 18:08:34,982 INFO [main] org.apache.nifi.bootstrap.RunNiFi Registered no Notification Services for Notification Type NIFI_STARTED
2023-12-07 18:08:34,983 INFO [main] org.apache.nifi.bootstrap.RunNiFi Registered no Notification Services for Notification Type NIFI_STOPPED
2023-12-07 18:08:34,983 INFO [main] org.apache.nifi.bootstrap.RunNiFi Registered no Notification Services for Notification Type NIFI_DIED
2023-12-07 18:08:35,091 INFO [main] org.apache.nifi.bootstrap.Command Apache NiFi has accepted the Shutdown Command and is shutting down now
2023-12-07 18:08:35,177 INFO [main] org.apache.nifi.bootstrap.Command NiFi PID [91] shutdown in progress...
2023-12-07 18:08:37,181 INFO [main] org.apache.nifi.bootstrap.Command NiFi PID [91] shutdown completed
2023-12-07 18:08:37,212 INFO [main] org.apache.nifi.bootstrap.RunNiFi Status File no longer exists. Will not restart NiFi
