2023-12-07 18:00:13,743 INFO [pool-7-thread-1] o.a.n.c.r.WriteAheadFlowFileRepository Initiating checkpoint of FlowFile Repository
2023-12-07 18:00:13,754 INFO [pool-7-thread-1] o.a.n.wali.SequentialAccessWriteAheadLog Checkpointed Write-Ahead Log with 6 Records and 0 Swap Files in 3 milliseconds (Stop-the-world time = 1 milliseconds), max Transaction ID 827
2023-12-07 18:00:13,754 INFO [pool-7-thread-1] o.a.n.c.r.WriteAheadFlowFileRepository Successfully checkpointed FlowFile Repository with 6 records in 4 milliseconds
2023-12-07 18:00:14,559 INFO [FileSystemRepository Workers Thread-3] o.a.n.c.repository.FileSystemRepository Successfully archived 6 Resource Claims for Container default in 1 millis
2023-12-07 18:00:23,185 INFO [Write-Ahead Local State Provider Maintenance] org.wali.MinimalLockingWriteAheadLog org.wali.MinimalLockingWriteAheadLog@53adc101 checkpointed with 2 Records and 0 Swap Files in 4 milliseconds (Stop-the-world time = 0 milliseconds, Clear Edit Logs time = 0 millis), max Transaction ID 1
2023-12-07 18:00:23,193 INFO [Cleanup Archive for default] o.a.n.c.repository.FileSystemRepository Successfully deleted 0 files (0 bytes) from archive
2023-12-07 18:00:23,194 INFO [Cleanup Archive for default] o.a.n.c.repository.FileSystemRepository Archive cleanup completed for container default; will now allow writing to this container. Bytes used = 75.78 GB, bytes free = 931.08 GB, capacity = 1,006.85 GB
2023-12-07 18:00:33,755 INFO [pool-7-thread-1] o.a.n.c.r.WriteAheadFlowFileRepository Initiating checkpoint of FlowFile Repository
2023-12-07 18:00:33,760 INFO [pool-7-thread-1] o.a.n.wali.SequentialAccessWriteAheadLog Checkpointed Write-Ahead Log with 8 Records and 0 Swap Files in 4 milliseconds (Stop-the-world time = 1 milliseconds), max Transaction ID 831
2023-12-07 18:00:33,761 INFO [pool-7-thread-1] o.a.n.c.r.WriteAheadFlowFileRepository Successfully checkpointed FlowFile Repository with 8 records in 4 milliseconds
2023-12-07 18:00:53,763 INFO [pool-7-thread-1] o.a.n.c.r.WriteAheadFlowFileRepository Initiating checkpoint of FlowFile Repository
2023-12-07 18:00:53,767 INFO [pool-7-thread-1] o.a.n.wali.SequentialAccessWriteAheadLog Checkpointed Write-Ahead Log with 10 Records and 0 Swap Files in 3 milliseconds (Stop-the-world time = 0 milliseconds), max Transaction ID 835
2023-12-07 18:00:53,767 INFO [pool-7-thread-1] o.a.n.c.r.WriteAheadFlowFileRepository Successfully checkpointed FlowFile Repository with 10 records in 3 milliseconds
2023-12-07 18:01:13,768 INFO [pool-7-thread-1] o.a.n.c.r.WriteAheadFlowFileRepository Initiating checkpoint of FlowFile Repository
2023-12-07 18:01:13,773 INFO [pool-7-thread-1] o.a.n.wali.SequentialAccessWriteAheadLog Checkpointed Write-Ahead Log with 6 Records and 0 Swap Files in 3 milliseconds (Stop-the-world time = 1 milliseconds), max Transaction ID 843
2023-12-07 18:01:13,773 INFO [pool-7-thread-1] o.a.n.c.r.WriteAheadFlowFileRepository Successfully checkpointed FlowFile Repository with 6 records in 3 milliseconds
2023-12-07 18:01:14,571 INFO [FileSystemRepository Workers Thread-3] o.a.n.c.repository.FileSystemRepository Successfully archived 6 Resource Claims for Container default in 1 millis
2023-12-07 18:01:23,200 INFO [Cleanup Archive for default] o.a.n.c.repository.FileSystemRepository Successfully deleted 0 files (0 bytes) from archive
2023-12-07 18:01:23,200 INFO [Cleanup Archive for default] o.a.n.c.repository.FileSystemRepository Archive cleanup completed for container default; will now allow writing to this container. Bytes used = 75.78 GB, bytes free = 931.08 GB, capacity = 1,006.85 GB
2023-12-07 18:01:33,774 INFO [pool-7-thread-1] o.a.n.c.r.WriteAheadFlowFileRepository Initiating checkpoint of FlowFile Repository
2023-12-07 18:01:33,778 INFO [pool-7-thread-1] o.a.n.wali.SequentialAccessWriteAheadLog Checkpointed Write-Ahead Log with 8 Records and 0 Swap Files in 3 milliseconds (Stop-the-world time = 1 milliseconds), max Transaction ID 847
2023-12-07 18:01:33,778 INFO [pool-7-thread-1] o.a.n.c.r.WriteAheadFlowFileRepository Successfully checkpointed FlowFile Repository with 8 records in 3 milliseconds
2023-12-07 18:01:53,778 INFO [pool-7-thread-1] o.a.n.c.r.WriteAheadFlowFileRepository Initiating checkpoint of FlowFile Repository
2023-12-07 18:01:53,782 INFO [pool-7-thread-1] o.a.n.wali.SequentialAccessWriteAheadLog Checkpointed Write-Ahead Log with 10 Records and 0 Swap Files in 3 milliseconds (Stop-the-world time = 0 milliseconds), max Transaction ID 851
2023-12-07 18:01:53,782 INFO [pool-7-thread-1] o.a.n.c.r.WriteAheadFlowFileRepository Successfully checkpointed FlowFile Repository with 10 records in 3 milliseconds
2023-12-07 18:02:13,782 INFO [pool-7-thread-1] o.a.n.c.r.WriteAheadFlowFileRepository Initiating checkpoint of FlowFile Repository
2023-12-07 18:02:13,787 INFO [pool-7-thread-1] o.a.n.wali.SequentialAccessWriteAheadLog Checkpointed Write-Ahead Log with 6 Records and 0 Swap Files in 3 milliseconds (Stop-the-world time = 1 milliseconds), max Transaction ID 859
2023-12-07 18:02:13,788 INFO [pool-7-thread-1] o.a.n.c.r.WriteAheadFlowFileRepository Successfully checkpointed FlowFile Repository with 6 records in 4 milliseconds
2023-12-07 18:02:14,581 INFO [FileSystemRepository Workers Thread-3] o.a.n.c.repository.FileSystemRepository Successfully archived 6 Resource Claims for Container default in 2 millis
2023-12-07 18:02:23,191 INFO [Write-Ahead Local State Provider Maintenance] org.wali.MinimalLockingWriteAheadLog org.wali.MinimalLockingWriteAheadLog@53adc101 checkpointed with 2 Records and 0 Swap Files in 4 milliseconds (Stop-the-world time = 0 milliseconds, Clear Edit Logs time = 0 millis), max Transaction ID 1
2023-12-07 18:02:23,204 INFO [Cleanup Archive for default] o.a.n.c.repository.FileSystemRepository Successfully deleted 0 files (0 bytes) from archive
2023-12-07 18:02:23,205 INFO [Cleanup Archive for default] o.a.n.c.repository.FileSystemRepository Archive cleanup completed for container default; will now allow writing to this container. Bytes used = 75.78 GB, bytes free = 931.08 GB, capacity = 1,006.85 GB
2023-12-07 18:02:33,788 INFO [pool-7-thread-1] o.a.n.c.r.WriteAheadFlowFileRepository Initiating checkpoint of FlowFile Repository
2023-12-07 18:02:33,794 INFO [pool-7-thread-1] o.a.n.wali.SequentialAccessWriteAheadLog Checkpointed Write-Ahead Log with 8 Records and 0 Swap Files in 4 milliseconds (Stop-the-world time = 2 milliseconds), max Transaction ID 863
2023-12-07 18:02:33,795 INFO [pool-7-thread-1] o.a.n.c.r.WriteAheadFlowFileRepository Successfully checkpointed FlowFile Repository with 8 records in 5 milliseconds
2023-12-07 18:02:53,795 INFO [pool-7-thread-1] o.a.n.c.r.WriteAheadFlowFileRepository Initiating checkpoint of FlowFile Repository
2023-12-07 18:02:53,800 INFO [pool-7-thread-1] o.a.n.wali.SequentialAccessWriteAheadLog Checkpointed Write-Ahead Log with 10 Records and 0 Swap Files in 4 milliseconds (Stop-the-world time = 2 milliseconds), max Transaction ID 867
2023-12-07 18:02:53,800 INFO [pool-7-thread-1] o.a.n.c.r.WriteAheadFlowFileRepository Successfully checkpointed FlowFile Repository with 10 records in 4 milliseconds
2023-12-07 18:03:13,801 INFO [pool-7-thread-1] o.a.n.c.r.WriteAheadFlowFileRepository Initiating checkpoint of FlowFile Repository
2023-12-07 18:03:13,806 INFO [pool-7-thread-1] o.a.n.wali.SequentialAccessWriteAheadLog Checkpointed Write-Ahead Log with 6 Records and 0 Swap Files in 3 milliseconds (Stop-the-world time = 1 milliseconds), max Transaction ID 875
2023-12-07 18:03:13,806 INFO [pool-7-thread-1] o.a.n.c.r.WriteAheadFlowFileRepository Successfully checkpointed FlowFile Repository with 6 records in 4 milliseconds
2023-12-07 18:03:14,591 INFO [FileSystemRepository Workers Thread-2] o.a.n.c.repository.FileSystemRepository Successfully archived 6 Resource Claims for Container default in 1 millis
2023-12-07 18:03:23,209 INFO [Cleanup Archive for default] o.a.n.c.repository.FileSystemRepository Successfully deleted 0 files (0 bytes) from archive
2023-12-07 18:03:23,210 INFO [Cleanup Archive for default] o.a.n.c.repository.FileSystemRepository Archive cleanup completed for container default; will now allow writing to this container. Bytes used = 75.78 GB, bytes free = 931.08 GB, capacity = 1,006.85 GB
2023-12-07 18:03:33,807 INFO [pool-7-thread-1] o.a.n.c.r.WriteAheadFlowFileRepository Initiating checkpoint of FlowFile Repository
2023-12-07 18:03:33,812 INFO [pool-7-thread-1] o.a.n.wali.SequentialAccessWriteAheadLog Checkpointed Write-Ahead Log with 8 Records and 0 Swap Files in 4 milliseconds (Stop-the-world time = 2 milliseconds), max Transaction ID 879
2023-12-07 18:03:33,813 INFO [pool-7-thread-1] o.a.n.c.r.WriteAheadFlowFileRepository Successfully checkpointed FlowFile Repository with 8 records in 5 milliseconds
2023-12-07 18:03:53,813 INFO [pool-7-thread-1] o.a.n.c.r.WriteAheadFlowFileRepository Initiating checkpoint of FlowFile Repository
2023-12-07 18:03:53,818 INFO [pool-7-thread-1] o.a.n.wali.SequentialAccessWriteAheadLog Checkpointed Write-Ahead Log with 10 Records and 0 Swap Files in 4 milliseconds (Stop-the-world time = 2 milliseconds), max Transaction ID 883
2023-12-07 18:03:53,818 INFO [pool-7-thread-1] o.a.n.c.r.WriteAheadFlowFileRepository Successfully checkpointed FlowFile Repository with 10 records in 4 milliseconds
2023-12-07 18:04:13,819 INFO [pool-7-thread-1] o.a.n.c.r.WriteAheadFlowFileRepository Initiating checkpoint of FlowFile Repository
2023-12-07 18:04:13,824 INFO [pool-7-thread-1] o.a.n.wali.SequentialAccessWriteAheadLog Checkpointed Write-Ahead Log with 6 Records and 0 Swap Files in 3 milliseconds (Stop-the-world time = 1 milliseconds), max Transaction ID 891
2023-12-07 18:04:13,824 INFO [pool-7-thread-1] o.a.n.c.r.WriteAheadFlowFileRepository Successfully checkpointed FlowFile Repository with 6 records in 4 milliseconds
2023-12-07 18:04:14,602 INFO [FileSystemRepository Workers Thread-3] o.a.n.c.repository.FileSystemRepository Successfully archived 6 Resource Claims for Container default in 2 millis
2023-12-07 18:04:23,194 INFO [Write-Ahead Local State Provider Maintenance] org.wali.MinimalLockingWriteAheadLog org.wali.MinimalLockingWriteAheadLog@53adc101 checkpointed with 2 Records and 0 Swap Files in 3 milliseconds (Stop-the-world time = 0 milliseconds, Clear Edit Logs time = 0 millis), max Transaction ID 1
2023-12-07 18:04:23,214 INFO [Cleanup Archive for default] o.a.n.c.repository.FileSystemRepository Successfully deleted 0 files (0 bytes) from archive
2023-12-07 18:04:23,215 INFO [Cleanup Archive for default] o.a.n.c.repository.FileSystemRepository Archive cleanup completed for container default; will now allow writing to this container. Bytes used = 75.78 GB, bytes free = 931.08 GB, capacity = 1,006.85 GB
2023-12-07 18:04:33,825 INFO [pool-7-thread-1] o.a.n.c.r.WriteAheadFlowFileRepository Initiating checkpoint of FlowFile Repository
2023-12-07 18:04:33,829 INFO [pool-7-thread-1] o.a.n.wali.SequentialAccessWriteAheadLog Checkpointed Write-Ahead Log with 8 Records and 0 Swap Files in 3 milliseconds (Stop-the-world time = 1 milliseconds), max Transaction ID 895
2023-12-07 18:04:33,830 INFO [pool-7-thread-1] o.a.n.c.r.WriteAheadFlowFileRepository Successfully checkpointed FlowFile Repository with 8 records in 4 milliseconds
2023-12-07 18:04:53,830 INFO [pool-7-thread-1] o.a.n.c.r.WriteAheadFlowFileRepository Initiating checkpoint of FlowFile Repository
2023-12-07 18:04:53,835 INFO [pool-7-thread-1] o.a.n.wali.SequentialAccessWriteAheadLog Checkpointed Write-Ahead Log with 10 Records and 0 Swap Files in 4 milliseconds (Stop-the-world time = 2 milliseconds), max Transaction ID 899
2023-12-07 18:04:53,836 INFO [pool-7-thread-1] o.a.n.c.r.WriteAheadFlowFileRepository Successfully checkpointed FlowFile Repository with 10 records in 4 milliseconds
2023-12-07 18:05:13,836 INFO [pool-7-thread-1] o.a.n.c.r.WriteAheadFlowFileRepository Initiating checkpoint of FlowFile Repository
2023-12-07 18:05:13,840 INFO [pool-7-thread-1] o.a.n.wali.SequentialAccessWriteAheadLog Checkpointed Write-Ahead Log with 6 Records and 0 Swap Files in 3 milliseconds (Stop-the-world time = 1 milliseconds), max Transaction ID 907
2023-12-07 18:05:13,841 INFO [pool-7-thread-1] o.a.n.c.r.WriteAheadFlowFileRepository Successfully checkpointed FlowFile Repository with 6 records in 4 milliseconds
2023-12-07 18:05:14,613 INFO [FileSystemRepository Workers Thread-3] o.a.n.c.repository.FileSystemRepository Successfully archived 6 Resource Claims for Container default in 1 millis
2023-12-07 18:05:23,219 INFO [Cleanup Archive for default] o.a.n.c.repository.FileSystemRepository Successfully deleted 0 files (0 bytes) from archive
2023-12-07 18:05:23,219 INFO [Cleanup Archive for default] o.a.n.c.repository.FileSystemRepository Archive cleanup completed for container default; will now allow writing to this container. Bytes used = 75.78 GB, bytes free = 931.08 GB, capacity = 1,006.85 GB
2023-12-07 18:05:33,841 INFO [pool-7-thread-1] o.a.n.c.r.WriteAheadFlowFileRepository Initiating checkpoint of FlowFile Repository
2023-12-07 18:05:33,846 INFO [pool-7-thread-1] o.a.n.wali.SequentialAccessWriteAheadLog Checkpointed Write-Ahead Log with 8 Records and 0 Swap Files in 4 milliseconds (Stop-the-world time = 2 milliseconds), max Transaction ID 911
2023-12-07 18:05:33,846 INFO [pool-7-thread-1] o.a.n.c.r.WriteAheadFlowFileRepository Successfully checkpointed FlowFile Repository with 8 records in 4 milliseconds
2023-12-07 18:05:53,847 INFO [pool-7-thread-1] o.a.n.c.r.WriteAheadFlowFileRepository Initiating checkpoint of FlowFile Repository
2023-12-07 18:05:53,853 INFO [pool-7-thread-1] o.a.n.wali.SequentialAccessWriteAheadLog Checkpointed Write-Ahead Log with 10 Records and 0 Swap Files in 5 milliseconds (Stop-the-world time = 2 milliseconds), max Transaction ID 915
2023-12-07 18:05:53,853 INFO [pool-7-thread-1] o.a.n.c.r.WriteAheadFlowFileRepository Successfully checkpointed FlowFile Repository with 10 records in 5 milliseconds
2023-12-07 18:06:13,854 INFO [pool-7-thread-1] o.a.n.c.r.WriteAheadFlowFileRepository Initiating checkpoint of FlowFile Repository
2023-12-07 18:06:13,860 INFO [pool-7-thread-1] o.a.n.wali.SequentialAccessWriteAheadLog Checkpointed Write-Ahead Log with 7 Records and 0 Swap Files in 5 milliseconds (Stop-the-world time = 3 milliseconds), max Transaction ID 923
2023-12-07 18:06:13,860 INFO [pool-7-thread-1] o.a.n.c.r.WriteAheadFlowFileRepository Successfully checkpointed FlowFile Repository with 7 records in 5 milliseconds
2023-12-07 18:06:14,625 INFO [FileSystemRepository Workers Thread-1] o.a.n.c.repository.FileSystemRepository Successfully archived 5 Resource Claims for Container default in 1 millis
2023-12-07 18:06:23,199 INFO [Write-Ahead Local State Provider Maintenance] org.wali.MinimalLockingWriteAheadLog org.wali.MinimalLockingWriteAheadLog@53adc101 checkpointed with 2 Records and 0 Swap Files in 4 milliseconds (Stop-the-world time = 1 milliseconds, Clear Edit Logs time = 0 millis), max Transaction ID 1
2023-12-07 18:06:23,224 INFO [Cleanup Archive for default] o.a.n.c.repository.FileSystemRepository Successfully deleted 0 files (0 bytes) from archive
2023-12-07 18:06:23,225 INFO [Cleanup Archive for default] o.a.n.c.repository.FileSystemRepository Archive cleanup completed for container default; will now allow writing to this container. Bytes used = 75.78 GB, bytes free = 931.08 GB, capacity = 1,006.85 GB
2023-12-07 18:06:33,861 INFO [pool-7-thread-1] o.a.n.c.r.WriteAheadFlowFileRepository Initiating checkpoint of FlowFile Repository
2023-12-07 18:06:33,867 INFO [pool-7-thread-1] o.a.n.wali.SequentialAccessWriteAheadLog Checkpointed Write-Ahead Log with 9 Records and 0 Swap Files in 4 milliseconds (Stop-the-world time = 2 milliseconds), max Transaction ID 927
2023-12-07 18:06:33,867 INFO [pool-7-thread-1] o.a.n.c.r.WriteAheadFlowFileRepository Successfully checkpointed FlowFile Repository with 9 records in 5 milliseconds
2023-12-07 18:06:53,868 INFO [pool-7-thread-1] o.a.n.c.r.WriteAheadFlowFileRepository Initiating checkpoint of FlowFile Repository
2023-12-07 18:06:53,873 INFO [pool-7-thread-1] o.a.n.wali.SequentialAccessWriteAheadLog Checkpointed Write-Ahead Log with 11 Records and 0 Swap Files in 4 milliseconds (Stop-the-world time = 2 milliseconds), max Transaction ID 931
2023-12-07 18:06:53,874 INFO [pool-7-thread-1] o.a.n.c.r.WriteAheadFlowFileRepository Successfully checkpointed FlowFile Repository with 11 records in 5 milliseconds
2023-12-07 18:07:13,874 INFO [pool-7-thread-1] o.a.n.c.r.WriteAheadFlowFileRepository Initiating checkpoint of FlowFile Repository
2023-12-07 18:07:13,880 INFO [pool-7-thread-1] o.a.n.wali.SequentialAccessWriteAheadLog Checkpointed Write-Ahead Log with 7 Records and 0 Swap Files in 4 milliseconds (Stop-the-world time = 2 milliseconds), max Transaction ID 939
2023-12-07 18:07:13,881 INFO [pool-7-thread-1] o.a.n.c.r.WriteAheadFlowFileRepository Successfully checkpointed FlowFile Repository with 7 records in 5 milliseconds
2023-12-07 18:07:14,637 INFO [FileSystemRepository Workers Thread-3] o.a.n.c.repository.FileSystemRepository Successfully archived 6 Resource Claims for Container default in 1 millis
2023-12-07 18:07:23,230 INFO [Cleanup Archive for default] o.a.n.c.repository.FileSystemRepository Successfully deleted 0 files (0 bytes) from archive
2023-12-07 18:07:23,231 INFO [Cleanup Archive for default] o.a.n.c.repository.FileSystemRepository Archive cleanup completed for container default; will now allow writing to this container. Bytes used = 75.78 GB, bytes free = 931.07 GB, capacity = 1,006.85 GB
2023-12-07 18:07:33,881 INFO [pool-7-thread-1] o.a.n.c.r.WriteAheadFlowFileRepository Initiating checkpoint of FlowFile Repository
2023-12-07 18:07:33,887 INFO [pool-7-thread-1] o.a.n.wali.SequentialAccessWriteAheadLog Checkpointed Write-Ahead Log with 9 Records and 0 Swap Files in 4 milliseconds (Stop-the-world time = 2 milliseconds), max Transaction ID 943
2023-12-07 18:07:33,887 INFO [pool-7-thread-1] o.a.n.c.r.WriteAheadFlowFileRepository Successfully checkpointed FlowFile Repository with 9 records in 4 milliseconds
2023-12-07 18:07:53,887 INFO [pool-7-thread-1] o.a.n.c.r.WriteAheadFlowFileRepository Initiating checkpoint of FlowFile Repository
2023-12-07 18:07:53,894 INFO [pool-7-thread-1] o.a.n.wali.SequentialAccessWriteAheadLog Checkpointed Write-Ahead Log with 11 Records and 0 Swap Files in 5 milliseconds (Stop-the-world time = 3 milliseconds), max Transaction ID 947
2023-12-07 18:07:53,894 INFO [pool-7-thread-1] o.a.n.c.r.WriteAheadFlowFileRepository Successfully checkpointed FlowFile Repository with 11 records in 5 milliseconds
2023-12-07 18:08:13,895 INFO [pool-7-thread-1] o.a.n.c.r.WriteAheadFlowFileRepository Initiating checkpoint of FlowFile Repository
2023-12-07 18:08:13,932 INFO [pool-7-thread-1] o.a.n.wali.SequentialAccessWriteAheadLog Checkpointed Write-Ahead Log with 7 Records and 0 Swap Files in 36 milliseconds (Stop-the-world time = 34 milliseconds), max Transaction ID 955
2023-12-07 18:08:13,933 INFO [pool-7-thread-1] o.a.n.c.r.WriteAheadFlowFileRepository Successfully checkpointed FlowFile Repository with 7 records in 37 milliseconds
2023-12-07 18:08:14,649 INFO [FileSystemRepository Workers Thread-2] o.a.n.c.repository.FileSystemRepository Successfully archived 6 Resource Claims for Container default in 2 millis
2023-12-07 18:08:23,204 INFO [Write-Ahead Local State Provider Maintenance] org.wali.MinimalLockingWriteAheadLog org.wali.MinimalLockingWriteAheadLog@53adc101 checkpointed with 2 Records and 0 Swap Files in 4 milliseconds (Stop-the-world time = 1 milliseconds, Clear Edit Logs time = 0 millis), max Transaction ID 1
2023-12-07 18:08:23,236 INFO [Cleanup Archive for default] o.a.n.c.repository.FileSystemRepository Successfully deleted 0 files (0 bytes) from archive
2023-12-07 18:08:23,237 INFO [Cleanup Archive for default] o.a.n.c.repository.FileSystemRepository Archive cleanup completed for container default; will now allow writing to this container. Bytes used = 75.75 GB, bytes free = 931.1 GB, capacity = 1,006.85 GB
2023-12-07 18:08:27,666 WARN [kafka-producer-network-thread | producer-abc9f5c5-343c-4f0e-bce3-a865518eba34] org.apache.kafka.clients.NetworkClient [Producer clientId=producer-abc9f5c5-343c-4f0e-bce3-a865518eba34, transactionalId=abc9f5c5-343c-4f0e-bce3-a865518eba34] Connection to node 0 (/10.0.0.10:9092) could not be established. Broker may not be available.
2023-12-07 18:08:27,768 WARN [kafka-producer-network-thread | producer-abc9f5c5-343c-4f0e-bce3-a865518eba34] org.apache.kafka.clients.NetworkClient [Producer clientId=producer-abc9f5c5-343c-4f0e-bce3-a865518eba34, transactionalId=abc9f5c5-343c-4f0e-bce3-a865518eba34] Connection to node 1 (/10.0.0.11:9092) could not be established. Broker may not be available.
2023-12-07 18:08:27,869 WARN [kafka-producer-network-thread | producer-abc9f5c5-343c-4f0e-bce3-a865518eba34] org.apache.kafka.clients.NetworkClient [Producer clientId=producer-abc9f5c5-343c-4f0e-bce3-a865518eba34, transactionalId=abc9f5c5-343c-4f0e-bce3-a865518eba34] Connection to node 0 (/10.0.0.10:9092) could not be established. Broker may not be available.
2023-12-07 18:08:27,970 WARN [kafka-producer-network-thread | producer-abc9f5c5-343c-4f0e-bce3-a865518eba34] org.apache.kafka.clients.NetworkClient [Producer clientId=producer-abc9f5c5-343c-4f0e-bce3-a865518eba34, transactionalId=abc9f5c5-343c-4f0e-bce3-a865518eba34] Connection to node 1 (/10.0.0.11:9092) could not be established. Broker may not be available.
2023-12-07 18:08:28,071 WARN [kafka-producer-network-thread | producer-abc9f5c5-343c-4f0e-bce3-a865518eba34] org.apache.kafka.clients.NetworkClient [Producer clientId=producer-abc9f5c5-343c-4f0e-bce3-a865518eba34, transactionalId=abc9f5c5-343c-4f0e-bce3-a865518eba34] Connection to node 0 (/10.0.0.10:9092) could not be established. Broker may not be available.
2023-12-07 18:08:28,172 WARN [kafka-producer-network-thread | producer-abc9f5c5-343c-4f0e-bce3-a865518eba34] org.apache.kafka.clients.NetworkClient [Producer clientId=producer-abc9f5c5-343c-4f0e-bce3-a865518eba34, transactionalId=abc9f5c5-343c-4f0e-bce3-a865518eba34] Connection to node 1 (/10.0.0.11:9092) could not be established. Broker may not be available.
2023-12-07 18:08:28,474 WARN [kafka-producer-network-thread | producer-abc9f5c5-343c-4f0e-bce3-a865518eba34] org.apache.kafka.clients.NetworkClient [Producer clientId=producer-abc9f5c5-343c-4f0e-bce3-a865518eba34, transactionalId=abc9f5c5-343c-4f0e-bce3-a865518eba34] Connection to node 0 (/10.0.0.10:9092) could not be established. Broker may not be available.
2023-12-07 18:08:28,575 WARN [kafka-producer-network-thread | producer-abc9f5c5-343c-4f0e-bce3-a865518eba34] org.apache.kafka.clients.NetworkClient [Producer clientId=producer-abc9f5c5-343c-4f0e-bce3-a865518eba34, transactionalId=abc9f5c5-343c-4f0e-bce3-a865518eba34] Connection to node 1 (/10.0.0.11:9092) could not be established. Broker may not be available.
2023-12-07 18:08:29,229 WARN [kafka-producer-network-thread | producer-abc9f5c5-343c-4f0e-bce3-a865518eba34] org.apache.kafka.clients.NetworkClient [Producer clientId=producer-abc9f5c5-343c-4f0e-bce3-a865518eba34, transactionalId=abc9f5c5-343c-4f0e-bce3-a865518eba34] Connection to node 1 (/10.0.0.11:9092) could not be established. Broker may not be available.
2023-12-07 18:08:33,933 INFO [pool-7-thread-1] o.a.n.c.r.WriteAheadFlowFileRepository Initiating checkpoint of FlowFile Repository
2023-12-07 18:08:33,938 INFO [pool-7-thread-1] o.a.n.wali.SequentialAccessWriteAheadLog Checkpointed Write-Ahead Log with 9 Records and 0 Swap Files in 4 milliseconds (Stop-the-world time = 2 milliseconds), max Transaction ID 959
2023-12-07 18:08:33,938 INFO [pool-7-thread-1] o.a.n.c.r.WriteAheadFlowFileRepository Successfully checkpointed FlowFile Repository with 9 records in 4 milliseconds
2023-12-07 18:08:35,090 INFO [pool-2-thread-2] org.apache.nifi.BootstrapListener Received SHUTDOWN request from Bootstrap
2023-12-07 18:08:35,091 INFO [pool-2-thread-2] org.apache.nifi.NiFi Application Server shutdown started
2023-12-07 18:08:35,115 INFO [pool-2-thread-2] o.eclipse.jetty.server.AbstractConnector Stopped ServerConnector@7fa85a55{HTTP/1.1, (http/1.1)}{nifi:8080}
2023-12-07 18:08:35,115 INFO [pool-2-thread-2] org.eclipse.jetty.server.session node0 Stopped scavenging
