2024-01-14 12:10:00,429 INFO [main] o.a.n.b.NotificationServiceManager Successfully loaded the following 0 services: []
2024-01-14 12:10:00,442 INFO [main] org.apache.nifi.bootstrap.RunNiFi Registered no Notification Services for Notification Type NIFI_STARTED
2024-01-14 12:10:00,442 INFO [main] org.apache.nifi.bootstrap.RunNiFi Registered no Notification Services for Notification Type NIFI_STOPPED
2024-01-14 12:10:00,442 INFO [main] org.apache.nifi.bootstrap.RunNiFi Registered no Notification Services for Notification Type NIFI_DIED
2024-01-14 12:10:00,453 INFO [main] org.apache.nifi.bootstrap.RunNiFi Runtime Java version: 11.0.20
2024-01-14 12:10:00,475 INFO [main] org.apache.nifi.bootstrap.Command Starting Apache NiFi...
2024-01-14 12:10:00,475 INFO [main] org.apache.nifi.bootstrap.Command Working Directory: /opt/nifi/nifi-current
2024-01-14 12:10:00,475 INFO [main] org.apache.nifi.bootstrap.Command Command: /opt/java/openjdk/bin/java -classpath /opt/nifi/nifi-current/./conf:/opt/nifi/nifi-current/./lib/nifi-stateless-bootstrap-1.23.2.jar:/opt/nifi/nifi-current/./lib/logback-core-1.3.8.jar:/opt/nifi/nifi-current/./lib/jcl-over-slf4j-2.0.7.jar:/opt/nifi/nifi-current/./lib/slf4j-api-2.0.7.jar:/opt/nifi/nifi-current/./lib/nifi-server-api-1.23.2.jar:/opt/nifi/nifi-current/./lib/nifi-property-utils-1.23.2.jar:/opt/nifi/nifi-current/./lib/nifi-framework-api-1.23.2.jar:/opt/nifi/nifi-current/./lib/log4j-over-slf4j-2.0.7.jar:/opt/nifi/nifi-current/./lib/nifi-stateless-api-1.23.2.jar:/opt/nifi/nifi-current/./lib/nifi-per-process-group-logging-1.23.2.jar:/opt/nifi/nifi-current/./lib/nifi-properties-1.23.2.jar:/opt/nifi/nifi-current/./lib/logback-classic-1.3.8.jar:/opt/nifi/nifi-current/./lib/jetty-schemas-5.2.jar:/opt/nifi/nifi-current/./lib/javax.servlet-api-3.1.0.jar:/opt/nifi/nifi-current/./lib/nifi-api-1.23.2.jar:/opt/nifi/nifi-current/./lib/nifi-nar-utils-1.23.2.jar:/opt/nifi/nifi-current/./lib/jul-to-slf4j-2.0.7.jar:/opt/nifi/nifi-current/./lib/nifi-runtime-1.23.2.jar:/opt/nifi/nifi-current/./lib/java11/jaxb-runtime-2.3.5.jar:/opt/nifi/nifi-current/./lib/java11/javax.annotation-api-1.3.2.jar:/opt/nifi/nifi-current/./lib/java11/jakarta.activation-api-1.2.2.jar:/opt/nifi/nifi-current/./lib/java11/jakarta.activation-1.2.2.jar:/opt/nifi/nifi-current/./lib/java11/txw2-2.3.5.jar:/opt/nifi/nifi-current/./lib/java11/istack-commons-runtime-3.0.12.jar:/opt/nifi/nifi-current/./lib/java11/jakarta.xml.bind-api-2.3.3.jar -Dorg.apache.jasper.compiler.disablejsr199=true -Xmx512m -Xms512m -Dcurator-log-only-first-connection-issue-as-error-level=true -Djavax.security.auth.useSubjectCredsOnly=true -Djava.security.egd=file:/dev/urandom -Dzookeeper.admin.enableServer=false -Dsun.net.http.allowRestrictedHeaders=true -Djava.net.preferIPv4Stack=true -Djava.awt.headless=true -Djava.protocol.handler.pkgs=sun.net.www.protocol -Dnifi.properties.file.path=/opt/nifi/nifi-current/./conf/nifi.properties -Dnifi.bootstrap.listen.port=42839 -Dapp=NiFi -Dorg.apache.nifi.bootstrap.config.log.dir=/opt/nifi/nifi-current/logs org.apache.nifi.NiFi 
2024-01-14 12:10:00,574 INFO [main] org.apache.nifi.bootstrap.Command Launched Apache NiFi with Process ID 91
2024-01-14 12:10:01,183 INFO [NiFi Bootstrap Command Listener] org.apache.nifi.bootstrap.RunNiFi Apache NiFi now running and listening for Bootstrap requests on port 38493
2024-01-14 12:10:39,163 ERROR [NiFi logging handler] org.apache.nifi.StdErr Warning: Nashorn engine is planned to be removed from a future JDK release
2024-01-14 12:10:39,540 ERROR [NiFi logging handler] org.apache.nifi.StdErr Warning: Nashorn engine is planned to be removed from a future JDK release
2024-01-14 12:10:39,571 ERROR [NiFi logging handler] org.apache.nifi.StdErr Warning: Nashorn engine is planned to be removed from a future JDK release
2024-01-14 12:10:39,652 ERROR [NiFi logging handler] org.apache.nifi.StdErr Warning: Nashorn engine is planned to be removed from a future JDK release
2024-01-14 12:10:39,994 ERROR [NiFi logging handler] org.apache.nifi.StdErr Warning: Nashorn engine is planned to be removed from a future JDK release
2024-01-14 12:10:40,049 ERROR [NiFi logging handler] org.apache.nifi.StdErr Warning: Nashorn engine is planned to be removed from a future JDK release
2024-01-14 12:10:40,083 ERROR [NiFi logging handler] org.apache.nifi.StdErr Warning: Nashorn engine is planned to be removed from a future JDK release
2024-01-14 12:10:40,117 ERROR [NiFi logging handler] org.apache.nifi.StdErr Warning: Nashorn engine is planned to be removed from a future JDK release
2024-01-14 12:10:40,200 ERROR [NiFi logging handler] org.apache.nifi.StdErr Warning: Nashorn engine is planned to be removed from a future JDK release
2024-01-14 13:14:50,027 ERROR [NiFi logging handler] org.apache.nifi.StdErr WARNING: An illegal reflective access operation has occurred
2024-01-14 13:14:50,041 ERROR [NiFi logging handler] org.apache.nifi.StdErr WARNING: Illegal reflective access by org.springframework.cglib.core.ReflectUtils (file:/opt/nifi/nifi-current/./work/nar/framework/nifi-framework-nar-1.23.2.nar-unpacked/NAR-INF/bundled-dependencies/spring-core-5.3.29.jar) to method java.lang.ClassLoader.defineClass(java.lang.String,byte[],int,int,java.security.ProtectionDomain)
2024-01-14 13:14:50,041 ERROR [NiFi logging handler] org.apache.nifi.StdErr WARNING: Please consider reporting this to the maintainers of org.springframework.cglib.core.ReflectUtils
2024-01-14 13:14:50,042 ERROR [NiFi logging handler] org.apache.nifi.StdErr WARNING: Use --illegal-access=warn to enable warnings of further illegal reflective access operations
2024-01-14 13:14:50,042 ERROR [NiFi logging handler] org.apache.nifi.StdErr WARNING: All illegal access operations will be denied in a future release
2024-01-14 19:06:13,995 INFO [main] o.a.n.b.NotificationServiceManager Successfully loaded the following 0 services: []
2024-01-14 19:06:13,999 INFO [main] org.apache.nifi.bootstrap.RunNiFi Registered no Notification Services for Notification Type NIFI_STARTED
2024-01-14 19:06:13,999 INFO [main] org.apache.nifi.bootstrap.RunNiFi Registered no Notification Services for Notification Type NIFI_STOPPED
2024-01-14 19:06:13,999 INFO [main] org.apache.nifi.bootstrap.RunNiFi Registered no Notification Services for Notification Type NIFI_DIED
2024-01-14 19:06:14,021 INFO [main] org.apache.nifi.bootstrap.Command Apache NiFi has accepted the Shutdown Command and is shutting down now
2024-01-14 19:06:14,100 INFO [main] org.apache.nifi.bootstrap.Command NiFi PID [91] shutdown in progress...
2024-01-14 19:06:16,103 INFO [main] org.apache.nifi.bootstrap.Command NiFi PID [91] shutdown in progress...
2024-01-14 19:06:18,106 INFO [main] org.apache.nifi.bootstrap.Command NiFi PID [91] shutdown in progress...
2024-01-14 19:06:20,108 INFO [main] org.apache.nifi.bootstrap.Command NiFi PID [91] shutdown in progress...
2024-01-14 19:06:22,111 INFO [main] org.apache.nifi.bootstrap.Command NiFi PID [91] shutdown in progress...
