2024-01-13 02:01:59,809 INFO [main] o.a.n.b.NotificationServiceManager Successfully loaded the following 0 services: []
2024-01-13 02:01:59,819 INFO [main] org.apache.nifi.bootstrap.RunNiFi Registered no Notification Services for Notification Type NIFI_STARTED
2024-01-13 02:01:59,819 INFO [main] org.apache.nifi.bootstrap.RunNiFi Registered no Notification Services for Notification Type NIFI_STOPPED
2024-01-13 02:01:59,819 INFO [main] org.apache.nifi.bootstrap.RunNiFi Registered no Notification Services for Notification Type NIFI_DIED
2024-01-13 02:01:59,873 INFO [main] org.apache.nifi.bootstrap.Command Apache NiFi has accepted the Shutdown Command and is shutting down now
2024-01-13 02:01:59,940 INFO [main] org.apache.nifi.bootstrap.Command NiFi PID [91] shutdown in progress...
2024-01-13 02:02:01,942 INFO [main] org.apache.nifi.bootstrap.Command NiFi PID [91] shutdown in progress...
2024-01-13 02:02:03,944 INFO [main] org.apache.nifi.bootstrap.Command NiFi PID [91] shutdown in progress...
2024-01-13 02:02:05,946 INFO [main] org.apache.nifi.bootstrap.Command NiFi PID [91] shutdown in progress...
2024-01-13 02:02:07,949 INFO [main] org.apache.nifi.bootstrap.Command NiFi PID [91] shutdown in progress...
2024-01-13 11:20:56,021 INFO [main] o.a.n.b.NotificationServiceManager Successfully loaded the following 0 services: []
2024-01-13 11:20:56,027 INFO [main] org.apache.nifi.bootstrap.RunNiFi Registered no Notification Services for Notification Type NIFI_STARTED
2024-01-13 11:20:56,027 INFO [main] org.apache.nifi.bootstrap.RunNiFi Registered no Notification Services for Notification Type NIFI_STOPPED
2024-01-13 11:20:56,027 INFO [main] org.apache.nifi.bootstrap.RunNiFi Registered no Notification Services for Notification Type NIFI_DIED
2024-01-13 11:20:56,040 INFO [main] org.apache.nifi.bootstrap.RunNiFi Runtime Java version: 11.0.20
2024-01-13 11:20:56,075 INFO [main] org.apache.nifi.bootstrap.Command Starting Apache NiFi...
2024-01-13 11:20:56,075 INFO [main] org.apache.nifi.bootstrap.Command Working Directory: /opt/nifi/nifi-current
2024-01-13 11:20:56,076 INFO [main] org.apache.nifi.bootstrap.Command Command: /opt/java/openjdk/bin/java -classpath /opt/nifi/nifi-current/./conf:/opt/nifi/nifi-current/./lib/nifi-stateless-bootstrap-1.23.2.jar:/opt/nifi/nifi-current/./lib/logback-core-1.3.8.jar:/opt/nifi/nifi-current/./lib/jcl-over-slf4j-2.0.7.jar:/opt/nifi/nifi-current/./lib/slf4j-api-2.0.7.jar:/opt/nifi/nifi-current/./lib/nifi-server-api-1.23.2.jar:/opt/nifi/nifi-current/./lib/nifi-property-utils-1.23.2.jar:/opt/nifi/nifi-current/./lib/nifi-framework-api-1.23.2.jar:/opt/nifi/nifi-current/./lib/log4j-over-slf4j-2.0.7.jar:/opt/nifi/nifi-current/./lib/nifi-stateless-api-1.23.2.jar:/opt/nifi/nifi-current/./lib/nifi-per-process-group-logging-1.23.2.jar:/opt/nifi/nifi-current/./lib/nifi-properties-1.23.2.jar:/opt/nifi/nifi-current/./lib/logback-classic-1.3.8.jar:/opt/nifi/nifi-current/./lib/jetty-schemas-5.2.jar:/opt/nifi/nifi-current/./lib/javax.servlet-api-3.1.0.jar:/opt/nifi/nifi-current/./lib/nifi-api-1.23.2.jar:/opt/nifi/nifi-current/./lib/nifi-nar-utils-1.23.2.jar:/opt/nifi/nifi-current/./lib/jul-to-slf4j-2.0.7.jar:/opt/nifi/nifi-current/./lib/nifi-runtime-1.23.2.jar:/opt/nifi/nifi-current/./lib/java11/jaxb-runtime-2.3.5.jar:/opt/nifi/nifi-current/./lib/java11/javax.annotation-api-1.3.2.jar:/opt/nifi/nifi-current/./lib/java11/jakarta.activation-api-1.2.2.jar:/opt/nifi/nifi-current/./lib/java11/jakarta.activation-1.2.2.jar:/opt/nifi/nifi-current/./lib/java11/txw2-2.3.5.jar:/opt/nifi/nifi-current/./lib/java11/istack-commons-runtime-3.0.12.jar:/opt/nifi/nifi-current/./lib/java11/jakarta.xml.bind-api-2.3.3.jar -Dorg.apache.jasper.compiler.disablejsr199=true -Xmx512m -Xms512m -Dcurator-log-only-first-connection-issue-as-error-level=true -Djavax.security.auth.useSubjectCredsOnly=true -Djava.security.egd=file:/dev/urandom -Dzookeeper.admin.enableServer=false -Dsun.net.http.allowRestrictedHeaders=true -Djava.net.preferIPv4Stack=true -Djava.awt.headless=true -Djava.protocol.handler.pkgs=sun.net.www.protocol -Dnifi.properties.file.path=/opt/nifi/nifi-current/./conf/nifi.properties -Dnifi.bootstrap.listen.port=36299 -Dapp=NiFi -Dorg.apache.nifi.bootstrap.config.log.dir=/opt/nifi/nifi-current/logs org.apache.nifi.NiFi 
2024-01-13 11:20:56,193 INFO [main] org.apache.nifi.bootstrap.Command Launched Apache NiFi with Process ID 89
2024-01-13 11:20:56,919 INFO [NiFi Bootstrap Command Listener] org.apache.nifi.bootstrap.RunNiFi Apache NiFi now running and listening for Bootstrap requests on port 41361
2024-01-13 11:21:35,388 ERROR [NiFi logging handler] org.apache.nifi.StdErr Warning: Nashorn engine is planned to be removed from a future JDK release
2024-01-13 11:21:35,671 ERROR [NiFi logging handler] org.apache.nifi.StdErr Warning: Nashorn engine is planned to be removed from a future JDK release
2024-01-13 11:21:35,715 ERROR [NiFi logging handler] org.apache.nifi.StdErr Warning: Nashorn engine is planned to be removed from a future JDK release
2024-01-13 11:21:35,898 ERROR [NiFi logging handler] org.apache.nifi.StdErr Warning: Nashorn engine is planned to be removed from a future JDK release
2024-01-13 11:21:36,228 ERROR [NiFi logging handler] org.apache.nifi.StdErr Warning: Nashorn engine is planned to be removed from a future JDK release
2024-01-13 11:21:36,271 ERROR [NiFi logging handler] org.apache.nifi.StdErr Warning: Nashorn engine is planned to be removed from a future JDK release
2024-01-13 11:21:36,297 ERROR [NiFi logging handler] org.apache.nifi.StdErr Warning: Nashorn engine is planned to be removed from a future JDK release
2024-01-13 11:21:36,331 ERROR [NiFi logging handler] org.apache.nifi.StdErr Warning: Nashorn engine is planned to be removed from a future JDK release
2024-01-13 11:21:36,405 ERROR [NiFi logging handler] org.apache.nifi.StdErr Warning: Nashorn engine is planned to be removed from a future JDK release
2024-01-13 12:03:53,621 INFO [main] o.a.n.b.NotificationServiceManager Successfully loaded the following 0 services: []
2024-01-13 12:03:53,624 INFO [main] org.apache.nifi.bootstrap.RunNiFi Registered no Notification Services for Notification Type NIFI_STARTED
2024-01-13 12:03:53,624 INFO [main] org.apache.nifi.bootstrap.RunNiFi Registered no Notification Services for Notification Type NIFI_STOPPED
2024-01-13 12:03:53,625 INFO [main] org.apache.nifi.bootstrap.RunNiFi Registered no Notification Services for Notification Type NIFI_DIED
2024-01-13 12:03:53,677 INFO [main] org.apache.nifi.bootstrap.Command Apache NiFi has accepted the Shutdown Command and is shutting down now
2024-01-13 12:03:53,762 INFO [main] org.apache.nifi.bootstrap.Command NiFi PID [89] shutdown in progress...
2024-01-13 12:03:55,766 INFO [main] org.apache.nifi.bootstrap.Command NiFi PID [89] shutdown in progress...
2024-01-13 12:03:57,770 INFO [main] org.apache.nifi.bootstrap.Command NiFi PID [89] shutdown in progress...
2024-01-13 12:03:59,773 INFO [main] org.apache.nifi.bootstrap.Command NiFi PID [89] shutdown in progress...
2024-01-13 12:04:01,776 INFO [main] org.apache.nifi.bootstrap.Command NiFi PID [89] shutdown in progress...
2024-01-13 12:06:02,735 INFO [main] o.a.n.b.NotificationServiceManager Successfully loaded the following 0 services: []
2024-01-13 12:06:02,739 INFO [main] org.apache.nifi.bootstrap.RunNiFi Registered no Notification Services for Notification Type NIFI_STARTED
2024-01-13 12:06:02,740 INFO [main] org.apache.nifi.bootstrap.RunNiFi Registered no Notification Services for Notification Type NIFI_STOPPED
2024-01-13 12:06:02,740 INFO [main] org.apache.nifi.bootstrap.RunNiFi Registered no Notification Services for Notification Type NIFI_DIED
2024-01-13 12:06:02,752 INFO [main] org.apache.nifi.bootstrap.RunNiFi Runtime Java version: 11.0.20
2024-01-13 12:06:02,776 INFO [main] org.apache.nifi.bootstrap.Command Starting Apache NiFi...
2024-01-13 12:06:02,777 INFO [main] org.apache.nifi.bootstrap.Command Working Directory: /opt/nifi/nifi-current
2024-01-13 12:06:02,777 INFO [main] org.apache.nifi.bootstrap.Command Command: /opt/java/openjdk/bin/java -classpath /opt/nifi/nifi-current/./conf:/opt/nifi/nifi-current/./lib/nifi-stateless-bootstrap-1.23.2.jar:/opt/nifi/nifi-current/./lib/logback-core-1.3.8.jar:/opt/nifi/nifi-current/./lib/jcl-over-slf4j-2.0.7.jar:/opt/nifi/nifi-current/./lib/slf4j-api-2.0.7.jar:/opt/nifi/nifi-current/./lib/nifi-server-api-1.23.2.jar:/opt/nifi/nifi-current/./lib/nifi-property-utils-1.23.2.jar:/opt/nifi/nifi-current/./lib/nifi-framework-api-1.23.2.jar:/opt/nifi/nifi-current/./lib/log4j-over-slf4j-2.0.7.jar:/opt/nifi/nifi-current/./lib/nifi-stateless-api-1.23.2.jar:/opt/nifi/nifi-current/./lib/nifi-per-process-group-logging-1.23.2.jar:/opt/nifi/nifi-current/./lib/nifi-properties-1.23.2.jar:/opt/nifi/nifi-current/./lib/logback-classic-1.3.8.jar:/opt/nifi/nifi-current/./lib/jetty-schemas-5.2.jar:/opt/nifi/nifi-current/./lib/javax.servlet-api-3.1.0.jar:/opt/nifi/nifi-current/./lib/nifi-api-1.23.2.jar:/opt/nifi/nifi-current/./lib/nifi-nar-utils-1.23.2.jar:/opt/nifi/nifi-current/./lib/jul-to-slf4j-2.0.7.jar:/opt/nifi/nifi-current/./lib/nifi-runtime-1.23.2.jar:/opt/nifi/nifi-current/./lib/java11/jaxb-runtime-2.3.5.jar:/opt/nifi/nifi-current/./lib/java11/javax.annotation-api-1.3.2.jar:/opt/nifi/nifi-current/./lib/java11/jakarta.activation-api-1.2.2.jar:/opt/nifi/nifi-current/./lib/java11/jakarta.activation-1.2.2.jar:/opt/nifi/nifi-current/./lib/java11/txw2-2.3.5.jar:/opt/nifi/nifi-current/./lib/java11/istack-commons-runtime-3.0.12.jar:/opt/nifi/nifi-current/./lib/java11/jakarta.xml.bind-api-2.3.3.jar -Dorg.apache.jasper.compiler.disablejsr199=true -Xmx512m -Xms512m -Dcurator-log-only-first-connection-issue-as-error-level=true -Djavax.security.auth.useSubjectCredsOnly=true -Djava.security.egd=file:/dev/urandom -Dzookeeper.admin.enableServer=false -Dsun.net.http.allowRestrictedHeaders=true -Djava.net.preferIPv4Stack=true -Djava.awt.headless=true -Djava.protocol.handler.pkgs=sun.net.www.protocol -Dnifi.properties.file.path=/opt/nifi/nifi-current/./conf/nifi.properties -Dnifi.bootstrap.listen.port=44567 -Dapp=NiFi -Dorg.apache.nifi.bootstrap.config.log.dir=/opt/nifi/nifi-current/logs org.apache.nifi.NiFi 
2024-01-13 12:06:02,882 INFO [main] org.apache.nifi.bootstrap.Command Launched Apache NiFi with Process ID 89
2024-01-13 12:06:03,516 INFO [NiFi Bootstrap Command Listener] org.apache.nifi.bootstrap.RunNiFi Apache NiFi now running and listening for Bootstrap requests on port 39655
2024-01-13 12:06:34,273 ERROR [NiFi logging handler] org.apache.nifi.StdErr Warning: Nashorn engine is planned to be removed from a future JDK release
2024-01-13 12:06:41,650 ERROR [NiFi logging handler] org.apache.nifi.StdErr Warning: Nashorn engine is planned to be removed from a future JDK release
2024-01-13 12:06:41,738 ERROR [NiFi logging handler] org.apache.nifi.StdErr Warning: Nashorn engine is planned to be removed from a future JDK release
2024-01-13 12:06:41,757 ERROR [NiFi logging handler] org.apache.nifi.StdErr Warning: Nashorn engine is planned to be removed from a future JDK release
2024-01-13 12:06:41,777 ERROR [NiFi logging handler] org.apache.nifi.StdErr Warning: Nashorn engine is planned to be removed from a future JDK release
2024-01-13 12:06:41,826 ERROR [NiFi logging handler] org.apache.nifi.StdErr Warning: Nashorn engine is planned to be removed from a future JDK release
2024-01-13 12:06:41,844 ERROR [NiFi logging handler] org.apache.nifi.StdErr Warning: Nashorn engine is planned to be removed from a future JDK release
2024-01-13 12:06:42,115 ERROR [NiFi logging handler] org.apache.nifi.StdErr Warning: Nashorn engine is planned to be removed from a future JDK release
2024-01-13 12:06:42,900 ERROR [NiFi logging handler] org.apache.nifi.StdErr Warning: Nashorn engine is planned to be removed from a future JDK release
2024-01-13 12:08:54,785 INFO [main] o.a.n.b.NotificationServiceManager Successfully loaded the following 0 services: []
2024-01-13 12:08:54,788 INFO [main] org.apache.nifi.bootstrap.RunNiFi Registered no Notification Services for Notification Type NIFI_STARTED
2024-01-13 12:08:54,789 INFO [main] org.apache.nifi.bootstrap.RunNiFi Registered no Notification Services for Notification Type NIFI_STOPPED
2024-01-13 12:08:54,789 INFO [main] org.apache.nifi.bootstrap.RunNiFi Registered no Notification Services for Notification Type NIFI_DIED
2024-01-13 12:08:54,823 INFO [main] org.apache.nifi.bootstrap.Command Apache NiFi has accepted the Shutdown Command and is shutting down now
2024-01-13 12:08:54,900 INFO [main] org.apache.nifi.bootstrap.Command NiFi PID [89] shutdown in progress...
2024-01-13 12:08:56,903 INFO [main] org.apache.nifi.bootstrap.Command NiFi PID [89] shutdown in progress...
2024-01-13 12:08:58,905 INFO [main] org.apache.nifi.bootstrap.Command NiFi PID [89] shutdown in progress...
2024-01-13 12:09:00,909 INFO [main] org.apache.nifi.bootstrap.Command NiFi PID [89] shutdown in progress...
2024-01-13 12:09:02,912 INFO [main] org.apache.nifi.bootstrap.Command NiFi PID [89] shutdown in progress...
2024-01-13 12:09:46,755 INFO [main] o.a.n.b.NotificationServiceManager Successfully loaded the following 0 services: []
2024-01-13 12:09:46,760 INFO [main] org.apache.nifi.bootstrap.RunNiFi Registered no Notification Services for Notification Type NIFI_STARTED
2024-01-13 12:09:46,761 INFO [main] org.apache.nifi.bootstrap.RunNiFi Registered no Notification Services for Notification Type NIFI_STOPPED
2024-01-13 12:09:46,761 INFO [main] org.apache.nifi.bootstrap.RunNiFi Registered no Notification Services for Notification Type NIFI_DIED
2024-01-13 12:09:46,773 INFO [main] org.apache.nifi.bootstrap.RunNiFi Runtime Java version: 11.0.20
2024-01-13 12:09:46,802 INFO [main] org.apache.nifi.bootstrap.Command Starting Apache NiFi...
2024-01-13 12:09:46,803 INFO [main] org.apache.nifi.bootstrap.Command Working Directory: /opt/nifi/nifi-current
2024-01-13 12:09:46,804 INFO [main] org.apache.nifi.bootstrap.Command Command: /opt/java/openjdk/bin/java -classpath /opt/nifi/nifi-current/./conf:/opt/nifi/nifi-current/./lib/nifi-stateless-bootstrap-1.23.2.jar:/opt/nifi/nifi-current/./lib/logback-core-1.3.8.jar:/opt/nifi/nifi-current/./lib/jcl-over-slf4j-2.0.7.jar:/opt/nifi/nifi-current/./lib/slf4j-api-2.0.7.jar:/opt/nifi/nifi-current/./lib/nifi-server-api-1.23.2.jar:/opt/nifi/nifi-current/./lib/nifi-property-utils-1.23.2.jar:/opt/nifi/nifi-current/./lib/nifi-framework-api-1.23.2.jar:/opt/nifi/nifi-current/./lib/log4j-over-slf4j-2.0.7.jar:/opt/nifi/nifi-current/./lib/nifi-stateless-api-1.23.2.jar:/opt/nifi/nifi-current/./lib/nifi-per-process-group-logging-1.23.2.jar:/opt/nifi/nifi-current/./lib/nifi-properties-1.23.2.jar:/opt/nifi/nifi-current/./lib/logback-classic-1.3.8.jar:/opt/nifi/nifi-current/./lib/jetty-schemas-5.2.jar:/opt/nifi/nifi-current/./lib/javax.servlet-api-3.1.0.jar:/opt/nifi/nifi-current/./lib/nifi-api-1.23.2.jar:/opt/nifi/nifi-current/./lib/nifi-nar-utils-1.23.2.jar:/opt/nifi/nifi-current/./lib/jul-to-slf4j-2.0.7.jar:/opt/nifi/nifi-current/./lib/nifi-runtime-1.23.2.jar:/opt/nifi/nifi-current/./lib/java11/jaxb-runtime-2.3.5.jar:/opt/nifi/nifi-current/./lib/java11/javax.annotation-api-1.3.2.jar:/opt/nifi/nifi-current/./lib/java11/jakarta.activation-api-1.2.2.jar:/opt/nifi/nifi-current/./lib/java11/jakarta.activation-1.2.2.jar:/opt/nifi/nifi-current/./lib/java11/txw2-2.3.5.jar:/opt/nifi/nifi-current/./lib/java11/istack-commons-runtime-3.0.12.jar:/opt/nifi/nifi-current/./lib/java11/jakarta.xml.bind-api-2.3.3.jar -Dorg.apache.jasper.compiler.disablejsr199=true -Xmx512m -Xms512m -Dcurator-log-only-first-connection-issue-as-error-level=true -Djavax.security.auth.useSubjectCredsOnly=true -Djava.security.egd=file:/dev/urandom -Dzookeeper.admin.enableServer=false -Dsun.net.http.allowRestrictedHeaders=true -Djava.net.preferIPv4Stack=true -Djava.awt.headless=true -Djava.protocol.handler.pkgs=sun.net.www.protocol -Dnifi.properties.file.path=/opt/nifi/nifi-current/./conf/nifi.properties -Dnifi.bootstrap.listen.port=35413 -Dapp=NiFi -Dorg.apache.nifi.bootstrap.config.log.dir=/opt/nifi/nifi-current/logs org.apache.nifi.NiFi 
2024-01-13 12:09:46,907 INFO [main] org.apache.nifi.bootstrap.Command Launched Apache NiFi with Process ID 90
2024-01-13 12:09:47,599 INFO [NiFi Bootstrap Command Listener] org.apache.nifi.bootstrap.RunNiFi Apache NiFi now running and listening for Bootstrap requests on port 39121
2024-01-13 12:10:15,089 ERROR [NiFi logging handler] org.apache.nifi.StdErr Warning: Nashorn engine is planned to be removed from a future JDK release
2024-01-13 12:10:22,331 ERROR [NiFi logging handler] org.apache.nifi.StdErr Warning: Nashorn engine is planned to be removed from a future JDK release
2024-01-13 12:10:22,385 ERROR [NiFi logging handler] org.apache.nifi.StdErr Warning: Nashorn engine is planned to be removed from a future JDK release
2024-01-13 12:10:22,397 ERROR [NiFi logging handler] org.apache.nifi.StdErr Warning: Nashorn engine is planned to be removed from a future JDK release
2024-01-13 12:10:22,411 ERROR [NiFi logging handler] org.apache.nifi.StdErr Warning: Nashorn engine is planned to be removed from a future JDK release
2024-01-13 12:10:22,465 ERROR [NiFi logging handler] org.apache.nifi.StdErr Warning: Nashorn engine is planned to be removed from a future JDK release
2024-01-13 12:10:22,486 ERROR [NiFi logging handler] org.apache.nifi.StdErr Warning: Nashorn engine is planned to be removed from a future JDK release
2024-01-13 12:10:22,787 ERROR [NiFi logging handler] org.apache.nifi.StdErr Warning: Nashorn engine is planned to be removed from a future JDK release
2024-01-13 12:10:24,022 ERROR [NiFi logging handler] org.apache.nifi.StdErr Warning: Nashorn engine is planned to be removed from a future JDK release
2024-01-13 12:12:30,441 INFO [main] o.a.n.b.NotificationServiceManager Successfully loaded the following 0 services: []
2024-01-13 12:12:30,444 INFO [main] org.apache.nifi.bootstrap.RunNiFi Registered no Notification Services for Notification Type NIFI_STARTED
2024-01-13 12:12:30,445 INFO [main] org.apache.nifi.bootstrap.RunNiFi Registered no Notification Services for Notification Type NIFI_STOPPED
2024-01-13 12:12:30,445 INFO [main] org.apache.nifi.bootstrap.RunNiFi Registered no Notification Services for Notification Type NIFI_DIED
2024-01-13 12:12:30,460 INFO [main] org.apache.nifi.bootstrap.Command Apache NiFi has accepted the Shutdown Command and is shutting down now
2024-01-13 12:12:30,516 INFO [main] org.apache.nifi.bootstrap.Command NiFi PID [90] shutdown in progress...
2024-01-13 12:12:32,518 INFO [main] org.apache.nifi.bootstrap.Command NiFi PID [90] shutdown in progress...
2024-01-13 12:12:34,521 INFO [main] org.apache.nifi.bootstrap.Command NiFi PID [90] shutdown in progress...
2024-01-13 12:12:36,523 INFO [main] org.apache.nifi.bootstrap.Command NiFi PID [90] shutdown in progress...
2024-01-13 12:12:38,527 INFO [main] org.apache.nifi.bootstrap.Command NiFi PID [90] shutdown in progress...
2024-01-13 12:13:29,519 INFO [main] o.a.n.b.NotificationServiceManager Successfully loaded the following 0 services: []
2024-01-13 12:13:29,523 INFO [main] org.apache.nifi.bootstrap.RunNiFi Registered no Notification Services for Notification Type NIFI_STARTED
2024-01-13 12:13:29,524 INFO [main] org.apache.nifi.bootstrap.RunNiFi Registered no Notification Services for Notification Type NIFI_STOPPED
2024-01-13 12:13:29,524 INFO [main] org.apache.nifi.bootstrap.RunNiFi Registered no Notification Services for Notification Type NIFI_DIED
2024-01-13 12:13:29,537 INFO [main] org.apache.nifi.bootstrap.RunNiFi Runtime Java version: 11.0.20
2024-01-13 12:13:29,561 INFO [main] org.apache.nifi.bootstrap.Command Starting Apache NiFi...
2024-01-13 12:13:29,562 INFO [main] org.apache.nifi.bootstrap.Command Working Directory: /opt/nifi/nifi-current
2024-01-13 12:13:29,562 INFO [main] org.apache.nifi.bootstrap.Command Command: /opt/java/openjdk/bin/java -classpath /opt/nifi/nifi-current/./conf:/opt/nifi/nifi-current/./lib/nifi-stateless-bootstrap-1.23.2.jar:/opt/nifi/nifi-current/./lib/logback-core-1.3.8.jar:/opt/nifi/nifi-current/./lib/jcl-over-slf4j-2.0.7.jar:/opt/nifi/nifi-current/./lib/slf4j-api-2.0.7.jar:/opt/nifi/nifi-current/./lib/nifi-server-api-1.23.2.jar:/opt/nifi/nifi-current/./lib/nifi-property-utils-1.23.2.jar:/opt/nifi/nifi-current/./lib/nifi-framework-api-1.23.2.jar:/opt/nifi/nifi-current/./lib/log4j-over-slf4j-2.0.7.jar:/opt/nifi/nifi-current/./lib/nifi-stateless-api-1.23.2.jar:/opt/nifi/nifi-current/./lib/nifi-per-process-group-logging-1.23.2.jar:/opt/nifi/nifi-current/./lib/nifi-properties-1.23.2.jar:/opt/nifi/nifi-current/./lib/logback-classic-1.3.8.jar:/opt/nifi/nifi-current/./lib/jetty-schemas-5.2.jar:/opt/nifi/nifi-current/./lib/javax.servlet-api-3.1.0.jar:/opt/nifi/nifi-current/./lib/nifi-api-1.23.2.jar:/opt/nifi/nifi-current/./lib/nifi-nar-utils-1.23.2.jar:/opt/nifi/nifi-current/./lib/jul-to-slf4j-2.0.7.jar:/opt/nifi/nifi-current/./lib/nifi-runtime-1.23.2.jar:/opt/nifi/nifi-current/./lib/java11/jaxb-runtime-2.3.5.jar:/opt/nifi/nifi-current/./lib/java11/javax.annotation-api-1.3.2.jar:/opt/nifi/nifi-current/./lib/java11/jakarta.activation-api-1.2.2.jar:/opt/nifi/nifi-current/./lib/java11/jakarta.activation-1.2.2.jar:/opt/nifi/nifi-current/./lib/java11/txw2-2.3.5.jar:/opt/nifi/nifi-current/./lib/java11/istack-commons-runtime-3.0.12.jar:/opt/nifi/nifi-current/./lib/java11/jakarta.xml.bind-api-2.3.3.jar -Dorg.apache.jasper.compiler.disablejsr199=true -Xmx512m -Xms512m -Dcurator-log-only-first-connection-issue-as-error-level=true -Djavax.security.auth.useSubjectCredsOnly=true -Djava.security.egd=file:/dev/urandom -Dzookeeper.admin.enableServer=false -Dsun.net.http.allowRestrictedHeaders=true -Djava.net.preferIPv4Stack=true -Djava.awt.headless=true -Djava.protocol.handler.pkgs=sun.net.www.protocol -Dnifi.properties.file.path=/opt/nifi/nifi-current/./conf/nifi.properties -Dnifi.bootstrap.listen.port=42421 -Dapp=NiFi -Dorg.apache.nifi.bootstrap.config.log.dir=/opt/nifi/nifi-current/logs org.apache.nifi.NiFi 
2024-01-13 12:13:29,650 INFO [main] org.apache.nifi.bootstrap.Command Launched Apache NiFi with Process ID 90
2024-01-13 12:13:30,372 INFO [NiFi Bootstrap Command Listener] org.apache.nifi.bootstrap.RunNiFi Apache NiFi now running and listening for Bootstrap requests on port 33321
2024-01-13 12:13:56,055 ERROR [NiFi logging handler] org.apache.nifi.StdErr Warning: Nashorn engine is planned to be removed from a future JDK release
2024-01-13 12:14:04,304 ERROR [NiFi logging handler] org.apache.nifi.StdErr Warning: Nashorn engine is planned to be removed from a future JDK release
2024-01-13 12:14:04,383 ERROR [NiFi logging handler] org.apache.nifi.StdErr Warning: Nashorn engine is planned to be removed from a future JDK release
2024-01-13 12:14:04,403 ERROR [NiFi logging handler] org.apache.nifi.StdErr Warning: Nashorn engine is planned to be removed from a future JDK release
2024-01-13 12:14:04,426 ERROR [NiFi logging handler] org.apache.nifi.StdErr Warning: Nashorn engine is planned to be removed from a future JDK release
2024-01-13 12:14:04,489 ERROR [NiFi logging handler] org.apache.nifi.StdErr Warning: Nashorn engine is planned to be removed from a future JDK release
2024-01-13 12:14:04,515 ERROR [NiFi logging handler] org.apache.nifi.StdErr Warning: Nashorn engine is planned to be removed from a future JDK release
2024-01-13 12:14:04,980 ERROR [NiFi logging handler] org.apache.nifi.StdErr Warning: Nashorn engine is planned to be removed from a future JDK release
2024-01-13 12:14:06,459 ERROR [NiFi logging handler] org.apache.nifi.StdErr Warning: Nashorn engine is planned to be removed from a future JDK release
2024-01-13 12:19:37,610 INFO [main] o.a.n.b.NotificationServiceManager Successfully loaded the following 0 services: []
2024-01-13 12:19:37,612 INFO [main] org.apache.nifi.bootstrap.RunNiFi Registered no Notification Services for Notification Type NIFI_STARTED
2024-01-13 12:19:37,613 INFO [main] org.apache.nifi.bootstrap.RunNiFi Registered no Notification Services for Notification Type NIFI_STOPPED
2024-01-13 12:19:37,613 INFO [main] org.apache.nifi.bootstrap.RunNiFi Registered no Notification Services for Notification Type NIFI_DIED
2024-01-13 12:19:37,645 INFO [main] org.apache.nifi.bootstrap.Command Apache NiFi has accepted the Shutdown Command and is shutting down now
2024-01-13 12:19:37,734 INFO [main] org.apache.nifi.bootstrap.Command NiFi PID [90] shutdown in progress...
2024-01-13 12:19:39,736 INFO [main] org.apache.nifi.bootstrap.Command NiFi PID [90] shutdown in progress...
2024-01-13 12:19:41,739 INFO [main] org.apache.nifi.bootstrap.Command NiFi PID [90] shutdown in progress...
2024-01-13 12:19:43,741 INFO [main] org.apache.nifi.bootstrap.Command NiFi PID [90] shutdown in progress...
2024-01-13 12:19:45,745 INFO [main] org.apache.nifi.bootstrap.Command NiFi PID [90] shutdown in progress...
2024-01-13 12:20:28,971 INFO [main] o.a.n.b.NotificationServiceManager Successfully loaded the following 0 services: []
2024-01-13 12:20:28,975 INFO [main] org.apache.nifi.bootstrap.RunNiFi Registered no Notification Services for Notification Type NIFI_STARTED
2024-01-13 12:20:28,975 INFO [main] org.apache.nifi.bootstrap.RunNiFi Registered no Notification Services for Notification Type NIFI_STOPPED
2024-01-13 12:20:28,975 INFO [main] org.apache.nifi.bootstrap.RunNiFi Registered no Notification Services for Notification Type NIFI_DIED
2024-01-13 12:20:28,984 INFO [main] org.apache.nifi.bootstrap.RunNiFi Runtime Java version: 11.0.20
2024-01-13 12:20:29,011 INFO [main] org.apache.nifi.bootstrap.Command Starting Apache NiFi...
2024-01-13 12:20:29,012 INFO [main] org.apache.nifi.bootstrap.Command Working Directory: /opt/nifi/nifi-current
2024-01-13 12:20:29,012 INFO [main] org.apache.nifi.bootstrap.Command Command: /opt/java/openjdk/bin/java -classpath /opt/nifi/nifi-current/./conf:/opt/nifi/nifi-current/./lib/nifi-stateless-bootstrap-1.23.2.jar:/opt/nifi/nifi-current/./lib/logback-core-1.3.8.jar:/opt/nifi/nifi-current/./lib/jcl-over-slf4j-2.0.7.jar:/opt/nifi/nifi-current/./lib/slf4j-api-2.0.7.jar:/opt/nifi/nifi-current/./lib/nifi-server-api-1.23.2.jar:/opt/nifi/nifi-current/./lib/nifi-property-utils-1.23.2.jar:/opt/nifi/nifi-current/./lib/nifi-framework-api-1.23.2.jar:/opt/nifi/nifi-current/./lib/log4j-over-slf4j-2.0.7.jar:/opt/nifi/nifi-current/./lib/nifi-stateless-api-1.23.2.jar:/opt/nifi/nifi-current/./lib/nifi-per-process-group-logging-1.23.2.jar:/opt/nifi/nifi-current/./lib/nifi-properties-1.23.2.jar:/opt/nifi/nifi-current/./lib/logback-classic-1.3.8.jar:/opt/nifi/nifi-current/./lib/jetty-schemas-5.2.jar:/opt/nifi/nifi-current/./lib/javax.servlet-api-3.1.0.jar:/opt/nifi/nifi-current/./lib/nifi-api-1.23.2.jar:/opt/nifi/nifi-current/./lib/nifi-nar-utils-1.23.2.jar:/opt/nifi/nifi-current/./lib/jul-to-slf4j-2.0.7.jar:/opt/nifi/nifi-current/./lib/nifi-runtime-1.23.2.jar:/opt/nifi/nifi-current/./lib/java11/jaxb-runtime-2.3.5.jar:/opt/nifi/nifi-current/./lib/java11/javax.annotation-api-1.3.2.jar:/opt/nifi/nifi-current/./lib/java11/jakarta.activation-api-1.2.2.jar:/opt/nifi/nifi-current/./lib/java11/jakarta.activation-1.2.2.jar:/opt/nifi/nifi-current/./lib/java11/txw2-2.3.5.jar:/opt/nifi/nifi-current/./lib/java11/istack-commons-runtime-3.0.12.jar:/opt/nifi/nifi-current/./lib/java11/jakarta.xml.bind-api-2.3.3.jar -Dorg.apache.jasper.compiler.disablejsr199=true -Xmx512m -Xms512m -Dcurator-log-only-first-connection-issue-as-error-level=true -Djavax.security.auth.useSubjectCredsOnly=true -Djava.security.egd=file:/dev/urandom -Dzookeeper.admin.enableServer=false -Dsun.net.http.allowRestrictedHeaders=true -Djava.net.preferIPv4Stack=true -Djava.awt.headless=true -Djava.protocol.handler.pkgs=sun.net.www.protocol -Dnifi.properties.file.path=/opt/nifi/nifi-current/./conf/nifi.properties -Dnifi.bootstrap.listen.port=43143 -Dapp=NiFi -Dorg.apache.nifi.bootstrap.config.log.dir=/opt/nifi/nifi-current/logs org.apache.nifi.NiFi 
2024-01-13 12:20:29,123 INFO [main] org.apache.nifi.bootstrap.Command Launched Apache NiFi with Process ID 90
2024-01-13 12:20:29,824 INFO [NiFi Bootstrap Command Listener] org.apache.nifi.bootstrap.RunNiFi Apache NiFi now running and listening for Bootstrap requests on port 39177
2024-01-13 12:20:51,750 ERROR [NiFi logging handler] org.apache.nifi.StdErr Warning: Nashorn engine is planned to be removed from a future JDK release
2024-01-13 12:20:55,515 ERROR [NiFi logging handler] org.apache.nifi.StdErr Warning: Nashorn engine is planned to be removed from a future JDK release
2024-01-13 12:20:55,564 ERROR [NiFi logging handler] org.apache.nifi.StdErr Warning: Nashorn engine is planned to be removed from a future JDK release
2024-01-13 12:20:55,577 ERROR [NiFi logging handler] org.apache.nifi.StdErr Warning: Nashorn engine is planned to be removed from a future JDK release
2024-01-13 12:20:55,592 ERROR [NiFi logging handler] org.apache.nifi.StdErr Warning: Nashorn engine is planned to be removed from a future JDK release
2024-01-13 12:20:55,638 ERROR [NiFi logging handler] org.apache.nifi.StdErr Warning: Nashorn engine is planned to be removed from a future JDK release
2024-01-13 12:20:55,659 ERROR [NiFi logging handler] org.apache.nifi.StdErr Warning: Nashorn engine is planned to be removed from a future JDK release
2024-01-13 12:20:55,926 ERROR [NiFi logging handler] org.apache.nifi.StdErr Warning: Nashorn engine is planned to be removed from a future JDK release
2024-01-13 12:20:56,633 ERROR [NiFi logging handler] org.apache.nifi.StdErr Warning: Nashorn engine is planned to be removed from a future JDK release
2024-01-13 12:21:25,883 INFO [main] o.a.n.b.NotificationServiceManager Successfully loaded the following 0 services: []
2024-01-13 12:21:25,895 INFO [main] org.apache.nifi.bootstrap.RunNiFi Registered no Notification Services for Notification Type NIFI_STARTED
2024-01-13 12:21:25,896 INFO [main] org.apache.nifi.bootstrap.RunNiFi Registered no Notification Services for Notification Type NIFI_STOPPED
2024-01-13 12:21:25,897 INFO [main] org.apache.nifi.bootstrap.RunNiFi Registered no Notification Services for Notification Type NIFI_DIED
2024-01-13 12:21:25,971 INFO [main] org.apache.nifi.bootstrap.Command Apache NiFi has accepted the Shutdown Command and is shutting down now
2024-01-13 12:21:26,048 INFO [main] org.apache.nifi.bootstrap.Command NiFi PID [90] shutdown in progress...
2024-01-13 12:21:28,053 INFO [main] org.apache.nifi.bootstrap.Command NiFi PID [90] shutdown in progress...
2024-01-13 12:21:30,058 INFO [main] org.apache.nifi.bootstrap.Command NiFi PID [90] shutdown in progress...
2024-01-13 12:21:32,068 INFO [main] org.apache.nifi.bootstrap.Command NiFi PID [90] shutdown in progress...
2024-01-13 12:22:41,488 INFO [main] o.a.n.b.NotificationServiceManager Successfully loaded the following 0 services: []
2024-01-13 12:22:41,493 INFO [main] org.apache.nifi.bootstrap.RunNiFi Registered no Notification Services for Notification Type NIFI_STARTED
2024-01-13 12:22:41,493 INFO [main] org.apache.nifi.bootstrap.RunNiFi Registered no Notification Services for Notification Type NIFI_STOPPED
2024-01-13 12:22:41,493 INFO [main] org.apache.nifi.bootstrap.RunNiFi Registered no Notification Services for Notification Type NIFI_DIED
2024-01-13 12:22:41,505 INFO [main] org.apache.nifi.bootstrap.RunNiFi Runtime Java version: 11.0.20
2024-01-13 12:22:41,546 INFO [main] org.apache.nifi.bootstrap.Command Starting Apache NiFi...
2024-01-13 12:22:41,548 INFO [main] org.apache.nifi.bootstrap.Command Working Directory: /opt/nifi/nifi-current
2024-01-13 12:22:41,549 INFO [main] org.apache.nifi.bootstrap.Command Command: /opt/java/openjdk/bin/java -classpath /opt/nifi/nifi-current/./conf:/opt/nifi/nifi-current/./lib/nifi-stateless-bootstrap-1.23.2.jar:/opt/nifi/nifi-current/./lib/logback-core-1.3.8.jar:/opt/nifi/nifi-current/./lib/jcl-over-slf4j-2.0.7.jar:/opt/nifi/nifi-current/./lib/slf4j-api-2.0.7.jar:/opt/nifi/nifi-current/./lib/nifi-server-api-1.23.2.jar:/opt/nifi/nifi-current/./lib/nifi-property-utils-1.23.2.jar:/opt/nifi/nifi-current/./lib/nifi-framework-api-1.23.2.jar:/opt/nifi/nifi-current/./lib/log4j-over-slf4j-2.0.7.jar:/opt/nifi/nifi-current/./lib/nifi-stateless-api-1.23.2.jar:/opt/nifi/nifi-current/./lib/nifi-per-process-group-logging-1.23.2.jar:/opt/nifi/nifi-current/./lib/nifi-properties-1.23.2.jar:/opt/nifi/nifi-current/./lib/logback-classic-1.3.8.jar:/opt/nifi/nifi-current/./lib/jetty-schemas-5.2.jar:/opt/nifi/nifi-current/./lib/javax.servlet-api-3.1.0.jar:/opt/nifi/nifi-current/./lib/nifi-api-1.23.2.jar:/opt/nifi/nifi-current/./lib/nifi-nar-utils-1.23.2.jar:/opt/nifi/nifi-current/./lib/jul-to-slf4j-2.0.7.jar:/opt/nifi/nifi-current/./lib/nifi-runtime-1.23.2.jar:/opt/nifi/nifi-current/./lib/java11/jaxb-runtime-2.3.5.jar:/opt/nifi/nifi-current/./lib/java11/javax.annotation-api-1.3.2.jar:/opt/nifi/nifi-current/./lib/java11/jakarta.activation-api-1.2.2.jar:/opt/nifi/nifi-current/./lib/java11/jakarta.activation-1.2.2.jar:/opt/nifi/nifi-current/./lib/java11/txw2-2.3.5.jar:/opt/nifi/nifi-current/./lib/java11/istack-commons-runtime-3.0.12.jar:/opt/nifi/nifi-current/./lib/java11/jakarta.xml.bind-api-2.3.3.jar -Dorg.apache.jasper.compiler.disablejsr199=true -Xmx512m -Xms512m -Dcurator-log-only-first-connection-issue-as-error-level=true -Djavax.security.auth.useSubjectCredsOnly=true -Djava.security.egd=file:/dev/urandom -Dzookeeper.admin.enableServer=false -Dsun.net.http.allowRestrictedHeaders=true -Djava.net.preferIPv4Stack=true -Djava.awt.headless=true -Djava.protocol.handler.pkgs=sun.net.www.protocol -Dnifi.properties.file.path=/opt/nifi/nifi-current/./conf/nifi.properties -Dnifi.bootstrap.listen.port=37695 -Dapp=NiFi -Dorg.apache.nifi.bootstrap.config.log.dir=/opt/nifi/nifi-current/logs org.apache.nifi.NiFi 
2024-01-13 12:22:41,685 INFO [main] org.apache.nifi.bootstrap.Command Launched Apache NiFi with Process ID 90
2024-01-13 12:22:42,477 INFO [NiFi Bootstrap Command Listener] org.apache.nifi.bootstrap.RunNiFi Apache NiFi now running and listening for Bootstrap requests on port 36133
2024-01-13 12:23:05,301 ERROR [NiFi logging handler] org.apache.nifi.StdErr Warning: Nashorn engine is planned to be removed from a future JDK release
2024-01-13 12:23:10,656 ERROR [NiFi logging handler] org.apache.nifi.StdErr Warning: Nashorn engine is planned to be removed from a future JDK release
2024-01-13 12:23:10,877 ERROR [NiFi logging handler] org.apache.nifi.StdErr Warning: Nashorn engine is planned to be removed from a future JDK release
2024-01-13 12:23:10,928 ERROR [NiFi logging handler] org.apache.nifi.StdErr Warning: Nashorn engine is planned to be removed from a future JDK release
2024-01-13 12:23:10,964 ERROR [NiFi logging handler] org.apache.nifi.StdErr Warning: Nashorn engine is planned to be removed from a future JDK release
2024-01-13 12:23:11,082 ERROR [NiFi logging handler] org.apache.nifi.StdErr Warning: Nashorn engine is planned to be removed from a future JDK release
2024-01-13 12:23:11,135 ERROR [NiFi logging handler] org.apache.nifi.StdErr Warning: Nashorn engine is planned to be removed from a future JDK release
2024-01-13 12:23:11,681 ERROR [NiFi logging handler] org.apache.nifi.StdErr Warning: Nashorn engine is planned to be removed from a future JDK release
2024-01-13 12:23:13,067 ERROR [NiFi logging handler] org.apache.nifi.StdErr Warning: Nashorn engine is planned to be removed from a future JDK release
2024-01-13 12:52:46,158 INFO [main] o.a.n.b.NotificationServiceManager Successfully loaded the following 0 services: []
2024-01-13 12:52:46,161 INFO [main] org.apache.nifi.bootstrap.RunNiFi Registered no Notification Services for Notification Type NIFI_STARTED
2024-01-13 12:52:46,162 INFO [main] org.apache.nifi.bootstrap.RunNiFi Registered no Notification Services for Notification Type NIFI_STOPPED
2024-01-13 12:52:46,162 INFO [main] org.apache.nifi.bootstrap.RunNiFi Registered no Notification Services for Notification Type NIFI_DIED
2024-01-13 12:52:46,184 INFO [main] org.apache.nifi.bootstrap.Command Apache NiFi has accepted the Shutdown Command and is shutting down now
2024-01-13 12:52:46,270 INFO [main] org.apache.nifi.bootstrap.Command NiFi PID [90] shutdown in progress...
2024-01-13 12:52:48,272 INFO [main] org.apache.nifi.bootstrap.Command NiFi PID [90] shutdown in progress...
2024-01-13 12:52:50,276 INFO [main] org.apache.nifi.bootstrap.Command NiFi PID [90] shutdown in progress...
2024-01-13 12:52:52,278 INFO [main] org.apache.nifi.bootstrap.Command NiFi PID [90] shutdown in progress...
2024-01-13 12:52:54,282 INFO [main] org.apache.nifi.bootstrap.Command NiFi PID [90] shutdown in progress...
2024-01-13 12:54:06,183 INFO [main] o.a.n.b.NotificationServiceManager Successfully loaded the following 0 services: []
2024-01-13 12:54:06,186 INFO [main] org.apache.nifi.bootstrap.RunNiFi Registered no Notification Services for Notification Type NIFI_STARTED
2024-01-13 12:54:06,187 INFO [main] org.apache.nifi.bootstrap.RunNiFi Registered no Notification Services for Notification Type NIFI_STOPPED
2024-01-13 12:54:06,187 INFO [main] org.apache.nifi.bootstrap.RunNiFi Registered no Notification Services for Notification Type NIFI_DIED
2024-01-13 12:54:06,197 INFO [main] org.apache.nifi.bootstrap.RunNiFi Runtime Java version: 11.0.20
2024-01-13 12:54:06,226 INFO [main] org.apache.nifi.bootstrap.Command Starting Apache NiFi...
2024-01-13 12:54:06,227 INFO [main] org.apache.nifi.bootstrap.Command Working Directory: /opt/nifi/nifi-current
2024-01-13 12:54:06,228 INFO [main] org.apache.nifi.bootstrap.Command Command: /opt/java/openjdk/bin/java -classpath /opt/nifi/nifi-current/./conf:/opt/nifi/nifi-current/./lib/nifi-stateless-bootstrap-1.23.2.jar:/opt/nifi/nifi-current/./lib/logback-core-1.3.8.jar:/opt/nifi/nifi-current/./lib/jcl-over-slf4j-2.0.7.jar:/opt/nifi/nifi-current/./lib/slf4j-api-2.0.7.jar:/opt/nifi/nifi-current/./lib/nifi-server-api-1.23.2.jar:/opt/nifi/nifi-current/./lib/nifi-property-utils-1.23.2.jar:/opt/nifi/nifi-current/./lib/nifi-framework-api-1.23.2.jar:/opt/nifi/nifi-current/./lib/log4j-over-slf4j-2.0.7.jar:/opt/nifi/nifi-current/./lib/nifi-stateless-api-1.23.2.jar:/opt/nifi/nifi-current/./lib/nifi-per-process-group-logging-1.23.2.jar:/opt/nifi/nifi-current/./lib/nifi-properties-1.23.2.jar:/opt/nifi/nifi-current/./lib/logback-classic-1.3.8.jar:/opt/nifi/nifi-current/./lib/jetty-schemas-5.2.jar:/opt/nifi/nifi-current/./lib/javax.servlet-api-3.1.0.jar:/opt/nifi/nifi-current/./lib/nifi-api-1.23.2.jar:/opt/nifi/nifi-current/./lib/nifi-nar-utils-1.23.2.jar:/opt/nifi/nifi-current/./lib/jul-to-slf4j-2.0.7.jar:/opt/nifi/nifi-current/./lib/nifi-runtime-1.23.2.jar:/opt/nifi/nifi-current/./lib/java11/jaxb-runtime-2.3.5.jar:/opt/nifi/nifi-current/./lib/java11/javax.annotation-api-1.3.2.jar:/opt/nifi/nifi-current/./lib/java11/jakarta.activation-api-1.2.2.jar:/opt/nifi/nifi-current/./lib/java11/jakarta.activation-1.2.2.jar:/opt/nifi/nifi-current/./lib/java11/txw2-2.3.5.jar:/opt/nifi/nifi-current/./lib/java11/istack-commons-runtime-3.0.12.jar:/opt/nifi/nifi-current/./lib/java11/jakarta.xml.bind-api-2.3.3.jar -Dorg.apache.jasper.compiler.disablejsr199=true -Xmx512m -Xms512m -Dcurator-log-only-first-connection-issue-as-error-level=true -Djavax.security.auth.useSubjectCredsOnly=true -Djava.security.egd=file:/dev/urandom -Dzookeeper.admin.enableServer=false -Dsun.net.http.allowRestrictedHeaders=true -Djava.net.preferIPv4Stack=true -Djava.awt.headless=true -Djava.protocol.handler.pkgs=sun.net.www.protocol -Dnifi.properties.file.path=/opt/nifi/nifi-current/./conf/nifi.properties -Dnifi.bootstrap.listen.port=39593 -Dapp=NiFi -Dorg.apache.nifi.bootstrap.config.log.dir=/opt/nifi/nifi-current/logs org.apache.nifi.NiFi 
2024-01-13 12:54:06,323 INFO [main] org.apache.nifi.bootstrap.Command Launched Apache NiFi with Process ID 90
2024-01-13 12:54:07,089 INFO [NiFi Bootstrap Command Listener] org.apache.nifi.bootstrap.RunNiFi Apache NiFi now running and listening for Bootstrap requests on port 35379
2024-01-13 12:54:31,865 ERROR [NiFi logging handler] org.apache.nifi.StdErr Warning: Nashorn engine is planned to be removed from a future JDK release
2024-01-13 12:54:36,667 ERROR [NiFi logging handler] org.apache.nifi.StdErr Warning: Nashorn engine is planned to be removed from a future JDK release
2024-01-13 12:54:36,729 ERROR [NiFi logging handler] org.apache.nifi.StdErr Warning: Nashorn engine is planned to be removed from a future JDK release
2024-01-13 12:54:36,744 ERROR [NiFi logging handler] org.apache.nifi.StdErr Warning: Nashorn engine is planned to be removed from a future JDK release
2024-01-13 12:54:36,759 ERROR [NiFi logging handler] org.apache.nifi.StdErr Warning: Nashorn engine is planned to be removed from a future JDK release
2024-01-13 12:54:36,802 ERROR [NiFi logging handler] org.apache.nifi.StdErr Warning: Nashorn engine is planned to be removed from a future JDK release
2024-01-13 12:54:36,825 ERROR [NiFi logging handler] org.apache.nifi.StdErr Warning: Nashorn engine is planned to be removed from a future JDK release
2024-01-13 12:54:37,159 ERROR [NiFi logging handler] org.apache.nifi.StdErr Warning: Nashorn engine is planned to be removed from a future JDK release
2024-01-13 12:54:38,000 ERROR [NiFi logging handler] org.apache.nifi.StdErr Warning: Nashorn engine is planned to be removed from a future JDK release
2024-01-13 13:44:00,093 INFO [main] o.a.n.b.NotificationServiceManager Successfully loaded the following 0 services: []
2024-01-13 13:44:00,096 INFO [main] org.apache.nifi.bootstrap.RunNiFi Registered no Notification Services for Notification Type NIFI_STARTED
2024-01-13 13:44:00,096 INFO [main] org.apache.nifi.bootstrap.RunNiFi Registered no Notification Services for Notification Type NIFI_STOPPED
2024-01-13 13:44:00,097 INFO [main] org.apache.nifi.bootstrap.RunNiFi Registered no Notification Services for Notification Type NIFI_DIED
2024-01-13 13:44:00,121 INFO [main] org.apache.nifi.bootstrap.Command Apache NiFi has accepted the Shutdown Command and is shutting down now
2024-01-13 13:44:00,227 INFO [main] org.apache.nifi.bootstrap.Command NiFi PID [90] shutdown in progress...
2024-01-13 13:44:02,229 INFO [main] org.apache.nifi.bootstrap.Command NiFi PID [90] shutdown in progress...
2024-01-13 13:44:04,233 INFO [main] org.apache.nifi.bootstrap.Command NiFi PID [90] shutdown in progress...
2024-01-13 13:44:06,236 INFO [main] org.apache.nifi.bootstrap.Command NiFi PID [90] shutdown in progress...
2024-01-13 13:44:08,240 INFO [main] org.apache.nifi.bootstrap.Command NiFi PID [90] shutdown in progress...
2024-01-13 13:46:47,029 INFO [main] o.a.n.b.NotificationServiceManager Successfully loaded the following 0 services: []
2024-01-13 13:46:47,036 INFO [main] org.apache.nifi.bootstrap.RunNiFi Registered no Notification Services for Notification Type NIFI_STARTED
2024-01-13 13:46:47,037 INFO [main] org.apache.nifi.bootstrap.RunNiFi Registered no Notification Services for Notification Type NIFI_STOPPED
2024-01-13 13:46:47,038 INFO [main] org.apache.nifi.bootstrap.RunNiFi Registered no Notification Services for Notification Type NIFI_DIED
2024-01-13 13:46:47,051 INFO [main] org.apache.nifi.bootstrap.RunNiFi Runtime Java version: 11.0.20
2024-01-13 13:46:47,075 INFO [main] org.apache.nifi.bootstrap.Command Starting Apache NiFi...
2024-01-13 13:46:47,076 INFO [main] org.apache.nifi.bootstrap.Command Working Directory: /opt/nifi/nifi-current
2024-01-13 13:46:47,077 INFO [main] org.apache.nifi.bootstrap.Command Command: /opt/java/openjdk/bin/java -classpath /opt/nifi/nifi-current/./conf:/opt/nifi/nifi-current/./lib/nifi-stateless-bootstrap-1.23.2.jar:/opt/nifi/nifi-current/./lib/logback-core-1.3.8.jar:/opt/nifi/nifi-current/./lib/jcl-over-slf4j-2.0.7.jar:/opt/nifi/nifi-current/./lib/slf4j-api-2.0.7.jar:/opt/nifi/nifi-current/./lib/nifi-server-api-1.23.2.jar:/opt/nifi/nifi-current/./lib/nifi-property-utils-1.23.2.jar:/opt/nifi/nifi-current/./lib/nifi-framework-api-1.23.2.jar:/opt/nifi/nifi-current/./lib/log4j-over-slf4j-2.0.7.jar:/opt/nifi/nifi-current/./lib/nifi-stateless-api-1.23.2.jar:/opt/nifi/nifi-current/./lib/nifi-per-process-group-logging-1.23.2.jar:/opt/nifi/nifi-current/./lib/nifi-properties-1.23.2.jar:/opt/nifi/nifi-current/./lib/logback-classic-1.3.8.jar:/opt/nifi/nifi-current/./lib/jetty-schemas-5.2.jar:/opt/nifi/nifi-current/./lib/javax.servlet-api-3.1.0.jar:/opt/nifi/nifi-current/./lib/nifi-api-1.23.2.jar:/opt/nifi/nifi-current/./lib/nifi-nar-utils-1.23.2.jar:/opt/nifi/nifi-current/./lib/jul-to-slf4j-2.0.7.jar:/opt/nifi/nifi-current/./lib/nifi-runtime-1.23.2.jar:/opt/nifi/nifi-current/./lib/java11/jaxb-runtime-2.3.5.jar:/opt/nifi/nifi-current/./lib/java11/javax.annotation-api-1.3.2.jar:/opt/nifi/nifi-current/./lib/java11/jakarta.activation-api-1.2.2.jar:/opt/nifi/nifi-current/./lib/java11/jakarta.activation-1.2.2.jar:/opt/nifi/nifi-current/./lib/java11/txw2-2.3.5.jar:/opt/nifi/nifi-current/./lib/java11/istack-commons-runtime-3.0.12.jar:/opt/nifi/nifi-current/./lib/java11/jakarta.xml.bind-api-2.3.3.jar -Dorg.apache.jasper.compiler.disablejsr199=true -Xmx512m -Xms512m -Dcurator-log-only-first-connection-issue-as-error-level=true -Djavax.security.auth.useSubjectCredsOnly=true -Djava.security.egd=file:/dev/urandom -Dzookeeper.admin.enableServer=false -Dsun.net.http.allowRestrictedHeaders=true -Djava.net.preferIPv4Stack=true -Djava.awt.headless=true -Djava.protocol.handler.pkgs=sun.net.www.protocol -Dnifi.properties.file.path=/opt/nifi/nifi-current/./conf/nifi.properties -Dnifi.bootstrap.listen.port=37585 -Dapp=NiFi -Dorg.apache.nifi.bootstrap.config.log.dir=/opt/nifi/nifi-current/logs org.apache.nifi.NiFi 
2024-01-13 13:46:47,191 INFO [main] org.apache.nifi.bootstrap.Command Launched Apache NiFi with Process ID 90
2024-01-13 13:46:48,090 INFO [NiFi Bootstrap Command Listener] org.apache.nifi.bootstrap.RunNiFi Apache NiFi now running and listening for Bootstrap requests on port 41953
2024-01-13 13:47:21,490 ERROR [NiFi logging handler] org.apache.nifi.StdErr Warning: Nashorn engine is planned to be removed from a future JDK release
2024-01-13 13:47:29,849 ERROR [NiFi logging handler] org.apache.nifi.StdErr Warning: Nashorn engine is planned to be removed from a future JDK release
2024-01-13 13:47:30,116 ERROR [NiFi logging handler] org.apache.nifi.StdErr Warning: Nashorn engine is planned to be removed from a future JDK release
2024-01-13 13:47:30,614 ERROR [NiFi logging handler] org.apache.nifi.StdErr Warning: Nashorn engine is planned to be removed from a future JDK release
2024-01-13 13:47:30,740 ERROR [NiFi logging handler] org.apache.nifi.StdErr Warning: Nashorn engine is planned to be removed from a future JDK release
2024-01-13 13:47:30,836 ERROR [NiFi logging handler] org.apache.nifi.StdErr Warning: Nashorn engine is planned to be removed from a future JDK release
2024-01-13 13:47:30,854 ERROR [NiFi logging handler] org.apache.nifi.StdErr Warning: Nashorn engine is planned to be removed from a future JDK release
2024-01-13 13:47:30,890 ERROR [NiFi logging handler] org.apache.nifi.StdErr Warning: Nashorn engine is planned to be removed from a future JDK release
2024-01-13 13:47:31,908 ERROR [NiFi logging handler] org.apache.nifi.StdErr Warning: Nashorn engine is planned to be removed from a future JDK release
2024-01-13 17:18:51,492 INFO [main] o.a.n.b.NotificationServiceManager Successfully loaded the following 0 services: []
2024-01-13 17:18:51,496 INFO [main] org.apache.nifi.bootstrap.RunNiFi Registered no Notification Services for Notification Type NIFI_STARTED
2024-01-13 17:18:51,496 INFO [main] org.apache.nifi.bootstrap.RunNiFi Registered no Notification Services for Notification Type NIFI_STOPPED
2024-01-13 17:18:51,496 INFO [main] org.apache.nifi.bootstrap.RunNiFi Registered no Notification Services for Notification Type NIFI_DIED
2024-01-13 17:18:51,641 INFO [main] org.apache.nifi.bootstrap.RunNiFi Runtime Java version: 11.0.20
2024-01-13 17:18:51,662 INFO [main] org.apache.nifi.bootstrap.Command Starting Apache NiFi...
2024-01-13 17:18:51,662 INFO [main] org.apache.nifi.bootstrap.Command Working Directory: /opt/nifi/nifi-current
2024-01-13 17:18:51,663 INFO [main] org.apache.nifi.bootstrap.Command Command: /opt/java/openjdk/bin/java -classpath /opt/nifi/nifi-current/./conf:/opt/nifi/nifi-current/./lib/nifi-stateless-bootstrap-1.23.2.jar:/opt/nifi/nifi-current/./lib/logback-core-1.3.8.jar:/opt/nifi/nifi-current/./lib/jcl-over-slf4j-2.0.7.jar:/opt/nifi/nifi-current/./lib/slf4j-api-2.0.7.jar:/opt/nifi/nifi-current/./lib/nifi-server-api-1.23.2.jar:/opt/nifi/nifi-current/./lib/nifi-property-utils-1.23.2.jar:/opt/nifi/nifi-current/./lib/nifi-framework-api-1.23.2.jar:/opt/nifi/nifi-current/./lib/log4j-over-slf4j-2.0.7.jar:/opt/nifi/nifi-current/./lib/nifi-stateless-api-1.23.2.jar:/opt/nifi/nifi-current/./lib/nifi-per-process-group-logging-1.23.2.jar:/opt/nifi/nifi-current/./lib/nifi-properties-1.23.2.jar:/opt/nifi/nifi-current/./lib/logback-classic-1.3.8.jar:/opt/nifi/nifi-current/./lib/jetty-schemas-5.2.jar:/opt/nifi/nifi-current/./lib/javax.servlet-api-3.1.0.jar:/opt/nifi/nifi-current/./lib/nifi-api-1.23.2.jar:/opt/nifi/nifi-current/./lib/nifi-nar-utils-1.23.2.jar:/opt/nifi/nifi-current/./lib/jul-to-slf4j-2.0.7.jar:/opt/nifi/nifi-current/./lib/nifi-runtime-1.23.2.jar:/opt/nifi/nifi-current/./lib/java11/jaxb-runtime-2.3.5.jar:/opt/nifi/nifi-current/./lib/java11/javax.annotation-api-1.3.2.jar:/opt/nifi/nifi-current/./lib/java11/jakarta.activation-api-1.2.2.jar:/opt/nifi/nifi-current/./lib/java11/jakarta.activation-1.2.2.jar:/opt/nifi/nifi-current/./lib/java11/txw2-2.3.5.jar:/opt/nifi/nifi-current/./lib/java11/istack-commons-runtime-3.0.12.jar:/opt/nifi/nifi-current/./lib/java11/jakarta.xml.bind-api-2.3.3.jar -Dorg.apache.jasper.compiler.disablejsr199=true -Xmx512m -Xms512m -Dcurator-log-only-first-connection-issue-as-error-level=true -Djavax.security.auth.useSubjectCredsOnly=true -Djava.security.egd=file:/dev/urandom -Dzookeeper.admin.enableServer=false -Dsun.net.http.allowRestrictedHeaders=true -Djava.net.preferIPv4Stack=true -Djava.awt.headless=true -Djava.protocol.handler.pkgs=sun.net.www.protocol -Dnifi.properties.file.path=/opt/nifi/nifi-current/./conf/nifi.properties -Dnifi.bootstrap.listen.port=41467 -Dapp=NiFi -Dorg.apache.nifi.bootstrap.config.log.dir=/opt/nifi/nifi-current/logs org.apache.nifi.NiFi 
2024-01-13 17:18:51,680 INFO [main] org.apache.nifi.bootstrap.Command Launched Apache NiFi with Process ID 92
2024-01-13 17:18:52,698 INFO [NiFi Bootstrap Command Listener] org.apache.nifi.bootstrap.RunNiFi Apache NiFi now running and listening for Bootstrap requests on port 43073
2024-01-13 18:58:52,656 INFO [main] o.a.n.b.NotificationServiceManager Successfully loaded the following 0 services: []
2024-01-13 18:58:52,668 INFO [main] org.apache.nifi.bootstrap.RunNiFi Registered no Notification Services for Notification Type NIFI_STARTED
2024-01-13 18:58:52,668 INFO [main] org.apache.nifi.bootstrap.RunNiFi Registered no Notification Services for Notification Type NIFI_STOPPED
2024-01-13 18:58:52,669 INFO [main] org.apache.nifi.bootstrap.RunNiFi Registered no Notification Services for Notification Type NIFI_DIED
2024-01-13 18:58:52,829 INFO [main] org.apache.nifi.bootstrap.RunNiFi Runtime Java version: 11.0.20
2024-01-13 18:58:52,855 INFO [main] org.apache.nifi.bootstrap.Command Starting Apache NiFi...
2024-01-13 18:58:52,856 INFO [main] org.apache.nifi.bootstrap.Command Working Directory: /opt/nifi/nifi-current
2024-01-13 18:58:52,857 INFO [main] org.apache.nifi.bootstrap.Command Command: /opt/java/openjdk/bin/java -classpath /opt/nifi/nifi-current/./conf:/opt/nifi/nifi-current/./lib/nifi-stateless-bootstrap-1.23.2.jar:/opt/nifi/nifi-current/./lib/logback-core-1.3.8.jar:/opt/nifi/nifi-current/./lib/jcl-over-slf4j-2.0.7.jar:/opt/nifi/nifi-current/./lib/slf4j-api-2.0.7.jar:/opt/nifi/nifi-current/./lib/nifi-server-api-1.23.2.jar:/opt/nifi/nifi-current/./lib/nifi-property-utils-1.23.2.jar:/opt/nifi/nifi-current/./lib/nifi-framework-api-1.23.2.jar:/opt/nifi/nifi-current/./lib/log4j-over-slf4j-2.0.7.jar:/opt/nifi/nifi-current/./lib/nifi-stateless-api-1.23.2.jar:/opt/nifi/nifi-current/./lib/nifi-per-process-group-logging-1.23.2.jar:/opt/nifi/nifi-current/./lib/nifi-properties-1.23.2.jar:/opt/nifi/nifi-current/./lib/logback-classic-1.3.8.jar:/opt/nifi/nifi-current/./lib/jetty-schemas-5.2.jar:/opt/nifi/nifi-current/./lib/javax.servlet-api-3.1.0.jar:/opt/nifi/nifi-current/./lib/nifi-api-1.23.2.jar:/opt/nifi/nifi-current/./lib/nifi-nar-utils-1.23.2.jar:/opt/nifi/nifi-current/./lib/jul-to-slf4j-2.0.7.jar:/opt/nifi/nifi-current/./lib/nifi-runtime-1.23.2.jar:/opt/nifi/nifi-current/./lib/java11/jaxb-runtime-2.3.5.jar:/opt/nifi/nifi-current/./lib/java11/javax.annotation-api-1.3.2.jar:/opt/nifi/nifi-current/./lib/java11/jakarta.activation-api-1.2.2.jar:/opt/nifi/nifi-current/./lib/java11/jakarta.activation-1.2.2.jar:/opt/nifi/nifi-current/./lib/java11/txw2-2.3.5.jar:/opt/nifi/nifi-current/./lib/java11/istack-commons-runtime-3.0.12.jar:/opt/nifi/nifi-current/./lib/java11/jakarta.xml.bind-api-2.3.3.jar -Dorg.apache.jasper.compiler.disablejsr199=true -Xmx512m -Xms512m -Dcurator-log-only-first-connection-issue-as-error-level=true -Djavax.security.auth.useSubjectCredsOnly=true -Djava.security.egd=file:/dev/urandom -Dzookeeper.admin.enableServer=false -Dsun.net.http.allowRestrictedHeaders=true -Djava.net.preferIPv4Stack=true -Djava.awt.headless=true -Djava.protocol.handler.pkgs=sun.net.www.protocol -Dnifi.properties.file.path=/opt/nifi/nifi-current/./conf/nifi.properties -Dnifi.bootstrap.listen.port=34425 -Dapp=NiFi -Dorg.apache.nifi.bootstrap.config.log.dir=/opt/nifi/nifi-current/logs org.apache.nifi.NiFi 
2024-01-13 18:58:52,887 INFO [main] org.apache.nifi.bootstrap.Command Launched Apache NiFi with Process ID 92
2024-01-13 18:58:53,959 INFO [NiFi Bootstrap Command Listener] org.apache.nifi.bootstrap.RunNiFi Apache NiFi now running and listening for Bootstrap requests on port 41165
2024-01-13 19:03:31,730 INFO [main] o.a.n.b.NotificationServiceManager Successfully loaded the following 0 services: []
2024-01-13 19:03:31,733 INFO [main] org.apache.nifi.bootstrap.RunNiFi Registered no Notification Services for Notification Type NIFI_STARTED
2024-01-13 19:03:31,733 INFO [main] org.apache.nifi.bootstrap.RunNiFi Registered no Notification Services for Notification Type NIFI_STOPPED
2024-01-13 19:03:31,733 INFO [main] org.apache.nifi.bootstrap.RunNiFi Registered no Notification Services for Notification Type NIFI_DIED
2024-01-13 19:03:31,807 INFO [main] org.apache.nifi.bootstrap.Command Apache NiFi has accepted the Shutdown Command and is shutting down now
2024-01-13 19:03:31,892 INFO [main] org.apache.nifi.bootstrap.Command NiFi PID [92] shutdown in progress...
2024-01-13 19:03:33,894 INFO [main] org.apache.nifi.bootstrap.Command NiFi PID [92] shutdown completed
2024-01-13 19:03:33,948 INFO [main] org.apache.nifi.bootstrap.RunNiFi Status File no longer exists. Will not restart NiFi
2024-01-13 19:04:33,747 INFO [main] o.a.n.b.NotificationServiceManager Successfully loaded the following 0 services: []
2024-01-13 19:04:33,751 INFO [main] org.apache.nifi.bootstrap.RunNiFi Registered no Notification Services for Notification Type NIFI_STARTED
2024-01-13 19:04:33,751 INFO [main] org.apache.nifi.bootstrap.RunNiFi Registered no Notification Services for Notification Type NIFI_STOPPED
2024-01-13 19:04:33,752 INFO [main] org.apache.nifi.bootstrap.RunNiFi Registered no Notification Services for Notification Type NIFI_DIED
2024-01-13 19:04:33,761 INFO [main] org.apache.nifi.bootstrap.RunNiFi Runtime Java version: 11.0.20
2024-01-13 19:04:33,814 INFO [main] org.apache.nifi.bootstrap.Command Starting Apache NiFi...
2024-01-13 19:04:33,815 INFO [main] org.apache.nifi.bootstrap.Command Working Directory: /opt/nifi/nifi-current
2024-01-13 19:04:33,816 INFO [main] org.apache.nifi.bootstrap.Command Command: /opt/java/openjdk/bin/java -classpath /opt/nifi/nifi-current/./conf:/opt/nifi/nifi-current/./lib/nifi-stateless-bootstrap-1.23.2.jar:/opt/nifi/nifi-current/./lib/logback-core-1.3.8.jar:/opt/nifi/nifi-current/./lib/jcl-over-slf4j-2.0.7.jar:/opt/nifi/nifi-current/./lib/slf4j-api-2.0.7.jar:/opt/nifi/nifi-current/./lib/nifi-server-api-1.23.2.jar:/opt/nifi/nifi-current/./lib/nifi-property-utils-1.23.2.jar:/opt/nifi/nifi-current/./lib/nifi-framework-api-1.23.2.jar:/opt/nifi/nifi-current/./lib/log4j-over-slf4j-2.0.7.jar:/opt/nifi/nifi-current/./lib/nifi-stateless-api-1.23.2.jar:/opt/nifi/nifi-current/./lib/nifi-per-process-group-logging-1.23.2.jar:/opt/nifi/nifi-current/./lib/nifi-properties-1.23.2.jar:/opt/nifi/nifi-current/./lib/logback-classic-1.3.8.jar:/opt/nifi/nifi-current/./lib/jetty-schemas-5.2.jar:/opt/nifi/nifi-current/./lib/javax.servlet-api-3.1.0.jar:/opt/nifi/nifi-current/./lib/nifi-api-1.23.2.jar:/opt/nifi/nifi-current/./lib/nifi-nar-utils-1.23.2.jar:/opt/nifi/nifi-current/./lib/jul-to-slf4j-2.0.7.jar:/opt/nifi/nifi-current/./lib/nifi-runtime-1.23.2.jar:/opt/nifi/nifi-current/./lib/java11/jaxb-runtime-2.3.5.jar:/opt/nifi/nifi-current/./lib/java11/javax.annotation-api-1.3.2.jar:/opt/nifi/nifi-current/./lib/java11/jakarta.activation-api-1.2.2.jar:/opt/nifi/nifi-current/./lib/java11/jakarta.activation-1.2.2.jar:/opt/nifi/nifi-current/./lib/java11/txw2-2.3.5.jar:/opt/nifi/nifi-current/./lib/java11/istack-commons-runtime-3.0.12.jar:/opt/nifi/nifi-current/./lib/java11/jakarta.xml.bind-api-2.3.3.jar -Dorg.apache.jasper.compiler.disablejsr199=true -Xmx512m -Xms512m -Dcurator-log-only-first-connection-issue-as-error-level=true -Djavax.security.auth.useSubjectCredsOnly=true -Djava.security.egd=file:/dev/urandom -Dzookeeper.admin.enableServer=false -Dsun.net.http.allowRestrictedHeaders=true -Djava.net.preferIPv4Stack=true -Djava.awt.headless=true -Djava.protocol.handler.pkgs=sun.net.www.protocol -Dnifi.properties.file.path=/opt/nifi/nifi-current/./conf/nifi.properties -Dnifi.bootstrap.listen.port=37817 -Dapp=NiFi -Dorg.apache.nifi.bootstrap.config.log.dir=/opt/nifi/nifi-current/logs org.apache.nifi.NiFi 
2024-01-13 19:04:33,889 INFO [main] org.apache.nifi.bootstrap.Command Launched Apache NiFi with Process ID 90
2024-01-13 19:04:34,577 INFO [NiFi Bootstrap Command Listener] org.apache.nifi.bootstrap.RunNiFi Apache NiFi now running and listening for Bootstrap requests on port 34785
2024-01-13 19:04:58,444 ERROR [NiFi logging handler] org.apache.nifi.StdErr Warning: Nashorn engine is planned to be removed from a future JDK release
2024-01-13 19:05:04,074 ERROR [NiFi logging handler] org.apache.nifi.StdErr Warning: Nashorn engine is planned to be removed from a future JDK release
2024-01-13 19:05:04,113 ERROR [NiFi logging handler] org.apache.nifi.StdErr Warning: Nashorn engine is planned to be removed from a future JDK release
2024-01-13 19:05:04,125 ERROR [NiFi logging handler] org.apache.nifi.StdErr Warning: Nashorn engine is planned to be removed from a future JDK release
2024-01-13 19:05:04,135 ERROR [NiFi logging handler] org.apache.nifi.StdErr Warning: Nashorn engine is planned to be removed from a future JDK release
2024-01-13 19:05:04,209 ERROR [NiFi logging handler] org.apache.nifi.StdErr Warning: Nashorn engine is planned to be removed from a future JDK release
2024-01-13 19:05:04,229 ERROR [NiFi logging handler] org.apache.nifi.StdErr Warning: Nashorn engine is planned to be removed from a future JDK release
2024-01-13 19:05:04,493 ERROR [NiFi logging handler] org.apache.nifi.StdErr Warning: Nashorn engine is planned to be removed from a future JDK release
2024-01-13 19:05:05,362 ERROR [NiFi logging handler] org.apache.nifi.StdErr Warning: Nashorn engine is planned to be removed from a future JDK release
2024-01-13 19:29:47,180 INFO [main] o.a.n.b.NotificationServiceManager Successfully loaded the following 0 services: []
2024-01-13 19:29:47,184 INFO [main] org.apache.nifi.bootstrap.RunNiFi Registered no Notification Services for Notification Type NIFI_STARTED
2024-01-13 19:29:47,184 INFO [main] org.apache.nifi.bootstrap.RunNiFi Registered no Notification Services for Notification Type NIFI_STOPPED
2024-01-13 19:29:47,184 INFO [main] org.apache.nifi.bootstrap.RunNiFi Registered no Notification Services for Notification Type NIFI_DIED
2024-01-13 19:29:47,236 INFO [main] org.apache.nifi.bootstrap.Command Apache NiFi has accepted the Shutdown Command and is shutting down now
2024-01-13 19:29:47,307 INFO [main] org.apache.nifi.bootstrap.Command NiFi PID [90] shutdown in progress...
2024-01-13 19:29:49,309 INFO [main] org.apache.nifi.bootstrap.Command NiFi PID [90] shutdown in progress...
2024-01-13 19:29:51,311 INFO [main] org.apache.nifi.bootstrap.Command NiFi PID [90] shutdown in progress...
2024-01-13 19:29:53,313 INFO [main] org.apache.nifi.bootstrap.Command NiFi PID [90] shutdown in progress...
2024-01-13 19:29:55,317 INFO [main] org.apache.nifi.bootstrap.Command NiFi PID [90] shutdown in progress...
2024-01-13 19:30:43,981 INFO [main] o.a.n.b.NotificationServiceManager Successfully loaded the following 0 services: []
2024-01-13 19:30:43,987 INFO [main] org.apache.nifi.bootstrap.RunNiFi Registered no Notification Services for Notification Type NIFI_STARTED
2024-01-13 19:30:43,987 INFO [main] org.apache.nifi.bootstrap.RunNiFi Registered no Notification Services for Notification Type NIFI_STOPPED
2024-01-13 19:30:43,988 INFO [main] org.apache.nifi.bootstrap.RunNiFi Registered no Notification Services for Notification Type NIFI_DIED
2024-01-13 19:30:44,000 INFO [main] org.apache.nifi.bootstrap.RunNiFi Runtime Java version: 11.0.20
2024-01-13 19:30:44,034 INFO [main] org.apache.nifi.bootstrap.Command Starting Apache NiFi...
2024-01-13 19:30:44,035 INFO [main] org.apache.nifi.bootstrap.Command Working Directory: /opt/nifi/nifi-current
2024-01-13 19:30:44,037 INFO [main] org.apache.nifi.bootstrap.Command Command: /opt/java/openjdk/bin/java -classpath /opt/nifi/nifi-current/./conf:/opt/nifi/nifi-current/./lib/nifi-stateless-bootstrap-1.23.2.jar:/opt/nifi/nifi-current/./lib/logback-core-1.3.8.jar:/opt/nifi/nifi-current/./lib/jcl-over-slf4j-2.0.7.jar:/opt/nifi/nifi-current/./lib/slf4j-api-2.0.7.jar:/opt/nifi/nifi-current/./lib/nifi-server-api-1.23.2.jar:/opt/nifi/nifi-current/./lib/nifi-property-utils-1.23.2.jar:/opt/nifi/nifi-current/./lib/nifi-framework-api-1.23.2.jar:/opt/nifi/nifi-current/./lib/log4j-over-slf4j-2.0.7.jar:/opt/nifi/nifi-current/./lib/nifi-stateless-api-1.23.2.jar:/opt/nifi/nifi-current/./lib/nifi-per-process-group-logging-1.23.2.jar:/opt/nifi/nifi-current/./lib/nifi-properties-1.23.2.jar:/opt/nifi/nifi-current/./lib/logback-classic-1.3.8.jar:/opt/nifi/nifi-current/./lib/jetty-schemas-5.2.jar:/opt/nifi/nifi-current/./lib/javax.servlet-api-3.1.0.jar:/opt/nifi/nifi-current/./lib/nifi-api-1.23.2.jar:/opt/nifi/nifi-current/./lib/nifi-nar-utils-1.23.2.jar:/opt/nifi/nifi-current/./lib/jul-to-slf4j-2.0.7.jar:/opt/nifi/nifi-current/./lib/nifi-runtime-1.23.2.jar:/opt/nifi/nifi-current/./lib/java11/jaxb-runtime-2.3.5.jar:/opt/nifi/nifi-current/./lib/java11/javax.annotation-api-1.3.2.jar:/opt/nifi/nifi-current/./lib/java11/jakarta.activation-api-1.2.2.jar:/opt/nifi/nifi-current/./lib/java11/jakarta.activation-1.2.2.jar:/opt/nifi/nifi-current/./lib/java11/txw2-2.3.5.jar:/opt/nifi/nifi-current/./lib/java11/istack-commons-runtime-3.0.12.jar:/opt/nifi/nifi-current/./lib/java11/jakarta.xml.bind-api-2.3.3.jar -Dorg.apache.jasper.compiler.disablejsr199=true -Xmx512m -Xms512m -Dcurator-log-only-first-connection-issue-as-error-level=true -Djavax.security.auth.useSubjectCredsOnly=true -Djava.security.egd=file:/dev/urandom -Dzookeeper.admin.enableServer=false -Dsun.net.http.allowRestrictedHeaders=true -Djava.net.preferIPv4Stack=true -Djava.awt.headless=true -Djava.protocol.handler.pkgs=sun.net.www.protocol -Dnifi.properties.file.path=/opt/nifi/nifi-current/./conf/nifi.properties -Dnifi.bootstrap.listen.port=42699 -Dapp=NiFi -Dorg.apache.nifi.bootstrap.config.log.dir=/opt/nifi/nifi-current/logs org.apache.nifi.NiFi 
2024-01-13 19:30:44,133 INFO [main] org.apache.nifi.bootstrap.Command Launched Apache NiFi with Process ID 90
2024-01-13 19:30:44,904 INFO [NiFi Bootstrap Command Listener] org.apache.nifi.bootstrap.RunNiFi Apache NiFi now running and listening for Bootstrap requests on port 33025
2024-01-13 19:31:08,140 ERROR [NiFi logging handler] org.apache.nifi.StdErr Warning: Nashorn engine is planned to be removed from a future JDK release
2024-01-13 19:31:13,978 ERROR [NiFi logging handler] org.apache.nifi.StdErr Warning: Nashorn engine is planned to be removed from a future JDK release
2024-01-13 19:31:14,076 ERROR [NiFi logging handler] org.apache.nifi.StdErr Warning: Nashorn engine is planned to be removed from a future JDK release
2024-01-13 19:31:14,096 ERROR [NiFi logging handler] org.apache.nifi.StdErr Warning: Nashorn engine is planned to be removed from a future JDK release
2024-01-13 19:31:14,116 ERROR [NiFi logging handler] org.apache.nifi.StdErr Warning: Nashorn engine is planned to be removed from a future JDK release
2024-01-13 19:31:14,174 ERROR [NiFi logging handler] org.apache.nifi.StdErr Warning: Nashorn engine is planned to be removed from a future JDK release
2024-01-13 19:31:14,198 ERROR [NiFi logging handler] org.apache.nifi.StdErr Warning: Nashorn engine is planned to be removed from a future JDK release
2024-01-13 19:31:14,613 ERROR [NiFi logging handler] org.apache.nifi.StdErr Warning: Nashorn engine is planned to be removed from a future JDK release
2024-01-13 19:31:15,551 ERROR [NiFi logging handler] org.apache.nifi.StdErr Warning: Nashorn engine is planned to be removed from a future JDK release
2024-01-13 19:32:34,143 INFO [main] o.a.n.b.NotificationServiceManager Successfully loaded the following 0 services: []
2024-01-13 19:32:34,146 INFO [main] org.apache.nifi.bootstrap.RunNiFi Registered no Notification Services for Notification Type NIFI_STARTED
2024-01-13 19:32:34,147 INFO [main] org.apache.nifi.bootstrap.RunNiFi Registered no Notification Services for Notification Type NIFI_STOPPED
2024-01-13 19:32:34,147 INFO [main] org.apache.nifi.bootstrap.RunNiFi Registered no Notification Services for Notification Type NIFI_DIED
2024-01-13 19:32:34,157 INFO [main] org.apache.nifi.bootstrap.Command Apache NiFi has accepted the Shutdown Command and is shutting down now
2024-01-13 19:32:34,228 INFO [main] org.apache.nifi.bootstrap.Command NiFi PID [90] shutdown in progress...
2024-01-13 19:32:36,233 INFO [main] org.apache.nifi.bootstrap.Command NiFi PID [90] shutdown in progress...
2024-01-13 19:32:38,237 INFO [main] org.apache.nifi.bootstrap.Command NiFi PID [90] shutdown in progress...
2024-01-13 19:32:40,240 INFO [main] org.apache.nifi.bootstrap.Command NiFi PID [90] shutdown in progress...
2024-01-13 19:32:42,243 INFO [main] org.apache.nifi.bootstrap.Command NiFi PID [90] shutdown in progress...
2024-01-13 19:32:43,162 INFO [main] org.apache.nifi.bootstrap.RunNiFi A shutdown was initiated. Will not restart NiFi
2024-01-13 19:33:23,992 INFO [main] o.a.n.b.NotificationServiceManager Successfully loaded the following 0 services: []
2024-01-13 19:33:23,996 INFO [main] org.apache.nifi.bootstrap.RunNiFi Registered no Notification Services for Notification Type NIFI_STARTED
2024-01-13 19:33:23,996 INFO [main] org.apache.nifi.bootstrap.RunNiFi Registered no Notification Services for Notification Type NIFI_STOPPED
2024-01-13 19:33:23,997 INFO [main] org.apache.nifi.bootstrap.RunNiFi Registered no Notification Services for Notification Type NIFI_DIED
2024-01-13 19:33:24,008 INFO [main] org.apache.nifi.bootstrap.RunNiFi Runtime Java version: 11.0.20
2024-01-13 19:33:24,029 INFO [main] org.apache.nifi.bootstrap.Command Starting Apache NiFi...
2024-01-13 19:33:24,030 INFO [main] org.apache.nifi.bootstrap.Command Working Directory: /opt/nifi/nifi-current
2024-01-13 19:33:24,031 INFO [main] org.apache.nifi.bootstrap.Command Command: /opt/java/openjdk/bin/java -classpath /opt/nifi/nifi-current/./conf:/opt/nifi/nifi-current/./lib/nifi-stateless-bootstrap-1.23.2.jar:/opt/nifi/nifi-current/./lib/logback-core-1.3.8.jar:/opt/nifi/nifi-current/./lib/jcl-over-slf4j-2.0.7.jar:/opt/nifi/nifi-current/./lib/slf4j-api-2.0.7.jar:/opt/nifi/nifi-current/./lib/nifi-server-api-1.23.2.jar:/opt/nifi/nifi-current/./lib/nifi-property-utils-1.23.2.jar:/opt/nifi/nifi-current/./lib/nifi-framework-api-1.23.2.jar:/opt/nifi/nifi-current/./lib/log4j-over-slf4j-2.0.7.jar:/opt/nifi/nifi-current/./lib/nifi-stateless-api-1.23.2.jar:/opt/nifi/nifi-current/./lib/nifi-per-process-group-logging-1.23.2.jar:/opt/nifi/nifi-current/./lib/nifi-properties-1.23.2.jar:/opt/nifi/nifi-current/./lib/logback-classic-1.3.8.jar:/opt/nifi/nifi-current/./lib/jetty-schemas-5.2.jar:/opt/nifi/nifi-current/./lib/javax.servlet-api-3.1.0.jar:/opt/nifi/nifi-current/./lib/nifi-api-1.23.2.jar:/opt/nifi/nifi-current/./lib/nifi-nar-utils-1.23.2.jar:/opt/nifi/nifi-current/./lib/jul-to-slf4j-2.0.7.jar:/opt/nifi/nifi-current/./lib/nifi-runtime-1.23.2.jar:/opt/nifi/nifi-current/./lib/java11/jaxb-runtime-2.3.5.jar:/opt/nifi/nifi-current/./lib/java11/javax.annotation-api-1.3.2.jar:/opt/nifi/nifi-current/./lib/java11/jakarta.activation-api-1.2.2.jar:/opt/nifi/nifi-current/./lib/java11/jakarta.activation-1.2.2.jar:/opt/nifi/nifi-current/./lib/java11/txw2-2.3.5.jar:/opt/nifi/nifi-current/./lib/java11/istack-commons-runtime-3.0.12.jar:/opt/nifi/nifi-current/./lib/java11/jakarta.xml.bind-api-2.3.3.jar -Dorg.apache.jasper.compiler.disablejsr199=true -Xmx512m -Xms512m -Dcurator-log-only-first-connection-issue-as-error-level=true -Djavax.security.auth.useSubjectCredsOnly=true -Djava.security.egd=file:/dev/urandom -Dzookeeper.admin.enableServer=false -Dsun.net.http.allowRestrictedHeaders=true -Djava.net.preferIPv4Stack=true -Djava.awt.headless=true -Djava.protocol.handler.pkgs=sun.net.www.protocol -Dnifi.properties.file.path=/opt/nifi/nifi-current/./conf/nifi.properties -Dnifi.bootstrap.listen.port=45323 -Dapp=NiFi -Dorg.apache.nifi.bootstrap.config.log.dir=/opt/nifi/nifi-current/logs org.apache.nifi.NiFi 
2024-01-13 19:33:24,111 INFO [main] org.apache.nifi.bootstrap.Command Launched Apache NiFi with Process ID 90
2024-01-13 19:33:24,709 INFO [NiFi Bootstrap Command Listener] org.apache.nifi.bootstrap.RunNiFi Apache NiFi now running and listening for Bootstrap requests on port 36205
2024-01-13 19:33:49,539 ERROR [NiFi logging handler] org.apache.nifi.StdErr Warning: Nashorn engine is planned to be removed from a future JDK release
2024-01-13 19:33:54,063 ERROR [NiFi logging handler] org.apache.nifi.StdErr Warning: Nashorn engine is planned to be removed from a future JDK release
2024-01-13 19:33:54,147 ERROR [NiFi logging handler] org.apache.nifi.StdErr Warning: Nashorn engine is planned to be removed from a future JDK release
2024-01-13 19:33:54,164 ERROR [NiFi logging handler] org.apache.nifi.StdErr Warning: Nashorn engine is planned to be removed from a future JDK release
2024-01-13 19:33:54,190 ERROR [NiFi logging handler] org.apache.nifi.StdErr Warning: Nashorn engine is planned to be removed from a future JDK release
2024-01-13 19:33:54,254 ERROR [NiFi logging handler] org.apache.nifi.StdErr Warning: Nashorn engine is planned to be removed from a future JDK release
2024-01-13 19:33:54,277 ERROR [NiFi logging handler] org.apache.nifi.StdErr Warning: Nashorn engine is planned to be removed from a future JDK release
2024-01-13 19:33:54,668 ERROR [NiFi logging handler] org.apache.nifi.StdErr Warning: Nashorn engine is planned to be removed from a future JDK release
2024-01-13 19:33:55,643 ERROR [NiFi logging handler] org.apache.nifi.StdErr Warning: Nashorn engine is planned to be removed from a future JDK release
2024-01-13 20:53:53,456 INFO [main] o.a.n.b.NotificationServiceManager Successfully loaded the following 0 services: []
2024-01-13 20:53:53,462 INFO [main] org.apache.nifi.bootstrap.RunNiFi Registered no Notification Services for Notification Type NIFI_STARTED
2024-01-13 20:53:53,463 INFO [main] org.apache.nifi.bootstrap.RunNiFi Registered no Notification Services for Notification Type NIFI_STOPPED
2024-01-13 20:53:53,463 INFO [main] org.apache.nifi.bootstrap.RunNiFi Registered no Notification Services for Notification Type NIFI_DIED
2024-01-13 20:53:53,610 INFO [main] org.apache.nifi.bootstrap.RunNiFi Runtime Java version: 11.0.20
2024-01-13 20:53:53,635 INFO [main] org.apache.nifi.bootstrap.Command Starting Apache NiFi...
2024-01-13 20:53:53,637 INFO [main] org.apache.nifi.bootstrap.Command Working Directory: /opt/nifi/nifi-current
2024-01-13 20:53:53,637 INFO [main] org.apache.nifi.bootstrap.Command Command: /opt/java/openjdk/bin/java -classpath /opt/nifi/nifi-current/./conf:/opt/nifi/nifi-current/./lib/nifi-stateless-bootstrap-1.23.2.jar:/opt/nifi/nifi-current/./lib/logback-core-1.3.8.jar:/opt/nifi/nifi-current/./lib/jcl-over-slf4j-2.0.7.jar:/opt/nifi/nifi-current/./lib/slf4j-api-2.0.7.jar:/opt/nifi/nifi-current/./lib/nifi-server-api-1.23.2.jar:/opt/nifi/nifi-current/./lib/nifi-property-utils-1.23.2.jar:/opt/nifi/nifi-current/./lib/nifi-framework-api-1.23.2.jar:/opt/nifi/nifi-current/./lib/log4j-over-slf4j-2.0.7.jar:/opt/nifi/nifi-current/./lib/nifi-stateless-api-1.23.2.jar:/opt/nifi/nifi-current/./lib/nifi-per-process-group-logging-1.23.2.jar:/opt/nifi/nifi-current/./lib/nifi-properties-1.23.2.jar:/opt/nifi/nifi-current/./lib/logback-classic-1.3.8.jar:/opt/nifi/nifi-current/./lib/jetty-schemas-5.2.jar:/opt/nifi/nifi-current/./lib/javax.servlet-api-3.1.0.jar:/opt/nifi/nifi-current/./lib/nifi-api-1.23.2.jar:/opt/nifi/nifi-current/./lib/nifi-nar-utils-1.23.2.jar:/opt/nifi/nifi-current/./lib/jul-to-slf4j-2.0.7.jar:/opt/nifi/nifi-current/./lib/nifi-runtime-1.23.2.jar:/opt/nifi/nifi-current/./lib/java11/jaxb-runtime-2.3.5.jar:/opt/nifi/nifi-current/./lib/java11/javax.annotation-api-1.3.2.jar:/opt/nifi/nifi-current/./lib/java11/jakarta.activation-api-1.2.2.jar:/opt/nifi/nifi-current/./lib/java11/jakarta.activation-1.2.2.jar:/opt/nifi/nifi-current/./lib/java11/txw2-2.3.5.jar:/opt/nifi/nifi-current/./lib/java11/istack-commons-runtime-3.0.12.jar:/opt/nifi/nifi-current/./lib/java11/jakarta.xml.bind-api-2.3.3.jar -Dorg.apache.jasper.compiler.disablejsr199=true -Xmx512m -Xms512m -Dcurator-log-only-first-connection-issue-as-error-level=true -Djavax.security.auth.useSubjectCredsOnly=true -Djava.security.egd=file:/dev/urandom -Dzookeeper.admin.enableServer=false -Dsun.net.http.allowRestrictedHeaders=true -Djava.net.preferIPv4Stack=true -Djava.awt.headless=true -Djava.protocol.handler.pkgs=sun.net.www.protocol -Dnifi.properties.file.path=/opt/nifi/nifi-current/./conf/nifi.properties -Dnifi.bootstrap.listen.port=35351 -Dapp=NiFi -Dorg.apache.nifi.bootstrap.config.log.dir=/opt/nifi/nifi-current/logs org.apache.nifi.NiFi 
2024-01-13 20:53:53,670 INFO [main] org.apache.nifi.bootstrap.Command Launched Apache NiFi with Process ID 92
2024-01-13 20:53:54,632 INFO [NiFi Bootstrap Command Listener] org.apache.nifi.bootstrap.RunNiFi Apache NiFi now running and listening for Bootstrap requests on port 40511
2024-01-13 21:56:22,450 INFO [main] o.a.n.b.NotificationServiceManager Successfully loaded the following 0 services: []
2024-01-13 21:56:22,453 INFO [main] org.apache.nifi.bootstrap.RunNiFi Registered no Notification Services for Notification Type NIFI_STARTED
2024-01-13 21:56:22,453 INFO [main] org.apache.nifi.bootstrap.RunNiFi Registered no Notification Services for Notification Type NIFI_STOPPED
2024-01-13 21:56:22,453 INFO [main] org.apache.nifi.bootstrap.RunNiFi Registered no Notification Services for Notification Type NIFI_DIED
2024-01-13 21:56:22,501 INFO [main] org.apache.nifi.bootstrap.Command Apache NiFi has accepted the Shutdown Command and is shutting down now
2024-01-13 21:56:22,611 INFO [main] org.apache.nifi.bootstrap.Command NiFi PID [92] shutdown in progress...
2024-01-13 21:56:24,613 INFO [main] org.apache.nifi.bootstrap.Command NiFi PID [92] shutdown in progress...
2024-01-13 21:56:26,616 INFO [main] org.apache.nifi.bootstrap.Command NiFi PID [92] shutdown in progress...
2024-01-13 21:56:28,618 INFO [main] org.apache.nifi.bootstrap.Command NiFi PID [92] shutdown in progress...
2024-01-13 21:56:30,621 INFO [main] org.apache.nifi.bootstrap.Command NiFi PID [92] shutdown in progress...
