2024-01-15 15:00:00,105 INFO [FileSystemRepository Workers Thread-1] o.a.n.c.repository.FileSystemRepository Successfully archived 3 Resource Claims for Container default in 0 millis
2024-01-15 15:00:17,372 INFO [Write-Ahead Local State Provider Maintenance] org.wali.MinimalLockingWriteAheadLog org.wali.MinimalLockingWriteAheadLog@2330861e checkpointed with 2 Records and 0 Swap Files in 3 milliseconds (Stop-the-world time = 0 milliseconds, Clear Edit Logs time = 0 millis), max Transaction ID 11
2024-01-15 15:00:19,414 INFO [Cleanup Archive for default] o.a.n.c.repository.FileSystemRepository Successfully deleted 0 files (0 bytes) from archive
2024-01-15 15:00:19,414 INFO [Cleanup Archive for default] o.a.n.c.repository.FileSystemRepository Archive cleanup completed for container default; will now allow writing to this container. Bytes used = 95.27 GB, bytes free = 911.58 GB, capacity = 1,006.85 GB
2024-01-15 15:00:19,558 INFO [pool-7-thread-1] o.a.n.c.r.WriteAheadFlowFileRepository Initiating checkpoint of FlowFile Repository
2024-01-15 15:00:19,563 INFO [pool-7-thread-1] o.a.n.wali.SequentialAccessWriteAheadLog Checkpointed Write-Ahead Log with 6 Records and 0 Swap Files in 3 milliseconds (Stop-the-world time = 1 milliseconds), max Transaction ID 10947
2024-01-15 15:00:19,563 INFO [pool-7-thread-1] o.a.n.c.r.WriteAheadFlowFileRepository Successfully checkpointed FlowFile Repository with 6 records in 4 milliseconds
2024-01-15 15:00:20,115 INFO [FileSystemRepository Workers Thread-1] o.a.n.c.repository.FileSystemRepository Successfully archived 11 Resource Claims for Container default in 1 millis
2024-01-15 15:00:39,563 INFO [pool-7-thread-1] o.a.n.c.r.WriteAheadFlowFileRepository Initiating checkpoint of FlowFile Repository
2024-01-15 15:00:39,567 INFO [pool-7-thread-1] o.a.n.wali.SequentialAccessWriteAheadLog Checkpointed Write-Ahead Log with 8 Records and 0 Swap Files in 3 milliseconds (Stop-the-world time = 1 milliseconds), max Transaction ID 10959
2024-01-15 15:00:39,568 INFO [pool-7-thread-1] o.a.n.c.r.WriteAheadFlowFileRepository Successfully checkpointed FlowFile Repository with 8 records in 3 milliseconds
2024-01-15 15:00:40,119 INFO [FileSystemRepository Workers Thread-3] o.a.n.c.repository.FileSystemRepository Successfully archived 3 Resource Claims for Container default in 0 millis
2024-01-15 15:00:59,568 INFO [pool-7-thread-1] o.a.n.c.r.WriteAheadFlowFileRepository Initiating checkpoint of FlowFile Repository
2024-01-15 15:00:59,572 INFO [pool-7-thread-1] o.a.n.wali.SequentialAccessWriteAheadLog Checkpointed Write-Ahead Log with 10 Records and 0 Swap Files in 3 milliseconds (Stop-the-world time = 0 milliseconds), max Transaction ID 10971
2024-01-15 15:00:59,573 INFO [pool-7-thread-1] o.a.n.c.r.WriteAheadFlowFileRepository Successfully checkpointed FlowFile Repository with 10 records in 3 milliseconds
2024-01-15 15:01:00,123 INFO [FileSystemRepository Workers Thread-1] o.a.n.c.repository.FileSystemRepository Successfully archived 3 Resource Claims for Container default in 0 millis
2024-01-15 15:01:19,427 INFO [Cleanup Archive for default] o.a.n.c.repository.FileSystemRepository Successfully deleted 0 files (0 bytes) from archive
2024-01-15 15:01:19,428 INFO [Cleanup Archive for default] o.a.n.c.repository.FileSystemRepository Archive cleanup completed for container default; will now allow writing to this container. Bytes used = 95.28 GB, bytes free = 911.58 GB, capacity = 1,006.85 GB
2024-01-15 15:01:19,573 INFO [pool-7-thread-1] o.a.n.c.r.WriteAheadFlowFileRepository Initiating checkpoint of FlowFile Repository
2024-01-15 15:01:19,576 INFO [pool-7-thread-1] o.a.n.wali.SequentialAccessWriteAheadLog Checkpointed Write-Ahead Log with 7 Records and 0 Swap Files in 3 milliseconds (Stop-the-world time = 0 milliseconds), max Transaction ID 10987
2024-01-15 15:01:19,577 INFO [pool-7-thread-1] o.a.n.c.r.WriteAheadFlowFileRepository Successfully checkpointed FlowFile Repository with 7 records in 3 milliseconds
2024-01-15 15:01:20,127 INFO [FileSystemRepository Workers Thread-1] o.a.n.c.repository.FileSystemRepository Successfully archived 10 Resource Claims for Container default in 1 millis
2024-01-15 15:01:39,577 INFO [pool-7-thread-1] o.a.n.c.r.WriteAheadFlowFileRepository Initiating checkpoint of FlowFile Repository
2024-01-15 15:01:39,582 INFO [pool-7-thread-1] o.a.n.wali.SequentialAccessWriteAheadLog Checkpointed Write-Ahead Log with 9 Records and 0 Swap Files in 3 milliseconds (Stop-the-world time = 1 milliseconds), max Transaction ID 10999
2024-01-15 15:01:39,582 INFO [pool-7-thread-1] o.a.n.c.r.WriteAheadFlowFileRepository Successfully checkpointed FlowFile Repository with 9 records in 4 milliseconds
2024-01-15 15:01:40,131 INFO [FileSystemRepository Workers Thread-2] o.a.n.c.repository.FileSystemRepository Successfully archived 3 Resource Claims for Container default in 0 millis
2024-01-15 15:01:59,582 INFO [pool-7-thread-1] o.a.n.c.r.WriteAheadFlowFileRepository Initiating checkpoint of FlowFile Repository
2024-01-15 15:01:59,587 INFO [pool-7-thread-1] o.a.n.wali.SequentialAccessWriteAheadLog Checkpointed Write-Ahead Log with 11 Records and 0 Swap Files in 3 milliseconds (Stop-the-world time = 1 milliseconds), max Transaction ID 11011
2024-01-15 15:01:59,587 INFO [pool-7-thread-1] o.a.n.c.r.WriteAheadFlowFileRepository Successfully checkpointed FlowFile Repository with 11 records in 3 milliseconds
2024-01-15 15:02:00,135 INFO [FileSystemRepository Workers Thread-3] o.a.n.c.repository.FileSystemRepository Successfully archived 3 Resource Claims for Container default in 0 millis
2024-01-15 15:02:17,376 INFO [Write-Ahead Local State Provider Maintenance] org.wali.MinimalLockingWriteAheadLog org.wali.MinimalLockingWriteAheadLog@2330861e checkpointed with 2 Records and 0 Swap Files in 3 milliseconds (Stop-the-world time = 0 milliseconds, Clear Edit Logs time = 0 millis), max Transaction ID 11
2024-01-15 15:02:19,440 INFO [Cleanup Archive for default] o.a.n.c.repository.FileSystemRepository Successfully deleted 0 files (0 bytes) from archive
2024-01-15 15:02:19,441 INFO [Cleanup Archive for default] o.a.n.c.repository.FileSystemRepository Archive cleanup completed for container default; will now allow writing to this container. Bytes used = 95.28 GB, bytes free = 911.57 GB, capacity = 1,006.85 GB
2024-01-15 15:02:19,587 INFO [pool-7-thread-1] o.a.n.c.r.WriteAheadFlowFileRepository Initiating checkpoint of FlowFile Repository
2024-01-15 15:02:19,591 INFO [pool-7-thread-1] o.a.n.wali.SequentialAccessWriteAheadLog Checkpointed Write-Ahead Log with 7 Records and 0 Swap Files in 3 milliseconds (Stop-the-world time = 1 milliseconds), max Transaction ID 11027
2024-01-15 15:02:19,592 INFO [pool-7-thread-1] o.a.n.c.r.WriteAheadFlowFileRepository Successfully checkpointed FlowFile Repository with 7 records in 4 milliseconds
2024-01-15 15:02:20,139 INFO [FileSystemRepository Workers Thread-3] o.a.n.c.repository.FileSystemRepository Successfully archived 11 Resource Claims for Container default in 1 millis
2024-01-15 15:02:39,592 INFO [pool-7-thread-1] o.a.n.c.r.WriteAheadFlowFileRepository Initiating checkpoint of FlowFile Repository
2024-01-15 15:02:39,597 INFO [pool-7-thread-1] o.a.n.wali.SequentialAccessWriteAheadLog Checkpointed Write-Ahead Log with 9 Records and 0 Swap Files in 3 milliseconds (Stop-the-world time = 1 milliseconds), max Transaction ID 11039
2024-01-15 15:02:39,597 INFO [pool-7-thread-1] o.a.n.c.r.WriteAheadFlowFileRepository Successfully checkpointed FlowFile Repository with 9 records in 4 milliseconds
2024-01-15 15:02:40,143 INFO [FileSystemRepository Workers Thread-1] o.a.n.c.repository.FileSystemRepository Successfully archived 3 Resource Claims for Container default in 0 millis
2024-01-15 15:02:59,598 INFO [pool-7-thread-1] o.a.n.c.r.WriteAheadFlowFileRepository Initiating checkpoint of FlowFile Repository
2024-01-15 15:02:59,601 INFO [pool-7-thread-1] o.a.n.wali.SequentialAccessWriteAheadLog Checkpointed Write-Ahead Log with 11 Records and 0 Swap Files in 2 milliseconds (Stop-the-world time = 0 milliseconds), max Transaction ID 11051
2024-01-15 15:02:59,601 INFO [pool-7-thread-1] o.a.n.c.r.WriteAheadFlowFileRepository Successfully checkpointed FlowFile Repository with 11 records in 2 milliseconds
2024-01-15 15:03:00,147 INFO [FileSystemRepository Workers Thread-2] o.a.n.c.repository.FileSystemRepository Successfully archived 3 Resource Claims for Container default in 0 millis
2024-01-15 15:03:19,456 INFO [Cleanup Archive for default] o.a.n.c.repository.FileSystemRepository Successfully deleted 0 files (0 bytes) from archive
2024-01-15 15:03:19,456 INFO [Cleanup Archive for default] o.a.n.c.repository.FileSystemRepository Archive cleanup completed for container default; will now allow writing to this container. Bytes used = 95.15 GB, bytes free = 911.7 GB, capacity = 1,006.85 GB
2024-01-15 15:03:19,601 INFO [pool-7-thread-1] o.a.n.c.r.WriteAheadFlowFileRepository Initiating checkpoint of FlowFile Repository
2024-01-15 15:03:19,606 INFO [pool-7-thread-1] o.a.n.wali.SequentialAccessWriteAheadLog Checkpointed Write-Ahead Log with 7 Records and 0 Swap Files in 3 milliseconds (Stop-the-world time = 1 milliseconds), max Transaction ID 11067
2024-01-15 15:03:19,606 INFO [pool-7-thread-1] o.a.n.c.r.WriteAheadFlowFileRepository Successfully checkpointed FlowFile Repository with 7 records in 4 milliseconds
2024-01-15 15:03:20,150 INFO [FileSystemRepository Workers Thread-2] o.a.n.c.repository.FileSystemRepository Successfully archived 11 Resource Claims for Container default in 0 millis
2024-01-15 15:03:39,606 INFO [pool-7-thread-1] o.a.n.c.r.WriteAheadFlowFileRepository Initiating checkpoint of FlowFile Repository
2024-01-15 15:03:39,610 INFO [pool-7-thread-1] o.a.n.wali.SequentialAccessWriteAheadLog Checkpointed Write-Ahead Log with 9 Records and 0 Swap Files in 2 milliseconds (Stop-the-world time = 0 milliseconds), max Transaction ID 11079
2024-01-15 15:03:39,610 INFO [pool-7-thread-1] o.a.n.c.r.WriteAheadFlowFileRepository Successfully checkpointed FlowFile Repository with 9 records in 3 milliseconds
2024-01-15 15:03:40,154 INFO [FileSystemRepository Workers Thread-3] o.a.n.c.repository.FileSystemRepository Successfully archived 3 Resource Claims for Container default in 0 millis
2024-01-15 15:03:50,295 WARN [kafka-producer-network-thread | producer-4e494f94-6ea6-4e48-a0d0-2cd3d9629a8e] org.apache.kafka.clients.NetworkClient [Producer clientId=producer-4e494f94-6ea6-4e48-a0d0-2cd3d9629a8e, transactionalId=4e494f94-6ea6-4e48-a0d0-2cd3d9629a8e] Connection to node 0 (/10.0.0.10:9092) could not be established. Broker may not be available.
2024-01-15 15:03:50,396 WARN [kafka-producer-network-thread | producer-4e494f94-6ea6-4e48-a0d0-2cd3d9629a8e] org.apache.kafka.clients.NetworkClient [Producer clientId=producer-4e494f94-6ea6-4e48-a0d0-2cd3d9629a8e, transactionalId=4e494f94-6ea6-4e48-a0d0-2cd3d9629a8e] Connection to node 0 (/10.0.0.10:9092) could not be established. Broker may not be available.
2024-01-15 15:03:50,496 WARN [kafka-producer-network-thread | producer-4e494f94-6ea6-4e48-a0d0-2cd3d9629a8e] org.apache.kafka.clients.NetworkClient [Producer clientId=producer-4e494f94-6ea6-4e48-a0d0-2cd3d9629a8e, transactionalId=4e494f94-6ea6-4e48-a0d0-2cd3d9629a8e] Connection to node 1 (/10.0.0.11:9092) could not be established. Broker may not be available.
2024-01-15 15:03:50,596 WARN [kafka-producer-network-thread | producer-4e494f94-6ea6-4e48-a0d0-2cd3d9629a8e] org.apache.kafka.clients.NetworkClient [Producer clientId=producer-4e494f94-6ea6-4e48-a0d0-2cd3d9629a8e, transactionalId=4e494f94-6ea6-4e48-a0d0-2cd3d9629a8e] Connection to node 0 (/10.0.0.10:9092) could not be established. Broker may not be available.
2024-01-15 15:03:50,697 WARN [kafka-producer-network-thread | producer-4e494f94-6ea6-4e48-a0d0-2cd3d9629a8e] org.apache.kafka.clients.NetworkClient [Producer clientId=producer-4e494f94-6ea6-4e48-a0d0-2cd3d9629a8e, transactionalId=4e494f94-6ea6-4e48-a0d0-2cd3d9629a8e] Connection to node 1 (/10.0.0.11:9092) could not be established. Broker may not be available.
2024-01-15 15:03:50,798 WARN [kafka-producer-network-thread | producer-4e494f94-6ea6-4e48-a0d0-2cd3d9629a8e] org.apache.kafka.clients.NetworkClient [Producer clientId=producer-4e494f94-6ea6-4e48-a0d0-2cd3d9629a8e, transactionalId=4e494f94-6ea6-4e48-a0d0-2cd3d9629a8e] Connection to node 0 (/10.0.0.10:9092) could not be established. Broker may not be available.
2024-01-15 15:03:50,899 WARN [kafka-producer-network-thread | producer-4e494f94-6ea6-4e48-a0d0-2cd3d9629a8e] org.apache.kafka.clients.NetworkClient [Producer clientId=producer-4e494f94-6ea6-4e48-a0d0-2cd3d9629a8e, transactionalId=4e494f94-6ea6-4e48-a0d0-2cd3d9629a8e] Connection to node 1 (/10.0.0.11:9092) could not be established. Broker may not be available.
2024-01-15 15:03:51,251 WARN [kafka-producer-network-thread | producer-4e494f94-6ea6-4e48-a0d0-2cd3d9629a8e] org.apache.kafka.clients.NetworkClient [Producer clientId=producer-4e494f94-6ea6-4e48-a0d0-2cd3d9629a8e, transactionalId=4e494f94-6ea6-4e48-a0d0-2cd3d9629a8e] Connection to node 0 (/10.0.0.10:9092) could not be established. Broker may not be available.
2024-01-15 15:03:51,352 WARN [kafka-producer-network-thread | producer-4e494f94-6ea6-4e48-a0d0-2cd3d9629a8e] org.apache.kafka.clients.NetworkClient [Producer clientId=producer-4e494f94-6ea6-4e48-a0d0-2cd3d9629a8e, transactionalId=4e494f94-6ea6-4e48-a0d0-2cd3d9629a8e] Connection to node 1 (/10.0.0.11:9092) could not be established. Broker may not be available.
2024-01-15 15:03:52,609 WARN [kafka-producer-network-thread | producer-4e494f94-6ea6-4e48-a0d0-2cd3d9629a8e] org.apache.kafka.clients.NetworkClient [Producer clientId=producer-4e494f94-6ea6-4e48-a0d0-2cd3d9629a8e, transactionalId=4e494f94-6ea6-4e48-a0d0-2cd3d9629a8e] Connection to node 1 (/10.0.0.11:9092) could not be established. Broker may not be available.
2024-01-15 15:03:58,029 INFO [pool-2-thread-2] org.apache.nifi.BootstrapListener Received SHUTDOWN request from Bootstrap
2024-01-15 15:03:58,030 INFO [pool-2-thread-2] org.apache.nifi.NiFi Application Server shutdown started
2024-01-15 15:03:58,045 INFO [pool-2-thread-2] o.eclipse.jetty.server.AbstractConnector Stopped ServerConnector@7b5c9412{HTTP/1.1, (http/1.1)}{nifi:8080}
2024-01-15 15:03:58,046 INFO [pool-2-thread-2] org.eclipse.jetty.server.session node0 Stopped scavenging
